#
# There is insufficient memory for the Java Runtime Environment to continue.
# Native memory allocation (mmap) failed to map 4194304 bytes for G1 virtual space
# Possible reasons:
#   The system is out of physical RAM or swap space
#   The process is running with CompressedOops enabled, and the Java Heap may be blocking the growth of the native heap
# Possible solutions:
#   Reduce memory load on the system
#   Increase physical memory or swap space
#   Check if swap backing store is full
#   Decrease Java heap size (-Xmx/-Xms)
#   Decrease number of Java threads
#   Decrease Java thread stack sizes (-Xss)
#   Set larger code cache with -XX:ReservedCodeCacheSize=
#   JVM is running with Zero Based Compressed Oops mode in which the Java heap is
#     placed in the first 32GB address space. The Java Heap base address is the
#     maximum limit for the native heap growth. Please use -XX:HeapBaseMinAddress
#     to set the Java Heap base and to place the Java Heap above 32GB virtual address.
# This output file may be truncated or incomplete.
#
#  Out of Memory Error (./open/src/hotspot/os/windows/os_windows.cpp:3321), pid=21612, tid=21716
#
# JRE version: OpenJDK Runtime Environment (15.0.2+7) (build 15.0.2+7-27)
# Java VM: OpenJDK 64-Bit Server VM (15.0.2+7-27, mixed mode, tiered, compressed oops, g1 gc, windows-amd64)
# No core dump will be written. Minidumps are not enabled by default on client versions of Windows
#

---------------  S U M M A R Y ------------

Command Line: -ea -Dfile.encoding=Cp1252 -XX:+ShowCodeDetailsInExceptionMessages org.eclipse.jdt.internal.junit.runner.RemoteTestRunner -version 3 -port 59904 -testLoaderClass org.eclipse.jdt.internal.junit5.runner.JUnit5TestLoader -loaderpluginname org.eclipse.jdt.junit5.runtime -classNames Testing.GameListTest

Host: AMD Ryzen 7 3800X 8-Core Processor             , 16 cores, 31G,  Windows 10 , 64 bit Build 19041 (10.0.19041.928)
Time: Sun May 30 00:10:40 2021 Cen. Australia Standard Time elapsed time: 7302.183848 seconds (0d 2h 1m 42s)

---------------  T H R E A D  ---------------

Current thread (0x0000021ec82cda00):  JavaThread "main" [_thread_in_vm, id=21716, stack(0x000000f8d3c00000,0x000000f8d3d00000)]

Stack: [0x000000f8d3c00000,0x000000f8d3d00000]
Native frames: (J=compiled Java code, j=interpreted, Vv=VM code, C=native code)
V  [jvm.dll+0x62ae9a]
V  [jvm.dll+0x7817a9]
V  [jvm.dll+0x782f03]
V  [jvm.dll+0x783563]
V  [jvm.dll+0x216325]
V  [jvm.dll+0x6281d9]
V  [jvm.dll+0x61cf55]
V  [jvm.dll+0x2cffdd]
V  [jvm.dll+0x2cfe42]
V  [jvm.dll+0x2d5e1c]
V  [jvm.dll+0x32590a]
V  [jvm.dll+0x325071]
V  [jvm.dll+0x324cf1]
V  [jvm.dll+0x2a76ee]
V  [jvm.dll+0x2a2d9f]
V  [jvm.dll+0x5bd193]
V  [jvm.dll+0x1e4a55]
V  [jvm.dll+0x75b8c6]
V  [jvm.dll+0x687c3e]
C  0x0000021ecd5be8a9

Java frames: (J=compiled Java code, j=interpreted, Vv=VM code)
v  ~RuntimeStub::_new_array_Java
J 1762 c2 java.lang.AbstractStringBuilder.<init>(Ljava/lang/String;)V java.base@15.0.2 (63 bytes) @ 0x0000021ed50f5014 [0x0000021ed50f4a40+0x00000000000005d4]
J 1802% c2 Database.GameList.toString()Ljava/lang/String; (88 bytes) @ 0x0000021ed511abe8 [0x0000021ed511a860+0x0000000000000388]
j  Testing.GameListTest.toStringTest()V+58
v  ~StubRoutines::call_stub
j  jdk.internal.reflect.NativeMethodAccessorImpl.invoke0(Ljava/lang/reflect/Method;Ljava/lang/Object;[Ljava/lang/Object;)Ljava/lang/Object;+0 java.base@15.0.2
j  jdk.internal.reflect.NativeMethodAccessorImpl.invoke(Ljava/lang/Object;[Ljava/lang/Object;)Ljava/lang/Object;+113 java.base@15.0.2
j  jdk.internal.reflect.DelegatingMethodAccessorImpl.invoke(Ljava/lang/Object;[Ljava/lang/Object;)Ljava/lang/Object;+6 java.base@15.0.2
j  java.lang.reflect.Method.invoke(Ljava/lang/Object;[Ljava/lang/Object;)Ljava/lang/Object;+59 java.base@15.0.2
j  org.junit.runners.model.FrameworkMethod$1.runReflectiveCall()Ljava/lang/Object;+15
j  org.junit.internal.runners.model.ReflectiveCallable.run()Ljava/lang/Object;+1
j  org.junit.runners.model.FrameworkMethod.invokeExplosively(Ljava/lang/Object;[Ljava/lang/Object;)Ljava/lang/Object;+10
j  org.junit.internal.runners.statements.InvokeMethod.evaluate()V+12
j  org.junit.internal.runners.statements.RunBefores.evaluate()V+41
j  org.junit.rules.TestWatcher$1.evaluate()V+24
j  org.junit.runners.ParentRunner$3.evaluate()V+4
j  org.junit.runners.BlockJUnit4ClassRunner$1.evaluate()V+11
j  org.junit.runners.ParentRunner.runLeaf(Lorg/junit/runners/model/Statement;Lorg/junit/runner/Description;Lorg/junit/runner/notification/RunNotifier;)V+17
j  org.junit.runners.BlockJUnit4ClassRunner.runChild(Lorg/junit/runners/model/FrameworkMethod;Lorg/junit/runner/notification/RunNotifier;)V+38
j  org.junit.runners.BlockJUnit4ClassRunner.runChild(Ljava/lang/Object;Lorg/junit/runner/notification/RunNotifier;)V+6
j  org.junit.runners.ParentRunner$4.run()V+12
j  org.junit.runners.ParentRunner$1.schedule(Ljava/lang/Runnable;)V+1
j  org.junit.runners.ParentRunner.runChildren(Lorg/junit/runner/notification/RunNotifier;)V+44
j  org.junit.runners.ParentRunner.access$100(Lorg/junit/runners/ParentRunner;Lorg/junit/runner/notification/RunNotifier;)V+2
j  org.junit.runners.ParentRunner$2.evaluate()V+8
j  org.junit.runners.ParentRunner$3.evaluate()V+4
j  org.junit.runners.ParentRunner.run(Lorg/junit/runner/notification/RunNotifier;)V+24
j  org.junit.runner.JUnitCore.run(Lorg/junit/runner/Runner;)Lorg/junit/runner/Result;+37
j  org.junit.runner.JUnitCore.run(Lorg/junit/runner/Request;)Lorg/junit/runner/Result;+5
j  org.junit.vintage.engine.execution.RunnerExecutor.execute(Lorg/junit/vintage/engine/descriptor/RunnerTestDescriptor;)V+42
j  org.junit.vintage.engine.VintageTestEngine$$Lambda$230+0x0000000800162928.accept(Ljava/lang/Object;)V+8
j  java.util.stream.ForEachOps$ForEachOp$OfRef.accept(Ljava/lang/Object;)V+5 java.base@15.0.2
j  java.util.stream.ReferencePipeline$3$1.accept(Ljava/lang/Object;)V+17 java.base@15.0.2
j  java.util.Iterator.forEachRemaining(Ljava/util/function/Consumer;)V+21 java.base@15.0.2
j  java.util.Spliterators$IteratorSpliterator.forEachRemaining(Ljava/util/function/Consumer;)V+52 java.base@15.0.2
j  java.util.stream.AbstractPipeline.copyInto(Ljava/util/stream/Sink;Ljava/util/Spliterator;)V+32 java.base@15.0.2
j  java.util.stream.AbstractPipeline.wrapAndCopyInto(Ljava/util/stream/Sink;Ljava/util/Spliterator;)Ljava/util/stream/Sink;+13 java.base@15.0.2
j  java.util.stream.ForEachOps$ForEachOp.evaluateSequential(Ljava/util/stream/PipelineHelper;Ljava/util/Spliterator;)Ljava/lang/Void;+3 java.base@15.0.2
j  java.util.stream.ForEachOps$ForEachOp$OfRef.evaluateSequential(Ljava/util/stream/PipelineHelper;Ljava/util/Spliterator;)Ljava/lang/Object;+3 java.base@15.0.2
j  java.util.stream.AbstractPipeline.evaluate(Ljava/util/stream/TerminalOp;)Ljava/lang/Object;+88 java.base@15.0.2
j  java.util.stream.ReferencePipeline.forEach(Ljava/util/function/Consumer;)V+6 java.base@15.0.2
j  org.junit.vintage.engine.VintageTestEngine.executeAllChildren(Lorg/junit/vintage/engine/execution/RunnerExecutor;Lorg/junit/platform/engine/TestDescriptor;)V+39
j  org.junit.vintage.engine.VintageTestEngine.execute(Lorg/junit/platform/engine/ExecutionRequest;)V+38
j  org.junit.platform.launcher.core.EngineExecutionOrchestrator.execute(Lorg/junit/platform/engine/TestDescriptor;Lorg/junit/platform/engine/EngineExecutionListener;Lorg/junit/platform/engine/ConfigurationParameters;Lorg/junit/platform/engine/TestEngine;)V+24
j  org.junit.platform.launcher.core.EngineExecutionOrchestrator.execute(Lorg/junit/platform/launcher/core/LauncherDiscoveryResult;Lorg/junit/platform/engine/EngineExecutionListener;)V+86
j  org.junit.platform.launcher.core.EngineExecutionOrchestrator.lambda$execute$0(Lorg/junit/platform/launcher/core/InternalTestPlan;Lorg/junit/platform/launcher/core/LauncherDiscoveryResult;Lorg/junit/platform/launcher/TestExecutionListener;)V+18
j  org.junit.platform.launcher.core.EngineExecutionOrchestrator$$Lambda$180+0x0000000800151430.accept(Ljava/lang/Object;)V+16
j  org.junit.platform.launcher.core.EngineExecutionOrchestrator.withInterceptedStreams(Lorg/junit/platform/engine/ConfigurationParameters;Lorg/junit/platform/launcher/core/TestExecutionListenerRegistry;Ljava/util/function/Consumer;)V+43
j  org.junit.platform.launcher.core.EngineExecutionOrchestrator.execute(Lorg/junit/platform/launcher/core/InternalTestPlan;[Lorg/junit/platform/launcher/TestExecutionListener;)V+35
j  org.junit.platform.launcher.core.DefaultLauncher.execute(Lorg/junit/platform/launcher/core/InternalTestPlan;[Lorg/junit/platform/launcher/TestExecutionListener;)V+6
j  org.junit.platform.launcher.core.DefaultLauncher.execute(Lorg/junit/platform/launcher/TestPlan;[Lorg/junit/platform/launcher/TestExecutionListener;)V+36
j  org.eclipse.jdt.internal.junit5.runner.JUnit5TestReference.run(Lorg/eclipse/jdt/internal/junit/runner/TestExecution;)V+69
j  org.eclipse.jdt.internal.junit.runner.TestExecution.run([Lorg/eclipse/jdt/internal/junit/runner/ITestReference;)V+27
j  org.eclipse.jdt.internal.junit.runner.RemoteTestRunner.runTests([Ljava/lang/String;Ljava/lang/String;Lorg/eclipse/jdt/internal/junit/runner/TestExecution;)V+62
j  org.eclipse.jdt.internal.junit.runner.RemoteTestRunner.runTests(Lorg/eclipse/jdt/internal/junit/runner/TestExecution;)V+10
j  org.eclipse.jdt.internal.junit.runner.RemoteTestRunner.run()V+70
j  org.eclipse.jdt.internal.junit.runner.RemoteTestRunner.main([Ljava/lang/String;)V+14
v  ~StubRoutines::call_stub

---------------  P R O C E S S  ---------------

Threads class SMR info:
_java_thread_list=0x0000021ef4430a60, length=11, elements={
0x0000021ec82cda00, 0x0000021ef3d54420, 0x0000021ef3d54ce0, 0x0000021ef3d3d230,
0x0000021ef3d3fc00, 0x0000021ef3d404c0, 0x0000021ef3d81130, 0x0000021ef3d81a30,
0x0000021ef3d92af0, 0x0000021ef3f50290, 0x0000021ef3f66c10
}

Java Threads: ( => current thread )
=>0x0000021ec82cda00 JavaThread "main" [_thread_in_vm, id=21716, stack(0x000000f8d3c00000,0x000000f8d3d00000)]
  0x0000021ef3d54420 JavaThread "Reference Handler" daemon [_thread_blocked, id=16592, stack(0x000000f8d4300000,0x000000f8d4400000)]
  0x0000021ef3d54ce0 JavaThread "Finalizer" daemon [_thread_blocked, id=25752, stack(0x000000f8d4400000,0x000000f8d4500000)]
  0x0000021ef3d3d230 JavaThread "Signal Dispatcher" daemon [_thread_blocked, id=6884, stack(0x000000f8d4500000,0x000000f8d4600000)]
  0x0000021ef3d3fc00 JavaThread "Attach Listener" daemon [_thread_blocked, id=24492, stack(0x000000f8d4600000,0x000000f8d4700000)]
  0x0000021ef3d404c0 JavaThread "Service Thread" daemon [_thread_blocked, id=16820, stack(0x000000f8d4700000,0x000000f8d4800000)]
  0x0000021ef3d81130 JavaThread "C2 CompilerThread0" daemon [_thread_blocked, id=13444, stack(0x000000f8d4800000,0x000000f8d4900000)]
  0x0000021ef3d81a30 JavaThread "C1 CompilerThread0" daemon [_thread_blocked, id=7456, stack(0x000000f8d4900000,0x000000f8d4a00000)]
  0x0000021ef3d92af0 JavaThread "Sweeper thread" daemon [_thread_blocked, id=17832, stack(0x000000f8d4a00000,0x000000f8d4b00000)]
  0x0000021ef3f50290 JavaThread "Notification Thread" daemon [_thread_blocked, id=17216, stack(0x000000f8d4d00000,0x000000f8d4e00000)]
  0x0000021ef3f66c10 JavaThread "Common-Cleaner" daemon [_thread_blocked, id=14984, stack(0x000000f8d4f00000,0x000000f8d5000000)]

Other Threads:
  0x0000021ef348ea40 VMThread "VM Thread" [stack: 0x000000f8d4200000,0x000000f8d4300000] [id=23028]
  0x0000021ef3f21ef0 WatcherThread [stack: 0x000000f8d4e00000,0x000000f8d4f00000] [id=2700]
  0x0000021ec8346430 GCTaskThread "GC Thread#0" [stack: 0x000000f8d3d00000,0x000000f8d3e00000] [id=17880]
  0x0000021ef3f19490 GCTaskThread "GC Thread#1" [stack: 0x000000f8d5100000,0x000000f8d5200000] [id=7988]
  0x0000021ef3f1bad0 GCTaskThread "GC Thread#2" [stack: 0x000000f8d5200000,0x000000f8d5300000] [id=26636]
  0x0000021ef4506090 GCTaskThread "GC Thread#3" [stack: 0x000000f8d5300000,0x000000f8d5400000] [id=27016]
  0x0000021ef45043e0 GCTaskThread "GC Thread#4" [stack: 0x000000f8d5400000,0x000000f8d5500000] [id=18032]
  0x0000021ef4507a10 GCTaskThread "GC Thread#5" [stack: 0x000000f8d5500000,0x000000f8d5600000] [id=14840]
  0x0000021ef45063c0 GCTaskThread "GC Thread#6" [stack: 0x000000f8d5600000,0x000000f8d5700000] [id=6644]
  0x0000021ef45073b0 GCTaskThread "GC Thread#7" [stack: 0x000000f8d5700000,0x000000f8d5800000] [id=23176]
  0x0000021ef4504710 GCTaskThread "GC Thread#8" [stack: 0x000000f8d5800000,0x000000f8d5900000] [id=3716]
  0x0000021ef45076e0 GCTaskThread "GC Thread#9" [stack: 0x000000f8d5900000,0x000000f8d5a00000] [id=25504]
  0x0000021ef4504d70 GCTaskThread "GC Thread#10" [stack: 0x000000f8d5a00000,0x000000f8d5b00000] [id=25904]
  0x0000021ef4507d40 GCTaskThread "GC Thread#11" [stack: 0x000000f8d5b00000,0x000000f8d5c00000] [id=13192]
  0x0000021ef4504a40 GCTaskThread "GC Thread#12" [stack: 0x000000f8d4c00000,0x000000f8d4d00000] [id=22832]
  0x0000021ec8357410 ConcurrentGCThread "G1 Main Marker" [stack: 0x000000f8d3e00000,0x000000f8d3f00000] [id=22804]
  0x0000021ec83586b0 ConcurrentGCThread "G1 Conc#0" [stack: 0x000000f8d3f00000,0x000000f8d4000000] [id=15816]
  0x0000021ef45050a0 ConcurrentGCThread "G1 Conc#1" [stack: 0x000000f8d5d00000,0x000000f8d5e00000] [id=14556]
  0x0000021ef45053d0 ConcurrentGCThread "G1 Conc#2" [stack: 0x000000f8d5e00000,0x000000f8d5f00000] [id=25136]
  0x0000021ef333b1e0 ConcurrentGCThread "G1 Refine#0" [stack: 0x000000f8d4000000,0x000000f8d4100000] [id=26788]
  0x0000021ef333bbf0 ConcurrentGCThread "G1 Young RemSet Sampling" [stack: 0x000000f8d4100000,0x000000f8d4200000] [id=20528]

Threads with active compile tasks:

VM state: not at safepoint (normal execution)

VM Mutex/Monitor currently owned by a thread:  ([mutex/lock_event])
[0x0000021ec82c8330] Heap_lock - owner thread: 0x0000021ec82cda00

Heap address: 0x0000000601000000, size: 8176 MB, Compressed Oops mode: Zero based, Oop shift amount: 3
CDS disabled.
Compressed class space mapped at: 0x0000000800000000-0x0000000840000000, size: 1073741824
Narrow klass base: 0x0000000800000000, Narrow klass shift: 0, Narrow klass range: 0x40000000

GC Precious Log:
 CPUs: 16 total, 16 available
 Memory: 32699M
 Large Page Support: Disabled
 NUMA Support: Disabled
 Compressed Oops: Enabled (Zero based)
 Heap Region Size: 4M
 Heap Min Capacity: 8M
 Heap Initial Capacity: 512M
 Heap Max Capacity: 8176M
 Pre-touch: Disabled
 Parallel Workers: 13
 Concurrent Workers: 3
 Concurrent Refinement Workers: 13
 Periodic GC: Disabled

Heap:
 garbage-first heap   total 155648K, used 126737K [0x0000000601000000, 0x0000000800000000)
  region size 4096K, 2 young (8192K), 1 survivors (4096K)
 Metaspace       used 15522K, capacity 15697K, committed 16000K, reserved 1062912K
  class space    used 1493K, capacity 1560K, committed 1664K, reserved 1048576K

Heap Regions: E=young(eden), S=young(survivor), O=old, HS=humongous(starts), HC=humongous(continues), CS=collection set, F=free, OA=open archive, CA=closed archive, TAMS=top-at-mark-start (previous, next)
|   0|0x0000000601000000, 0x00000006013c2800, 0x0000000601400000| 93%| O|  |TAMS 0x00000006013c2800, 0x0000000601000000| Untracked 
|   1|0x0000000601400000, 0x0000000601800000, 0x0000000601800000|100%|HS|  |TAMS 0x0000000601400000, 0x0000000601400000| Complete 
|   2|0x0000000601800000, 0x0000000601c00000, 0x0000000601c00000|100%|HC|  |TAMS 0x0000000601800000, 0x0000000601800000| Complete 
|   3|0x0000000601c00000, 0x0000000602000000, 0x0000000602000000|100%|HC|  |TAMS 0x0000000601c00000, 0x0000000601c00000| Complete 
|   4|0x0000000602000000, 0x0000000602400000, 0x0000000602400000|100%|HS|  |TAMS 0x0000000602000000, 0x0000000602000000| Complete 
|   5|0x0000000602400000, 0x0000000602800000, 0x0000000602800000|100%|HC|  |TAMS 0x0000000602400000, 0x0000000602400000| Complete 
|   6|0x0000000602800000, 0x0000000602c00000, 0x0000000602c00000|100%|HC|  |TAMS 0x0000000602800000, 0x0000000602800000| Complete 
|   7|0x0000000602c00000, 0x0000000603000000, 0x0000000603000000|100%|HS|  |TAMS 0x0000000602c00000, 0x0000000602c00000| Complete 
|   8|0x0000000603000000, 0x0000000603400000, 0x0000000603400000|100%|HC|  |TAMS 0x0000000603000000, 0x0000000603000000| Complete 
|   9|0x0000000603400000, 0x0000000603800000, 0x0000000603800000|100%|HC|  |TAMS 0x0000000603400000, 0x0000000603400000| Complete 
|  10|0x0000000603800000, 0x0000000603c00000, 0x0000000603c00000|100%|HC|  |TAMS 0x0000000603800000, 0x0000000603800000| Complete 
|  11|0x0000000603c00000, 0x0000000604000000, 0x0000000604000000|100%|HC|  |TAMS 0x0000000603c00000, 0x0000000603c00000| Complete 
|  12|0x0000000604000000, 0x0000000604400000, 0x0000000604400000|100%|HS|  |TAMS 0x0000000604000000, 0x0000000604000000| Complete 
|  13|0x0000000604400000, 0x0000000604800000, 0x0000000604800000|100%|HC|  |TAMS 0x0000000604400000, 0x0000000604400000| Complete 
|  14|0x0000000604800000, 0x0000000604c00000, 0x0000000604c00000|100%|HC|  |TAMS 0x0000000604800000, 0x0000000604800000| Complete 
|  15|0x0000000604c00000, 0x0000000604c01400, 0x0000000605000000|  0%| O|  |TAMS 0x0000000604c01400, 0x0000000604c00000| Untracked 
|  16|0x0000000605000000, 0x0000000605400000, 0x0000000605400000|100%|HS|  |TAMS 0x0000000605400000, 0x0000000605000000| Complete 
|  17|0x0000000605400000, 0x0000000605800000, 0x0000000605800000|100%|HC|  |TAMS 0x0000000605800000, 0x0000000605400000| Complete 
|  18|0x0000000605800000, 0x0000000605c00000, 0x0000000605c00000|100%|HC|  |TAMS 0x0000000605c00000, 0x0000000605800000| Complete 
|  19|0x0000000605c00000, 0x0000000606000000, 0x0000000606000000|100%|HC|  |TAMS 0x0000000606000000, 0x0000000605c00000| Complete 
|  20|0x0000000606000000, 0x0000000606400000, 0x0000000606400000|100%|HC|  |TAMS 0x0000000606400000, 0x0000000606000000| Complete 
|  21|0x0000000606400000, 0x0000000606800000, 0x0000000606800000|100%|HS|  |TAMS 0x0000000606400000, 0x0000000606400000| Complete 
|  22|0x0000000606800000, 0x0000000606c00000, 0x0000000606c00000|100%|HC|  |TAMS 0x0000000606800000, 0x0000000606800000| Complete 
|  23|0x0000000606c00000, 0x0000000607000000, 0x0000000607000000|100%|HC|  |TAMS 0x0000000606c00000, 0x0000000606c00000| Complete 
|  24|0x0000000607000000, 0x0000000607400000, 0x0000000607400000|100%|HS|  |TAMS 0x0000000607000000, 0x0000000607000000| Complete 
|  25|0x0000000607400000, 0x0000000607800000, 0x0000000607800000|100%|HC|  |TAMS 0x0000000607400000, 0x0000000607400000| Complete 
|  26|0x0000000607800000, 0x0000000607c00000, 0x0000000607c00000|100%|HC|  |TAMS 0x0000000607800000, 0x0000000607800000| Complete 
|  27|0x0000000607c00000, 0x0000000608000000, 0x0000000608000000|100%|HC|  |TAMS 0x0000000607c00000, 0x0000000607c00000| Complete 
|  28|0x0000000608000000, 0x0000000608400000, 0x0000000608400000|100%|HC|  |TAMS 0x0000000608000000, 0x0000000608000000| Complete 
|  29|0x0000000608400000, 0x0000000608800000, 0x0000000608800000|100%|HS|  |TAMS 0x0000000608400000, 0x0000000608400000| Complete 
|  30|0x0000000608800000, 0x0000000608c00000, 0x0000000608c00000|100%|HC|  |TAMS 0x0000000608800000, 0x0000000608800000| Complete 
|  31|0x0000000608c00000, 0x0000000609000000, 0x0000000609000000|100%|HC|  |TAMS 0x0000000608c00000, 0x0000000608c00000| Complete 
|  32|0x0000000609000000, 0x0000000609000000, 0x0000000609400000|  0%| F|  |TAMS 0x0000000609000000, 0x0000000609000000| Untracked 
|  35|0x0000000609c00000, 0x0000000609c00000, 0x000000060a000000|  0%| F|  |TAMS 0x0000000609c00000, 0x0000000609c00000| Untracked 
|  36|0x000000060a000000, 0x000000060a000000, 0x000000060a400000|  0%| F|  |TAMS 0x000000060a000000, 0x000000060a000000| Untracked 
|  37|0x000000060a400000, 0x000000060a400810, 0x000000060a800000|  0%| S|CS|TAMS 0x000000060a400000, 0x000000060a400000| Complete 
|  75|0x0000000613c00000, 0x0000000613dae158, 0x0000000614000000| 42%| E|  |TAMS 0x0000000613c00000, 0x0000000613c00000| Complete 

Card table byte_map: [0x0000021ede470000,0x0000021edf470000] _byte_map_base: 0x0000021edb468000

Marking Bits (Prev, Next): (CMBitMap*) 0x0000021ec8346b30, (CMBitMap*) 0x0000021ec8346b70
 Prev Bits: [0x0000021ee0470000, 0x0000021ee8430000)
 Next Bits: [0x0000021ee8430000, 0x0000021ef03f0000)

Polling page: 0x0000021ec79e0000

Metaspace:

Usage:
  Non-class:     13.81 MB capacity,    13.70 MB (>99%) used,    92.57 KB ( <1%) free+waste,    14.88 KB ( <1%) overhead. 
      Class:      1.52 MB capacity,     1.46 MB ( 96%) used,    61.58 KB (  4%) free+waste,     5.12 KB ( <1%) overhead. 
       Both:     15.33 MB capacity,    15.16 MB ( 99%) used,   154.15 KB ( <1%) free+waste,    20.00 KB ( <1%) overhead. 

Virtual space:
  Non-class space:       14.00 MB reserved,      14.00 MB (100%) committed 
      Class space:        1.00 GB reserved,       1.62 MB ( <1%) committed 
             Both:        1.01 GB reserved,      15.62 MB (  2%) committed 

Chunk freelists:
   Non-Class:  7.00 KB
       Class:  8.00 KB
        Both:  15.00 KB

MaxMetaspaceSize: 17179869184.00 GB
CompressedClassSpaceSize: 1.00 GB

CodeHeap 'non-profiled nmethods': size=119168Kb used=750Kb max_used=750Kb free=118417Kb
 bounds [0x0000021ed5060000, 0x0000021ed52d0000, 0x0000021edc4c0000]
CodeHeap 'profiled nmethods': size=119104Kb used=3764Kb max_used=3764Kb free=115339Kb
 bounds [0x0000021ecdc10000, 0x0000021ecdfc0000, 0x0000021ed5060000]
CodeHeap 'non-nmethods': size=7488Kb used=1179Kb max_used=2331Kb free=6308Kb
 bounds [0x0000021ecd4c0000, 0x0000021ecd730000, 0x0000021ecdc10000]
 total_blobs=2240 nmethods=1801 adapters=352
 compilation: enabled
              stopped_count=0, restarted_count=0
 full_count=0

Compilation events (20 events):
Event: 8.179 Thread 0x0000021ef5b5aed0 1795       4       java.text.SimpleDateFormat::<init> (70 bytes)
Event: 8.353 Thread 0x0000021ef5b5aed0 nmethod 1795 0x0000021ed5109690 code [0x0000021ed5109940, 0x0000021ed510b5c0]
Event: 8.354 Thread 0x0000021ef5b5aed0 1791       4       java.text.SimpleDateFormat::initialize (84 bytes)
Event: 8.381 Thread 0x0000021ef5b5a9c0 nmethod 1794 0x0000021ed510c490 code [0x0000021ed510c7a0, 0x0000021ed510ef40]
Event: 8.382 Thread 0x0000021ef5b5a9c0 1792   !   4       java.text.DigitList::clone (53 bytes)
Event: 8.386 Thread 0x0000021ef5b5a9c0 nmethod 1792 0x0000021ed5110410 code [0x0000021ed51105a0, 0x0000021ed51108f8]
Event: 8.436 Thread 0x0000021ef5b5aed0 nmethod 1791 0x0000021ed5110a90 code [0x0000021ed5110d20, 0x0000021ed5112380]
Event: 8.580 Thread 0x0000021ef3d81130 nmethod 1793 0x0000021ed5113010 code [0x0000021ed51133a0, 0x0000021ed51173c8]
Event: 9.083 Thread 0x0000021ef5b5a9c0 1797       4       java.lang.StringBuilder::<init> (6 bytes)
Event: 9.084 Thread 0x0000021ef5b5a9c0 nmethod 1797 0x0000021ed5119310 code [0x0000021ed51194a0, 0x0000021ed5119528]
Event: 9.250 Thread 0x0000021ef3d81130 1798       4       java.util.GregorianCalendar::add (698 bytes)
Event: 9.250 Thread 0x0000021ef5b5a9c0 1799       4       java.util.GregorianCalendar::pinDayOfMonth (64 bytes)
Event: 9.254 Thread 0x0000021ef5b5a9c0 nmethod 1799 0x0000021ed5119610 code [0x0000021ed51197a0, 0x0000021ed5119958]
Event: 9.258 Thread 0x0000021ef3d81130 nmethod 1798 0x0000021ed5119c10 code [0x0000021ed5119dc0, 0x0000021ed511a138]
Event: 488.989 Thread 0x0000021ef3d81a30 1800 %     3       Database.GameList::toString @ 18 (88 bytes)
Event: 488.991 Thread 0x0000021ef3d81a30 nmethod 1800% 0x0000021ecdfba590 code [0x0000021ecdfba880, 0x0000021ecdfbb728]
Event: 510.513 Thread 0x0000021ef3d81a30 1801       3       Database.GameList::toString (88 bytes)
Event: 510.516 Thread 0x0000021ef3d81a30 nmethod 1801 0x0000021ecdfbbb90 code [0x0000021ecdfbbe80, 0x0000021ecdfbccc8]
Event: 1671.685 Thread 0x0000021ef3d81130 1802 %     4       Database.GameList::toString @ 18 (88 bytes)
Event: 1671.717 Thread 0x0000021ef3d81130 nmethod 1802% 0x0000021ed511a690 code [0x0000021ed511a860, 0x0000021ed511b418]

GC Heap History (20 events):
Event: 7294.840 GC heap before
{Heap before GC invocations=229091 (full 0):
 garbage-first heap   total 122880K, used 93969K [0x0000000601000000, 0x0000000800000000)
  region size 4096K, 2 young (8192K), 1 survivors (4096K)
 Metaspace       used 15522K, capacity 15697K, committed 16000K, reserved 1062912K
  class space    used 1493K, capacity 1560K, committed 1664K, reserved 1048576K
}
Event: 7294.841 GC heap after
{Heap after GC invocations=229092 (full 0):
 garbage-first heap   total 122880K, used 24337K [0x0000000601000000, 0x0000000800000000)
  region size 4096K, 1 young (4096K), 1 survivors (4096K)
 Metaspace       used 15522K, capacity 15697K, committed 16000K, reserved 1062912K
  class space    used 1493K, capacity 1560K, committed 1664K, reserved 1048576K
}
Event: 7294.896 GC heap before
{Heap before GC invocations=229093 (full 0):
 garbage-first heap   total 159744K, used 126737K [0x0000000601000000, 0x0000000800000000)
  region size 4096K, 2 young (8192K), 1 survivors (4096K)
 Metaspace       used 15522K, capacity 15697K, committed 16000K, reserved 1062912K
  class space    used 1493K, capacity 1560K, committed 1664K, reserved 1048576K
}
Event: 7294.897 GC heap after
{Heap after GC invocations=229094 (full 0):
 garbage-first heap   total 159744K, used 16145K [0x0000000601000000, 0x0000000800000000)
  region size 4096K, 1 young (4096K), 1 survivors (4096K)
 Metaspace       used 15522K, capacity 15697K, committed 16000K, reserved 1062912K
  class space    used 1493K, capacity 1560K, committed 1664K, reserved 1048576K
}
Event: 7295.316 GC heap before
{Heap before GC invocations=229095 (full 0):
 garbage-first heap   total 159744K, used 93969K [0x0000000601000000, 0x0000000800000000)
  region size 4096K, 2 young (8192K), 1 survivors (4096K)
 Metaspace       used 15522K, capacity 15697K, committed 16000K, reserved 1062912K
  class space    used 1493K, capacity 1560K, committed 1664K, reserved 1048576K
}
Event: 7295.340 GC heap after
{Heap after GC invocations=229096 (full 0):
 garbage-first heap   total 159744K, used 24337K [0x0000000601000000, 0x0000000800000000)
  region size 4096K, 1 young (4096K), 1 survivors (4096K)
 Metaspace       used 15522K, capacity 15697K, committed 16000K, reserved 1062912K
  class space    used 1493K, capacity 1560K, committed 1664K, reserved 1048576K
}
Event: 7295.676 GC heap before
{Heap before GC invocations=229097 (full 0):
 garbage-first heap   total 159744K, used 93969K [0x0000000601000000, 0x0000000800000000)
  region size 4096K, 2 young (8192K), 1 survivors (4096K)
 Metaspace       used 15522K, capacity 15697K, committed 16000K, reserved 1062912K
  class space    used 1493K, capacity 1560K, committed 1664K, reserved 1048576K
}
Event: 7295.677 GC heap after
{Heap after GC invocations=229098 (full 0):
 garbage-first heap   total 159744K, used 16145K [0x0000000601000000, 0x0000000800000000)
  region size 4096K, 1 young (4096K), 1 survivors (4096K)
 Metaspace       used 15522K, capacity 15697K, committed 16000K, reserved 1062912K
  class space    used 1493K, capacity 1560K, committed 1664K, reserved 1048576K
}
Event: 7295.710 GC heap before
{Heap before GC invocations=229099 (full 0):
 garbage-first heap   total 151552K, used 61201K [0x0000000601000000, 0x0000000800000000)
  region size 4096K, 2 young (8192K), 1 survivors (4096K)
 Metaspace       used 15522K, capacity 15697K, committed 16000K, reserved 1062912K
  class space    used 1493K, capacity 1560K, committed 1664K, reserved 1048576K
}
Event: 7295.713 GC heap after
{Heap after GC invocations=229100 (full 0):
 garbage-first heap   total 151552K, used 16147K [0x0000000601000000, 0x0000000800000000)
  region size 4096K, 1 young (4096K), 1 survivors (4096K)
 Metaspace       used 15522K, capacity 15697K, committed 16000K, reserved 1062912K
  class space    used 1493K, capacity 1560K, committed 1664K, reserved 1048576K
}
Event: 7295.796 GC heap before
{Heap before GC invocations=229101 (full 0):
 garbage-first heap   total 151552K, used 126739K [0x0000000601000000, 0x0000000800000000)
  region size 4096K, 2 young (8192K), 1 survivors (4096K)
 Metaspace       used 15522K, capacity 15697K, committed 16000K, reserved 1062912K
  class space    used 1493K, capacity 1560K, committed 1664K, reserved 1048576K
}
Event: 7295.809 GC heap after
{Heap after GC invocations=229102 (full 0):
 garbage-first heap   total 151552K, used 24337K [0x0000000601000000, 0x0000000800000000)
  region size 4096K, 1 young (4096K), 1 survivors (4096K)
 Metaspace       used 15522K, capacity 15697K, committed 16000K, reserved 1062912K
  class space    used 1493K, capacity 1560K, committed 1664K, reserved 1048576K
}
Event: 7295.862 GC heap before
{Heap before GC invocations=229103 (full 0):
 garbage-first heap   total 151552K, used 114449K [0x0000000601000000, 0x0000000800000000)
  region size 4096K, 2 young (8192K), 1 survivors (4096K)
 Metaspace       used 15522K, capacity 15697K, committed 16000K, reserved 1062912K
  class space    used 1493K, capacity 1560K, committed 1664K, reserved 1048576K
}
Event: 7295.864 GC heap after
{Heap after GC invocations=229104 (full 0):
 garbage-first heap   total 405504K, used 24337K [0x0000000601000000, 0x0000000800000000)
  region size 4096K, 1 young (4096K), 1 survivors (4096K)
 Metaspace       used 15522K, capacity 15697K, committed 16000K, reserved 1062912K
  class space    used 1493K, capacity 1560K, committed 1664K, reserved 1048576K
}
Event: 7296.126 GC heap before
{Heap before GC invocations=229105 (full 0):
 garbage-first heap   total 315392K, used 139025K [0x0000000601000000, 0x0000000800000000)
  region size 4096K, 2 young (8192K), 1 survivors (4096K)
 Metaspace       used 15522K, capacity 15697K, committed 16000K, reserved 1062912K
  class space    used 1493K, capacity 1560K, committed 1664K, reserved 1048576K
}
Event: 7296.128 GC heap after
{Heap after GC invocations=229106 (full 0):
 garbage-first heap   total 315392K, used 16147K [0x0000000601000000, 0x0000000800000000)
  region size 4096K, 1 young (4096K), 1 survivors (4096K)
 Metaspace       used 15522K, capacity 15697K, committed 16000K, reserved 1062912K
  class space    used 1493K, capacity 1560K, committed 1664K, reserved 1048576K
}
Event: 7296.453 GC heap before
{Heap before GC invocations=229107 (full 0):
 garbage-first heap   total 151552K, used 61203K [0x0000000601000000, 0x0000000800000000)
  region size 4096K, 2 young (8192K), 1 survivors (4096K)
 Metaspace       used 15522K, capacity 15697K, committed 16000K, reserved 1062912K
  class space    used 1493K, capacity 1560K, committed 1664K, reserved 1048576K
}
Event: 7296.456 GC heap after
{Heap after GC invocations=229108 (full 0):
 garbage-first heap   total 151552K, used 16147K [0x0000000601000000, 0x0000000800000000)
  region size 4096K, 1 young (4096K), 1 survivors (4096K)
 Metaspace       used 15522K, capacity 15697K, committed 16000K, reserved 1062912K
  class space    used 1493K, capacity 1560K, committed 1664K, reserved 1048576K
}
Event: 7296.618 GC heap before
{Heap before GC invocations=229109 (full 0):
 garbage-first heap   total 151552K, used 81683K [0x0000000601000000, 0x0000000800000000)
  region size 4096K, 2 young (8192K), 1 survivors (4096K)
 Metaspace       used 15522K, capacity 15697K, committed 16000K, reserved 1062912K
  class space    used 1493K, capacity 1560K, committed 1664K, reserved 1048576K
}
Event: 7296.619 GC heap after
{Heap after GC invocations=229110 (full 0):
 garbage-first heap   total 151552K, used 24337K [0x0000000601000000, 0x0000000800000000)
  region size 4096K, 1 young (4096K), 1 survivors (4096K)
 Metaspace       used 15522K, capacity 15697K, committed 16000K, reserved 1062912K
  class space    used 1493K, capacity 1560K, committed 1664K, reserved 1048576K
}

Deoptimization events (20 events):
Event: 2.886 Thread 0x0000021ec82cda00 DEOPT PACKING pc=0x0000021ecdda22cf sp=0x000000f8d3cf7250
Event: 2.887 Thread 0x0000021ec82cda00 DEOPT UNPACKING pc=0x0000021ecd50e23f sp=0x000000f8d3cf66d0 mode 0
Event: 2.998 Thread 0x0000021ec82cda00 DEOPT PACKING pc=0x0000021ecdc4c5fb sp=0x000000f8d3cfd7f0
Event: 2.998 Thread 0x0000021ec82cda00 DEOPT UNPACKING pc=0x0000021ecd50e23f sp=0x000000f8d3cfcc60 mode 0
Event: 3.467 Thread 0x0000021ec82cda00 DEOPT PACKING pc=0x0000021ecdda22cf sp=0x000000f8d3cfc6b0
Event: 3.467 Thread 0x0000021ec82cda00 DEOPT UNPACKING pc=0x0000021ecd50e23f sp=0x000000f8d3cfbb30 mode 0
Event: 4.037 Thread 0x0000021ec82cda00 Uncommon trap: trap_request=0xffffff45 fr.pc=0x0000021ed508fc6c relative=0x00000000000003cc
Event: 4.037 Thread 0x0000021ec82cda00 Uncommon trap: reason=unstable_if action=reinterpret pc=0x0000021ed508fc6c method=java.lang.StringLatin1.canEncode(I)Z @ 4 c2
Event: 4.037 Thread 0x0000021ec82cda00 DEOPT PACKING pc=0x0000021ed508fc6c sp=0x000000f8d3cfcf40
Event: 4.037 Thread 0x0000021ec82cda00 DEOPT UNPACKING pc=0x0000021ecd50e42f sp=0x000000f8d3cfce68 mode 2
Event: 675.921 Thread 0x0000021ec82cda00 DEOPT PACKING pc=0x0000021ecdfbb433 sp=0x000000f8d3cfd320
Event: 675.921 Thread 0x0000021ec82cda00 DEOPT UNPACKING pc=0x0000021ecd50e23f sp=0x000000f8d3cfc800 mode 0
Event: 892.522 Thread 0x0000021ec82cda00 DEOPT PACKING pc=0x0000021ecdfbb433 sp=0x000000f8d3cfd320
Event: 892.522 Thread 0x0000021ec82cda00 DEOPT UNPACKING pc=0x0000021ecd50e23f sp=0x000000f8d3cfc800 mode 0
Event: 1124.053 Thread 0x0000021ec82cda00 DEOPT PACKING pc=0x0000021ecdfbb433 sp=0x000000f8d3cfd320
Event: 1124.053 Thread 0x0000021ec82cda00 DEOPT UNPACKING pc=0x0000021ecd50e23f sp=0x000000f8d3cfc800 mode 0
Event: 1387.913 Thread 0x0000021ec82cda00 DEOPT PACKING pc=0x0000021ecdfbb433 sp=0x000000f8d3cfd320
Event: 1387.914 Thread 0x0000021ec82cda00 DEOPT UNPACKING pc=0x0000021ecd50e23f sp=0x000000f8d3cfc800 mode 0
Event: 1671.685 Thread 0x0000021ec82cda00 DEOPT PACKING pc=0x0000021ecdfbb433 sp=0x000000f8d3cfd320
Event: 1671.685 Thread 0x0000021ec82cda00 DEOPT UNPACKING pc=0x0000021ecd50e23f sp=0x000000f8d3cfc800 mode 0

Classes unloaded (0 events):
No events

Classes redefined (0 events):
No events

Internal exceptions (20 events):
Event: 2.497 Thread 0x0000021ec82cda00 Exception <a 'java/lang/NoSuchMethodError'{0x0000000620252c10}: 'java.lang.Object java.lang.invoke.DirectMethodHandle$Holder.invokeStaticInit(java.lang.Object, java.lang.Object, java.lang.Object)'> (0x0000000620252c10) 
thrown [./open/src/hotspot/share/interpreter/linkResolver.cpp, line 782]
Event: 2.501 Thread 0x0000021ec82cda00 Exception <a 'java/lang/NoSuchMethodError'{0x000000062025afd0}: 'void java.lang.invoke.DirectMethodHandle$Holder.invokeStaticInit(java.lang.Object, java.lang.Object, java.lang.Object)'> (0x000000062025afd0) 
thrown [./open/src/hotspot/share/interpreter/linkResolver.cpp, line 782]
Event: 2.579 Thread 0x0000021ec82cda00 Exception <a 'java/lang/NoSuchMethodError'{0x00000006203dd050}: 'java.lang.Object java.lang.invoke.DirectMethodHandle$Holder.newInvokeSpecial(java.lang.Object, java.lang.Object, java.lang.Object, java.lang.Object, java.lang.Object)'> (0x00000006203dd050) 
thrown [./open/src/hotspot/share/interpreter/linkResolver.cpp, line 782]
Event: 2.677 Thread 0x0000021ec82cda00 Exception <a 'java/lang/NoSuchMethodError'{0x000000061fca48d8}: 'void java.lang.invoke.DirectMethodHandle$Holder.invokeInterface(java.lang.Object, java.lang.Object, java.lang.Object)'> (0x000000061fca48d8) 
thrown [./open/src/hotspot/share/interpreter/linkResolver.cpp, line 782]
Event: 2.678 Thread 0x0000021ec82cda00 Exception <a 'java/lang/IncompatibleClassChangeError'{0x000000061fca7e70}: Found class java.lang.Object, but interface was expected> (0x000000061fca7e70) 
thrown [./open/src/hotspot/share/interpreter/linkResolver.cpp, line 848]
Event: 2.979 Thread 0x0000021ec82cda00 Exception <a 'java/lang/NoSuchMethodError'{0x000000061febf3a0}: 'java.lang.Object java.lang.invoke.DirectMethodHandle$Holder.invokeInterface(java.lang.Object, java.lang.Object)'> (0x000000061febf3a0) 
thrown [./open/src/hotspot/share/interpreter/linkResolver.cpp, line 782]
Event: 2.980 Thread 0x0000021ec82cda00 Exception <a 'java/lang/IncompatibleClassChangeError'{0x000000061fec3040}: Found class java.lang.Object, but interface was expected> (0x000000061fec3040) 
thrown [./open/src/hotspot/share/interpreter/linkResolver.cpp, line 848]
Event: 3.156 Thread 0x0000021ec82cda00 Exception <a 'java/lang/NoSuchMethodError'{0x000000061ffbe260}: 'java.lang.Object java.lang.invoke.DirectMethodHandle$Holder.invokeSpecialIFC(java.lang.Object, java.lang.Object, java.lang.Object, java.lang.Object)'> (0x000000061ffbe260) 
thrown [./open/src/hotspot/share/interpreter/linkResolver.cpp, line 782]
Event: 3.185 Thread 0x0000021ec82cda00 Exception <a 'java/lang/NoSuchMethodError'{0x000000061f80cc40}: 'java.lang.Object java.lang.invoke.DirectMethodHandle$Holder.invokeStatic(java.lang.Object, java.lang.Object, int)'> (0x000000061f80cc40) 
thrown [./open/src/hotspot/share/interpreter/linkResolver.cpp, line 782]
Event: 3.212 Thread 0x0000021ec82cda00 Exception <a 'java/lang/NoSuchMethodError'{0x000000061f834690}: 'int java.lang.invoke.DirectMethodHandle$Holder.invokeStatic(java.lang.Object, java.lang.Object, java.lang.Object, java.lang.Object)'> (0x000000061f834690) 
thrown [./open/src/hotspot/share/interpreter/linkResolver.cpp, line 782]
Event: 3.232 Thread 0x0000021ec82cda00 Exception <a 'java/lang/NoSuchMethodError'{0x000000061f856858}: 'void java.lang.invoke.DirectMethodHandle$Holder.invokeSpecial(java.lang.Object, java.lang.Object, java.lang.Object, java.lang.Object, java.lang.Object)'> (0x000000061f856858) 
thrown [./open/src/hotspot/share/interpreter/linkResolver.cpp, line 782]
Event: 3.293 Thread 0x0000021ec82cda00 Exception <a 'java/lang/NoSuchMethodError'{0x000000061f8aa6e8}: 'java.lang.Object java.lang.invoke.DirectMethodHandle$Holder.invokeVirtual(java.lang.Object, java.lang.Object, java.lang.Object)'> (0x000000061f8aa6e8) 
thrown [./open/src/hotspot/share/interpreter/linkResolver.cpp, line 782]
Event: 3.337 Thread 0x0000021ec82cda00 Exception <a 'java/lang/NoSuchMethodError'{0x000000061f8ebf88}: 'void java.lang.invoke.DirectMethodHandle$Holder.invokeInterface(java.lang.Object, java.lang.Object, java.lang.Object, java.lang.Object)'> (0x000000061f8ebf88) 
thrown [./open/src/hotspot/share/interpreter/linkResolver.cpp, line 782]
Event: 3.337 Thread 0x0000021ec82cda00 Exception <a 'java/lang/IncompatibleClassChangeError'{0x000000061f8efab0}: Found class java.lang.Object, but interface was expected> (0x000000061f8efab0) 
thrown [./open/src/hotspot/share/interpreter/linkResolver.cpp, line 848]
Event: 3.347 Thread 0x0000021ec82cda00 Exception <a 'java/lang/NoSuchMethodError'{0x000000061f90a320}: 'void java.lang.invoke.DirectMethodHandle$Holder.invokeStatic(java.lang.Object, java.lang.Object, java.lang.Object, java.lang.Object)'> (0x000000061f90a320) 
thrown [./open/src/hotspot/share/interpreter/linkResolver.cpp, line 782]
Event: 3.400 Thread 0x0000021ec82cda00 Exception <a 'java/lang/NoSuchMethodError'{0x000000061f96c718}: 'java.lang.Object java.lang.invoke.Invokers$Holder.invokeExact_MT(java.lang.Object, java.lang.Object, java.lang.Object, java.lang.Object, java.lang.Object, java.lang.Object)'> (0x000000061f96c718) 
thrown [./open/src/hotspot/share/interpreter/linkResolver.cpp, line 782]
Event: 3.409 Thread 0x0000021ec82cda00 Exception <a 'java/lang/NoSuchMethodError'{0x000000061f97d2a8}: 'int java.lang.invoke.DirectMethodHandle$Holder.invokeStatic(java.lang.Object, java.lang.Object, java.lang.Object, java.lang.Object, java.lang.Object)'> (0x000000061f97d2a8) 
thrown [./open/src/hotspot/share/interpreter/linkResolver.cpp, line 782]
Event: 3.822 Thread 0x0000021ec82cda00 Exception <a 'java/lang/NoSuchMethodError'{0x000000061fbe6a20}: 'int java.lang.invoke.DirectMethodHandle$Holder.invokeSpecial(java.lang.Object, java.lang.Object, java.lang.Object, java.lang.Object)'> (0x000000061fbe6a20) 
thrown [./open/src/hotspot/share/interpreter/linkResolver.cpp, line 782]
Event: 3.956 Thread 0x0000021ec82cda00 Exception <a 'java/lang/NullPointerException'{0x0000000620d48a58}> (0x0000000620d48a58) 
thrown [./open/src/hotspot/share/interpreter/linkResolver.cpp, line 1374]
Event: 3.956 Thread 0x0000021ec82cda00 Exception <a 'java/lang/reflect/InvocationTargetException'{0x0000000620d48fd8}> (0x0000000620d48fd8) 
thrown [./open/src/hotspot/share/runtime/reflection.cpp, line 1157]

Events (20 events):
Event: 7295.890 Executing VM operation: G1Concurrent
Event: 7295.891 Executing VM operation: G1Concurrent done
Event: 7296.126 Executing VM operation: G1TryInitiateConcMark
Event: 7296.128 Executing VM operation: G1TryInitiateConcMark done
Event: 7296.172 Executing VM operation: G1Concurrent
Event: 7296.236 Executing VM operation: G1Concurrent done
Event: 7296.241 Executing VM operation: G1Concurrent
Event: 7296.423 Executing VM operation: G1Concurrent done
Event: 7296.453 Executing VM operation: G1TryInitiateConcMark
Event: 7296.457 Executing VM operation: G1TryInitiateConcMark done
Event: 7296.480 Executing VM operation: G1Concurrent
Event: 7296.519 Executing VM operation: G1Concurrent done
Event: 7296.523 Executing VM operation: G1Concurrent
Event: 7296.548 Executing VM operation: G1Concurrent done
Event: 7296.618 Executing VM operation: G1TryInitiateConcMark
Event: 7296.619 Executing VM operation: G1TryInitiateConcMark done
Event: 7296.625 Executing VM operation: G1Concurrent
Event: 7296.643 Executing VM operation: G1Concurrent done
Event: 7296.646 Executing VM operation: G1Concurrent
Event: 7296.705 Executing VM operation: G1Concurrent done


Dynamic libraries:
0x00007ff623e60000 - 0x00007ff623e6d000 	C:\Users\Astrid\.p2\pool\plugins\org.eclipse.justj.openjdk.hotspot.jre.full.win32.x86_64_15.0.2.v20210201-0955\jre\bin\javaw.exe
0x00007ff9f53d0000 - 0x00007ff9f55c5000 	C:\WINDOWS\SYSTEM32\ntdll.dll
0x00007ff9f4f60000 - 0x00007ff9f501d000 	C:\WINDOWS\System32\KERNEL32.DLL
0x00007ff9f2dd0000 - 0x00007ff9f3098000 	C:\WINDOWS\System32\KERNELBASE.dll
0x00007ff9b4ea0000 - 0x00007ff9b4f91000 	C:\Program Files\Bitdefender\Bitdefender Security\atcuf\265267619164186309\atcuf64.dll
0x00007ff9f3280000 - 0x00007ff9f3380000 	C:\WINDOWS\System32\ucrtbase.dll
0x00007ff9ee8c0000 - 0x00007ff9ee8d8000 	C:\Users\Astrid\.p2\pool\plugins\org.eclipse.justj.openjdk.hotspot.jre.full.win32.x86_64_15.0.2.v20210201-0955\jre\bin\jli.dll
0x00007ff9f4680000 - 0x00007ff9f4820000 	C:\WINDOWS\System32\USER32.dll
0x00007ff9f2b10000 - 0x00007ff9f2b32000 	C:\WINDOWS\System32\win32u.dll
0x00007ff9f4df0000 - 0x00007ff9f4e1a000 	C:\WINDOWS\System32\GDI32.dll
0x00007ff9f2b40000 - 0x00007ff9f2c4b000 	C:\WINDOWS\System32\gdi32full.dll
0x00007ff9f2d30000 - 0x00007ff9f2dcd000 	C:\WINDOWS\System32\msvcp_win.dll
0x00007ff9db4c0000 - 0x00007ff9db4d9000 	C:\Users\Astrid\.p2\pool\plugins\org.eclipse.justj.openjdk.hotspot.jre.full.win32.x86_64_15.0.2.v20210201-0955\jre\bin\VCRUNTIME140.dll
0x00007ff9d6a60000 - 0x00007ff9d6cfa000 	C:\WINDOWS\WinSxS\amd64_microsoft.windows.common-controls_6595b64144ccf1df_6.0.19041.844_none_ca00b6081b84eb1d\COMCTL32.dll
0x00007ff9f52f0000 - 0x00007ff9f538e000 	C:\WINDOWS\System32\msvcrt.dll
0x00007ff9f4dc0000 - 0x00007ff9f4df0000 	C:\WINDOWS\System32\IMM32.DLL
0x00007ff9e7520000 - 0x00007ff9e752c000 	C:\Users\Astrid\.p2\pool\plugins\org.eclipse.justj.openjdk.hotspot.jre.full.win32.x86_64_15.0.2.v20210201-0955\jre\bin\vcruntime140_1.dll
0x00007ff9db420000 - 0x00007ff9db4b1000 	C:\Users\Astrid\.p2\pool\plugins\org.eclipse.justj.openjdk.hotspot.jre.full.win32.x86_64_15.0.2.v20210201-0955\jre\bin\msvcp140.dll
0x00007ff958a70000 - 0x00007ff9595ce000 	C:\Users\Astrid\.p2\pool\plugins\org.eclipse.justj.openjdk.hotspot.jre.full.win32.x86_64_15.0.2.v20210201-0955\jre\bin\server\jvm.dll
0x00007ff9f3fd0000 - 0x00007ff9f407c000 	C:\WINDOWS\System32\ADVAPI32.dll
0x00007ff9f5020000 - 0x00007ff9f50bb000 	C:\WINDOWS\System32\sechost.dll
0x00007ff9f4080000 - 0x00007ff9f41ab000 	C:\WINDOWS\System32\RPCRT4.dll
0x00007ff9f3f00000 - 0x00007ff9f3f08000 	C:\WINDOWS\System32\PSAPI.DLL
0x00007ff9b0a80000 - 0x00007ff9b0a89000 	C:\WINDOWS\SYSTEM32\WSOCK32.dll
0x00007ff9f4ef0000 - 0x00007ff9f4f5b000 	C:\WINDOWS\System32\WS2_32.dll
0x00007ff9ed0d0000 - 0x00007ff9ed0f7000 	C:\WINDOWS\SYSTEM32\WINMM.dll
0x00007ff9ecd10000 - 0x00007ff9ecd1a000 	C:\WINDOWS\SYSTEM32\VERSION.dll
0x00007ff9f0ab0000 - 0x00007ff9f0ac2000 	C:\WINDOWS\SYSTEM32\kernel.appcore.dll
0x00007ff9d85e0000 - 0x00007ff9d85ea000 	C:\Users\Astrid\.p2\pool\plugins\org.eclipse.justj.openjdk.hotspot.jre.full.win32.x86_64_15.0.2.v20210201-0955\jre\bin\jimage.dll
0x00007ff9f01a0000 - 0x00007ff9f0384000 	C:\WINDOWS\SYSTEM32\DBGHELP.DLL
0x00007ff9d4d90000 - 0x00007ff9d4dbc000 	C:\WINDOWS\SYSTEM32\dbgcore.DLL
0x00007ff9f3200000 - 0x00007ff9f3280000 	C:\WINDOWS\System32\bcryptPrimitives.dll
0x00007ff9d2cc0000 - 0x00007ff9d2ce5000 	C:\Users\Astrid\.p2\pool\plugins\org.eclipse.justj.openjdk.hotspot.jre.full.win32.x86_64_15.0.2.v20210201-0955\jre\bin\java.dll
0x00007ff9d85c0000 - 0x00007ff9d85d8000 	C:\Users\Astrid\.p2\pool\plugins\org.eclipse.justj.openjdk.hotspot.jre.full.win32.x86_64_15.0.2.v20210201-0955\jre\bin\zip.dll
0x00007ff9f3600000 - 0x00007ff9f3d42000 	C:\WINDOWS\System32\SHELL32.dll
0x00007ff9f0c20000 - 0x00007ff9f13b0000 	C:\WINDOWS\SYSTEM32\windows.storage.dll
0x00007ff9f4820000 - 0x00007ff9f4b75000 	C:\WINDOWS\System32\combase.dll
0x00007ff9f24b0000 - 0x00007ff9f24dc000 	C:\WINDOWS\SYSTEM32\Wldp.dll
0x00007ff9f4d10000 - 0x00007ff9f4dbe000 	C:\WINDOWS\System32\SHCORE.dll
0x00007ff9f4620000 - 0x00007ff9f4675000 	C:\WINDOWS\System32\shlwapi.dll
0x00007ff9f2a50000 - 0x00007ff9f2a6f000 	C:\WINDOWS\SYSTEM32\profapi.dll
0x00007ff9d2040000 - 0x00007ff9d2059000 	C:\Users\Astrid\.p2\pool\plugins\org.eclipse.justj.openjdk.hotspot.jre.full.win32.x86_64_15.0.2.v20210201-0955\jre\bin\net.dll
0x00007ff9eb470000 - 0x00007ff9eb57b000 	C:\WINDOWS\SYSTEM32\WINHTTP.dll
0x00007ff9f2290000 - 0x00007ff9f22fa000 	C:\WINDOWS\system32\mswsock.dll
0x00007ff9d1f50000 - 0x00007ff9d1f62000 	C:\Users\Astrid\.p2\pool\plugins\org.eclipse.justj.openjdk.hotspot.jre.full.win32.x86_64_15.0.2.v20210201-0955\jre\bin\nio.dll
0x00007ff9d2cb0000 - 0x00007ff9d2cc0000 	C:\Users\Astrid\.p2\pool\plugins\org.eclipse.justj.openjdk.hotspot.jre.full.win32.x86_64_15.0.2.v20210201-0955\jre\bin\verify.dll
0x00007ff9f1f50000 - 0x00007ff9f1f8b000 	C:\WINDOWS\SYSTEM32\IPHLPAPI.DLL
0x00007ff9f4cf0000 - 0x00007ff9f4cf8000 	C:\WINDOWS\System32\NSI.dll
0x00007ff9ec760000 - 0x00007ff9ec777000 	C:\WINDOWS\SYSTEM32\dhcpcsvc6.DLL
0x00007ff9ec740000 - 0x00007ff9ec75d000 	C:\WINDOWS\SYSTEM32\dhcpcsvc.DLL
0x00007ff9f1fa0000 - 0x00007ff9f206c000 	C:\WINDOWS\SYSTEM32\DNSAPI.dll

dbghelp: loaded successfully - version: 4.0.5 - missing functions: none
symbol engine: initialized successfully - sym options: 0x614 - pdb path: .;C:\Users\Astrid\.p2\pool\plugins\org.eclipse.justj.openjdk.hotspot.jre.full.win32.x86_64_15.0.2.v20210201-0955\jre\bin;C:\WINDOWS\SYSTEM32;C:\Program Files\Bitdefender\Bitdefender Security\atcuf\265267619164186309;C:\WINDOWS\WinSxS\amd64_microsoft.windows.common-controls_6595b64144ccf1df_6.0.19041.844_none_ca00b6081b84eb1d;C:\Users\Astrid\.p2\pool\plugins\org.eclipse.justj.openjdk.hotspot.jre.full.win32.x86_64_15.0.2.v20210201-0955\jre\bin\server

VM Arguments:
jvm_args: -ea -Dfile.encoding=Cp1252 -XX:+ShowCodeDetailsInExceptionMessages 
java_command: org.eclipse.jdt.internal.junit.runner.RemoteTestRunner -version 3 -port 59904 -testLoaderClass org.eclipse.jdt.internal.junit5.runner.JUnit5TestLoader -loaderpluginname org.eclipse.jdt.junit5.runtime -classNames Testing.GameListTest
java_class_path (initial): C:\Users\Astrid\Desktop\DSE_Assignment2\out\production\DS_2016_Assignment2;C:\Users\Astrid\.p2\pool\plugins\org.junit.jupiter.api_5.7.1.v20210222-1948.jar;C:\Users\Astrid\.p2\pool\plugins\org.junit.jupiter.engine_5.7.1.v20210222-1948.jar;C:\Users\Astrid\.p2\pool\plugins\org.junit.jupiter.migrationsupport_5.7.1.v20210222-1948.jar;C:\Users\Astrid\.p2\pool\plugins\org.junit.jupiter.params_5.7.1.v20210222-1948.jar;C:\Users\Astrid\.p2\pool\plugins\org.junit.platform.commons_1.7.1.v20210222-1948.jar;C:\Users\Astrid\.p2\pool\plugins\org.junit.platform.engine_1.7.1.v20210222-1948.jar;C:\Users\Astrid\.p2\pool\plugins\org.junit.platform.launcher_1.7.1.v20210222-1948.jar;C:\Users\Astrid\.p2\pool\plugins\org.junit.platform.runner_1.7.1.v20210222-1948.jar;C:\Users\Astrid\.p2\pool\plugins\org.junit.platform.suite.api_1.7.1.v20210222-1948.jar;C:\Users\Astrid\.p2\pool\plugins\org.junit.vintage.engine_5.7.1.v20210222-1948.jar;C:\Users\Astrid\.p2\pool\plugins\org.opentest4j_1.2.0.v20190826-0900.jar;C:\Users\Astrid\.p2\pool\plugins\org.apiguardian_1.1.0.v20190826-0900.jar;C:\Users\Astrid\.p2\pool\plugins\org.junit_4.13.0.v20200204-1500.jar;C:\Users\Astrid\.p2\pool\plugins\org.hamcrest.core_1.3.0.v20180420-1519.jar;C:\Users\Astrid\eclipse\java-2021-03\eclipse\configuration\org.eclipse.osgi\221\0\.cp;C:\Users\Astrid\eclipse\java-2021-03\eclipse\configuration\org.eclipse.osgi\219\0\.cp
Launcher Type: SUN_STANDARD

[Global flags]
     intx CICompilerCount                          = 12                                        {product} {ergonomic}
     uint ConcGCThreads                            = 3                                         {product} {ergonomic}
     uint G1ConcRefinementThreads                  = 13                                        {product} {ergonomic}
   size_t G1HeapRegionSize                         = 4194304                                   {product} {ergonomic}
    uintx GCDrainStackTargetSize                   = 64                                        {product} {ergonomic}
   size_t InitialHeapSize                          = 536870912                                 {product} {ergonomic}
   size_t MarkStackSize                            = 4194304                                   {product} {ergonomic}
   size_t MaxHeapSize                              = 8573157376                                {product} {ergonomic}
   size_t MaxNewSize                               = 5142216704                                {product} {ergonomic}
   size_t MinHeapDeltaBytes                        = 4194304                                   {product} {ergonomic}
   size_t MinHeapSize                              = 8388608                                   {product} {ergonomic}
    uintx NonNMethodCodeHeapSize                   = 7602480                                {pd product} {ergonomic}
    uintx NonProfiledCodeHeapSize                  = 122027880                              {pd product} {ergonomic}
    uintx ProfiledCodeHeapSize                     = 122027880                              {pd product} {ergonomic}
    uintx ReservedCodeCacheSize                    = 251658240                              {pd product} {ergonomic}
     bool SegmentedCodeCache                       = true                                      {product} {ergonomic}
     bool ShowCodeDetailsInExceptionMessages       = true                                   {manageable} {command line}
   size_t SoftMaxHeapSize                          = 8573157376                             {manageable} {ergonomic}
     bool UseCompressedClassPointers               = true                                 {lp64_product} {ergonomic}
     bool UseCompressedOops                        = true                                 {lp64_product} {ergonomic}
     bool UseG1GC                                  = true                                      {product} {ergonomic}
     bool UseLargePagesIndividualAllocation        = false                                  {pd product} {ergonomic}

Logging:
Log output configuration:
 #0: stdout all=warning uptime,level,tags
 #1: stderr all=off uptime,level,tags

Environment Variables:
JAVA_HOME=C:\Program Files\Android\Jdk\microsoft_dist_openjdk_1.8.0.25
PATH=C:/Users/Astrid/.p2/pool/plugins/org.eclipse.justj.openjdk.hotspot.jre.full.win32.x86_64_15.0.2.v20210201-0955/jre/bin/server;C:/Users/Astrid/.p2/pool/plugins/org.eclipse.justj.openjdk.hotspot.jre.full.win32.x86_64_15.0.2.v20210201-0955/jre/bin;C:\Program Files (x86)\Rockwell Software\RSCommon;C:\Program Files\Microsoft MPI\Bin\;C:\Program Files (x86)\Microsoft SDKs\Azure\CLI2\wbin;C:\Program Files (x86)\Common Files\Oracle\Java\javapath;C:\Windows\system32;C:\Windows;C:\Windows\System32\Wbem;C:\Windows\System32\WindowsPowerShell\v1.0\;C:\Windows\System32\OpenSSH\;C:\Program Files\NVIDIA Corporation\NVIDIA NvDLISR;C:\Program Files (x86)\NVIDIA Corporation\PhysX\Common;c:\Program Files (x86)\Microsoft SQL Server\110\Tools\Binn\;c:\Program Files\Microsoft SQL Server\110\Tools\Binn\;c:\Program Files\Microsoft SQL Server\110\DTS\Binn\;c:\Program Files (x86)\Microsoft SQL Server\110\Tools\Binn\ManagementStudio\;c:\Program Files (x86)\Microsoft SQL Server\110\DTS\Binn\;C:\Program Files\Microsoft VS Code\bin;C:\Program Files\Git\cmd;C:\Program Files\nodejs\;C:\ProgramData\chocolatey\bin;C:\Program Files\dotnet\;C:\Program Files\Microsoft SQL Server\130\Tools\Binn\;C:\Program Files\Microsoft SQL Server\Client SDK\ODBC\170\Tools\Binn\;C:\Program Files (x86)\Microsoft SQL Server\150\Tools\Binn\;C:\Program Files\Microsoft SQL Server\150\Tools\Binn\;C:\Program Files\Microsoft SQL Server\150\DTS\Binn\;C:\Program Files\MongoDB\Server\4.2\bin;C:\Program Files (x86)\Common Files\Rockwell\;C:\WINDOWS\system32;C:\WINDOWS;C:\WINDOWS\System32\Wbem;C:\WINDOWS\System32\WindowsPowerShell\v1.0\;C:\WINDOWS\System32\OpenSSH\;C:\Program Files (x86)\IncrediBuild;C:\Program Files\Docker\Docker\resources\bin;C:\ProgramData\DockerDesktop\version-bin;C:\Program Files (x86)\dotnet\;C:\Program Files (x86)\Microsoft SQL Server\150\DTS\Binn\;C:\Program Files\Azure Data Studio\bin;C:\Program Files\TortoiseGit\bin;C:\Program Files\MySQL\MySQL Shell 8.0\bin\;C:\Users\Astrid\AppData\Local\Microsoft\Wind
USERNAME=Astrid
OS=Windows_NT
PROCESSOR_IDENTIFIER=AMD64 Family 23 Model 113 Stepping 0, AuthenticAMD



---------------  S Y S T E M  ---------------

OS:
 Windows 10 , 64 bit Build 19041 (10.0.19041.928)
OS uptime: 4 days 9:58 hours
HyperV virtualization detected

CPU: total 16 (initial active 16) (16 cores per cpu, 2 threads per core) family 23 model 113 stepping 0 microcode 0x0, cmov, cx8, fxsr, mmx, sse, sse2, sse3, ssse3, sse4.1, sse4.2, popcnt, vzeroupper, avx, avx2, aes, clmul, 3dnowpref, lzcnt, sse4a, ht, tsc, tscinvbit, tscinv, bmi1, bmi2, adx, sha, fma, clflush, clflushopt

Memory: 4k page, system-wide physical 32699M (4M free)
TotalPageFile size 131003M (AvailPageFile size 157M)
current process WorkingSet (physical memory assigned to process): 0M, peak: 702M
current process commit charge ("private bytes"): 256M, peak: 879M

vm_info: OpenJDK 64-Bit Server VM (15.0.2+7-27) for windows-amd64 JRE (15.0.2+7-27), built on Dec  7 2020 20:02:38 by "mach5one" with unknown MS VC++:1925

END.
