#
# There is insufficient memory for the Java Runtime Environment to continue.
# Native memory allocation (mmap) failed to map 113246208 bytes for G1 virtual space
# Possible reasons:
#   The system is out of physical RAM or swap space
#   The process is running with CompressedOops enabled, and the Java Heap may be blocking the growth of the native heap
# Possible solutions:
#   Reduce memory load on the system
#   Increase physical memory or swap space
#   Check if swap backing store is full
#   Decrease Java heap size (-Xmx/-Xms)
#   Decrease number of Java threads
#   Decrease Java thread stack sizes (-Xss)
#   Set larger code cache with -XX:ReservedCodeCacheSize=
#   JVM is running with Zero Based Compressed Oops mode in which the Java heap is
#     placed in the first 32GB address space. The Java Heap base address is the
#     maximum limit for the native heap growth. Please use -XX:HeapBaseMinAddress
#     to set the Java Heap base and to place the Java Heap above 32GB virtual address.
# This output file may be truncated or incomplete.
#
#  Out of Memory Error (./open/src/hotspot/os/windows/os_windows.cpp:3321), pid=17032, tid=27324
#
# JRE version: OpenJDK Runtime Environment (15.0.2+7) (build 15.0.2+7-27)
# Java VM: OpenJDK 64-Bit Server VM (15.0.2+7-27, mixed mode, tiered, compressed oops, g1 gc, windows-amd64)
# No core dump will be written. Minidumps are not enabled by default on client versions of Windows
#

---------------  S U M M A R Y ------------

Command Line: -ea -Dfile.encoding=Cp1252 -XX:+ShowCodeDetailsInExceptionMessages org.eclipse.jdt.internal.junit.runner.RemoteTestRunner -version 3 -port 58484 -testLoaderClass org.eclipse.jdt.internal.junit5.runner.JUnit5TestLoader -loaderpluginname org.eclipse.jdt.junit5.runtime -classNames Testing.GameListTest

Host: AMD Ryzen 7 3800X 8-Core Processor             , 16 cores, 31G,  Windows 10 , 64 bit Build 19041 (10.0.19041.928)
Time: Sun May 30 00:10:40 2021 Cen. Australia Standard Time elapsed time: 12371.033575 seconds (0d 3h 26m 11s)

---------------  T H R E A D  ---------------

Current thread (0x000001afbe0da6e0):  VMThread "VM Thread" [stack: 0x000000933ac00000,0x000000933ad00000] [id=27324]

Stack: [0x000000933ac00000,0x000000933ad00000]
[error occurred during error reporting (printing stack bounds), id 0xc0000005, EXCEPTION_ACCESS_VIOLATION (0xc0000005) at pc=0x000001af988f10ad]

Native frames: (J=compiled Java code, j=interpreted, Vv=VM code, C=native code)
V  [jvm.dll+0x62ae9a]
V  [jvm.dll+0x7817a9]
V  [jvm.dll+0x782f03]
V  [jvm.dll+0x7834c5]
V  [jvm.dll+0x78347b]
V  [jvm.dll+0x62a2b9]
V  [jvm.dll+0x62aa88]
C  [ntdll.dll+0xa217f]
C  [ntdll.dll+0x51454]
C  [ntdll.dll+0xa0cae]
C  0x000001af988f10ad

VM_Operation (0x000000933a6fce50): G1TryInitiateConcMark, mode: safepoint, requested by thread 0x000001af94edda00


---------------  P R O C E S S  ---------------

Threads class SMR info:
_java_thread_list=0x000001afbf573570, length=11, elements={
0x000001af94edda00, 0x000001afbe0dea30, 0x000001afbe99e500, 0x000001afbe98c600,
0x000001afbe9bd400, 0x000001afbe9bfcd0, 0x000001afbe9c98e0, 0x000001afbe9cfd00,
0x000001afbe9e01f0, 0x000001afbeb56260, 0x000001afbeb6c010
}

Java Threads: ( => current thread )
  0x000001af94edda00 JavaThread "main" [_thread_blocked, id=22744, stack(0x000000933a600000,0x000000933a700000)]
  0x000001afbe0dea30 JavaThread "Reference Handler" daemon [_thread_blocked, id=7672, stack(0x000000933ad00000,0x000000933ae00000)]
  0x000001afbe99e500 JavaThread "Finalizer" daemon [_thread_blocked, id=16260, stack(0x000000933ae00000,0x000000933af00000)]
  0x000001afbe98c600 JavaThread "Signal Dispatcher" daemon [_thread_blocked, id=16280, stack(0x000000933af00000,0x000000933b000000)]
  0x000001afbe9bd400 JavaThread "Attach Listener" daemon [_thread_blocked, id=5104, stack(0x000000933b000000,0x000000933b100000)]
  0x000001afbe9bfcd0 JavaThread "Service Thread" daemon [_thread_blocked, id=27500, stack(0x000000933b100000,0x000000933b200000)]
  0x000001afbe9c98e0 JavaThread "C2 CompilerThread0" daemon [_thread_blocked, id=11488, stack(0x000000933b200000,0x000000933b300000)]
  0x000001afbe9cfd00 JavaThread "C1 CompilerThread0" daemon [_thread_blocked, id=8536, stack(0x000000933b300000,0x000000933b400000)]
  0x000001afbe9e01f0 JavaThread "Sweeper thread" daemon [_thread_blocked, id=2032, stack(0x000000933b400000,0x000000933b500000)]
  0x000001afbeb56260 JavaThread "Notification Thread" daemon [_thread_blocked, id=8932, stack(0x000000933b600000,0x000000933b700000)]
  0x000001afbeb6c010 JavaThread "Common-Cleaner" daemon [_thread_blocked, id=3816, stack(0x000000933b800000,0x000000933b900000)]

Other Threads:
=>0x000001afbe0da6e0 VMThread "VM Thread" [stack: 0x000000933ac00000,0x000000933ad00000] [id=27324]
  0x000001afbeb56730 WatcherThread [stack: 0x000000933b700000,0x000000933b800000] [id=7528]
  0x000001af94f56430 GCTaskThread "GC Thread#0" [stack: 0x000000933a700000,0x000000933a800000] [id=20240]
  0x000001afbef75e50 GCTaskThread "GC Thread#1" [stack: 0x000000933ba00000,0x000000933bb00000] [id=18764]
  0x000001afbef75b20 GCTaskThread "GC Thread#2" [stack: 0x000000933bc00000,0x000000933bd00000] [id=9068]
  0x000001afbef75190 GCTaskThread "GC Thread#3" [stack: 0x000000933bd00000,0x000000933be00000] [id=21548]
  0x000001afbef76180 GCTaskThread "GC Thread#4" [stack: 0x000000933be00000,0x000000933bf00000] [id=27416]
  0x000001afbef76b10 GCTaskThread "GC Thread#5" [stack: 0x000000933bf00000,0x000000933c000000] [id=9740]
  0x000001afbef78160 GCTaskThread "GC Thread#6" [stack: 0x000000933c000000,0x000000933c100000] [id=14688]
  0x000001afbef78490 GCTaskThread "GC Thread#7" [stack: 0x000000933c100000,0x000000933c200000] [id=26132]
  0x000001afbef77170 GCTaskThread "GC Thread#8" [stack: 0x000000933c200000,0x000000933c300000] [id=22560]
  0x000001afbef774a0 GCTaskThread "GC Thread#9" [stack: 0x000000933c300000,0x000000933c400000] [id=26804]
  0x000001afbef777d0 GCTaskThread "GC Thread#10" [stack: 0x000000933c400000,0x000000933c500000] [id=18416]
  0x000001afbef764b0 GCTaskThread "GC Thread#11" [stack: 0x000000933c500000,0x000000933c600000] [id=10644]
  0x000001afbef77b00 GCTaskThread "GC Thread#12" [stack: 0x000000933b900000,0x000000933ba00000] [id=19764]
  0x000001af94f67bb0 ConcurrentGCThread "G1 Main Marker" [stack: 0x000000933a800000,0x000000933a900000] [id=15812]
  0x000001af94f686b0 ConcurrentGCThread "G1 Conc#0" [stack: 0x000000933a900000,0x000000933aa00000] [id=25624]
  0x000001afbec04130 ConcurrentGCThread "G1 Conc#1" [stack: 0x000000933b500000,0x000000933b600000] [id=8532]
  0x000001afbec04460 ConcurrentGCThread "G1 Conc#2" [stack: 0x000000933c600000,0x000000933c700000] [id=26748]
  0x000001afbdf8b1e0 ConcurrentGCThread "G1 Refine#0" [stack: 0x000000933aa00000,0x000000933ab00000] [id=9828]
  0x000001afbdf8bcf0 ConcurrentGCThread "G1 Young RemSet Sampling" [stack: 0x000000933ab00000,0x000000933ac00000] [id=21316]

Threads with active compile tasks:

VM state: at safepoint (normal execution)

VM Mutex/Monitor currently owned by a thread:  ([mutex/lock_event])
[0x000001af94ed9da0] Threads_lock - owner thread: 0x000001afbe0da6e0
[0x000001af94ed83c0] Heap_lock - owner thread: 0x000001af94edda00

Heap address: 0x0000000601000000, size: 8176 MB, Compressed Oops mode: Zero based, Oop shift amount: 3
CDS disabled.
Compressed class space mapped at: 0x0000000800000000-0x0000000840000000, size: 1073741824
Narrow klass base: 0x0000000800000000, Narrow klass shift: 0, Narrow klass range: 0x40000000

GC Precious Log:
 CPUs: 16 total, 16 available
 Memory: 32699M
 Large Page Support: Disabled
 NUMA Support: Disabled
 Compressed Oops: Enabled (Zero based)
 Heap Region Size: 4M
 Heap Min Capacity: 8M
 Heap Initial Capacity: 512M
 Heap Max Capacity: 8176M
 Pre-touch: Disabled
 Parallel Workers: 13
 Concurrent Workers: 3
 Concurrent Refinement Workers: 13
 Periodic GC: Disabled

Heap:
 garbage-first heap   total 323584K, used 16144K [0x0000000601000000, 0x0000000800000000)
  region size 4096K, 1 young (4096K), 1 survivors (4096K)
 Metaspace       used 15505K, capacity 15673K, committed 16000K, reserved 1062912K
  class space    used 1491K, capacity 1556K, committed 1664K, reserved 1048576K

Heap Regions: E=young(eden), S=young(survivor), O=old, HS=humongous(starts), HC=humongous(continues), CS=collection set, F=free, OA=open archive, CA=closed archive, TAMS=top-at-mark-start (previous, next)
|   0|0x0000000601000000, 0x00000006013c2600, 0x0000000601400000| 93%| O|  |TAMS 0x00000006013c2600, 0x00000006013c2600| Untracked 
|   1|0x0000000601400000, 0x0000000601400000, 0x0000000601800000|  0%| F|  |TAMS 0x0000000601400000, 0x0000000601400000| Untracked 
|   2|0x0000000601800000, 0x0000000601800000, 0x0000000601c00000|  0%| F|  |TAMS 0x0000000601800000, 0x0000000601800000| Untracked 
|   3|0x0000000601c00000, 0x0000000601c00000, 0x0000000602000000|  0%| F|  |TAMS 0x0000000601c00000, 0x0000000601c00000| Untracked 
|   4|0x0000000602000000, 0x0000000602000000, 0x0000000602400000|  0%| F|  |TAMS 0x0000000602000000, 0x0000000602000000| Untracked 
|   5|0x0000000602400000, 0x0000000602400000, 0x0000000602800000|  0%| F|  |TAMS 0x0000000602400000, 0x0000000602400000| Untracked 
|   6|0x0000000602800000, 0x0000000602800000, 0x0000000602c00000|  0%| F|  |TAMS 0x0000000602800000, 0x0000000602800000| Untracked 
|   7|0x0000000602c00000, 0x0000000602c00000, 0x0000000603000000|  0%| F|  |TAMS 0x0000000602c00000, 0x0000000602c00000| Untracked 
|   8|0x0000000603000000, 0x0000000603000000, 0x0000000603400000|  0%| F|  |TAMS 0x0000000603000000, 0x0000000603000000| Untracked 
|   9|0x0000000603400000, 0x0000000603400000, 0x0000000603800000|  0%| F|  |TAMS 0x0000000603400000, 0x0000000603400000| Untracked 
|  10|0x0000000603800000, 0x0000000603c00000, 0x0000000603c00000|100%|HS|  |TAMS 0x0000000603800000, 0x0000000603c00000| Complete 
|  11|0x0000000603c00000, 0x0000000604000000, 0x0000000604000000|100%|HC|  |TAMS 0x0000000603c00000, 0x0000000604000000| Complete 
|  12|0x0000000604000000, 0x0000000604400000, 0x0000000604400000|100%|HC|  |TAMS 0x0000000604000000, 0x0000000604400000| Complete 
|  13|0x0000000604400000, 0x0000000604400000, 0x0000000604800000|  0%| F|  |TAMS 0x0000000604400000, 0x0000000604400000| Untracked 
|  14|0x0000000604800000, 0x0000000604800000, 0x0000000604c00000|  0%| F|  |TAMS 0x0000000604800000, 0x0000000604800000| Untracked 
|  15|0x0000000604c00000, 0x0000000604c00000, 0x0000000605000000|  0%| F|  |TAMS 0x0000000604c00000, 0x0000000604c00000| Untracked 
|  16|0x0000000605000000, 0x0000000605001200, 0x0000000605400000|  0%| O|  |TAMS 0x0000000605001200, 0x0000000605001200| Untracked 
|  17|0x0000000605400000, 0x0000000605400000, 0x0000000605800000|  0%| F|  |TAMS 0x0000000605400000, 0x0000000605400000| Untracked 
|  18|0x0000000605800000, 0x0000000605800000, 0x0000000605c00000|  0%| F|  |TAMS 0x0000000605800000, 0x0000000605800000| Untracked 
|  19|0x0000000605c00000, 0x0000000605c00000, 0x0000000606000000|  0%| F|  |TAMS 0x0000000605c00000, 0x0000000605c00000| Untracked 
|  20|0x0000000606000000, 0x0000000606000000, 0x0000000606400000|  0%| F|  |TAMS 0x0000000606000000, 0x0000000606000000| Untracked 
|  21|0x0000000606400000, 0x0000000606400000, 0x0000000606800000|  0%| F|  |TAMS 0x0000000606400000, 0x0000000606400000| Untracked 
|  22|0x0000000606800000, 0x0000000606800000, 0x0000000606c00000|  0%| F|  |TAMS 0x0000000606800000, 0x0000000606800000| Untracked 
|  23|0x0000000606c00000, 0x0000000606c00000, 0x0000000607000000|  0%| F|  |TAMS 0x0000000606c00000, 0x0000000606c00000| Untracked 
|  24|0x0000000607000000, 0x0000000607000000, 0x0000000607400000|  0%| F|  |TAMS 0x0000000607000000, 0x0000000607000000| Untracked 
|  25|0x0000000607400000, 0x0000000607400000, 0x0000000607800000|  0%| F|  |TAMS 0x0000000607400000, 0x0000000607400000| Untracked 
|  26|0x0000000607800000, 0x0000000607800000, 0x0000000607c00000|  0%| F|  |TAMS 0x0000000607800000, 0x0000000607800000| Untracked 
|  27|0x0000000607c00000, 0x0000000607c00810, 0x0000000608000000|  0%| S|CS|TAMS 0x0000000607c00000, 0x0000000607c00000| Complete 
|  28|0x0000000608000000, 0x0000000608000000, 0x0000000608400000|  0%| F|  |TAMS 0x0000000608000000, 0x0000000608000000| Untracked 
|  29|0x0000000608400000, 0x0000000608400000, 0x0000000608800000|  0%| F|  |TAMS 0x0000000608400000, 0x0000000608400000| Untracked 
|  30|0x0000000608800000, 0x0000000608800000, 0x0000000608c00000|  0%| F|  |TAMS 0x0000000608800000, 0x0000000608800000| Untracked 
|  31|0x0000000608c00000, 0x0000000608c00000, 0x0000000609000000|  0%| F|  |TAMS 0x0000000608c00000, 0x0000000608c00000| Untracked 
|  32|0x0000000609000000, 0x0000000609000000, 0x0000000609400000|  0%| F|  |TAMS 0x0000000609000000, 0x0000000609000000| Untracked 
|  33|0x0000000609400000, 0x0000000609400000, 0x0000000609800000|  0%| F|  |TAMS 0x0000000609400000, 0x0000000609400000| Untracked 
|  34|0x0000000609800000, 0x0000000609800000, 0x0000000609c00000|  0%| F|  |TAMS 0x0000000609800000, 0x0000000609800000| Untracked 
|  35|0x0000000609c00000, 0x0000000609c00000, 0x000000060a000000|  0%| F|  |TAMS 0x0000000609c00000, 0x0000000609c00000| Untracked 
|  36|0x000000060a000000, 0x000000060a000000, 0x000000060a400000|  0%| F|  |TAMS 0x000000060a000000, 0x000000060a000000| Untracked 
|  37|0x000000060a400000, 0x000000060a400000, 0x000000060a800000|  0%| F|  |TAMS 0x000000060a400000, 0x000000060a400000| Untracked 
|  38|0x000000060a800000, 0x000000060a800000, 0x000000060ac00000|  0%| F|  |TAMS 0x000000060a800000, 0x000000060a800000| Untracked 
|  39|0x000000060ac00000, 0x000000060ac00000, 0x000000060b000000|  0%| F|  |TAMS 0x000000060ac00000, 0x000000060ac00000| Untracked 
|  40|0x000000060b000000, 0x000000060b000000, 0x000000060b400000|  0%| F|  |TAMS 0x000000060b000000, 0x000000060b000000| Untracked 
|  41|0x000000060b400000, 0x000000060b400000, 0x000000060b800000|  0%| F|  |TAMS 0x000000060b400000, 0x000000060b400000| Untracked 
|  42|0x000000060b800000, 0x000000060b800000, 0x000000060bc00000|  0%| F|  |TAMS 0x000000060b800000, 0x000000060b800000| Untracked 
|  43|0x000000060bc00000, 0x000000060bc00000, 0x000000060c000000|  0%| F|  |TAMS 0x000000060bc00000, 0x000000060bc00000| Untracked 
|  44|0x000000060c000000, 0x000000060c000000, 0x000000060c400000|  0%| F|  |TAMS 0x000000060c000000, 0x000000060c000000| Untracked 
|  45|0x000000060c400000, 0x000000060c400000, 0x000000060c800000|  0%| F|  |TAMS 0x000000060c400000, 0x000000060c400000| Untracked 
|  46|0x000000060c800000, 0x000000060c800000, 0x000000060cc00000|  0%| F|  |TAMS 0x000000060c800000, 0x000000060c800000| Untracked 
|  47|0x000000060cc00000, 0x000000060cc00000, 0x000000060d000000|  0%| F|  |TAMS 0x000000060cc00000, 0x000000060cc00000| Untracked 
|  48|0x000000060d000000, 0x000000060d000000, 0x000000060d400000|  0%| F|  |TAMS 0x000000060d000000, 0x000000060d000000| Untracked 
|  49|0x000000060d400000, 0x000000060d400000, 0x000000060d800000|  0%| F|  |TAMS 0x000000060d400000, 0x000000060d400000| Untracked 
|  50|0x000000060d800000, 0x000000060d800000, 0x000000060dc00000|  0%| F|  |TAMS 0x000000060d800000, 0x000000060d800000| Untracked 
|  51|0x000000060dc00000, 0x000000060dc00000, 0x000000060e000000|  0%| F|  |TAMS 0x000000060dc00000, 0x000000060dc00000| Untracked 

Card table byte_map: [0x000001afa9180000,0x000001afaa180000] _byte_map_base: 0x000001afa6178000

Marking Bits (Prev, Next): (CMBitMap*) 0x000001af94f56b30, (CMBitMap*) 0x000001af94f56b70
 Prev Bits: [0x000001afab180000, 0x000001afb3140000)
 Next Bits: [0x000001afb3140000, 0x000001afbb100000)

Polling page: 0x000001af929c0000

Metaspace:

Usage:
  Non-class:     13.79 MB capacity,    13.69 MB (>99%) used,    88.59 KB ( <1%) free+waste,    14.38 KB ( <1%) overhead. 
      Class:      1.52 MB capacity,     1.46 MB ( 96%) used,    59.34 KB (  4%) free+waste,     4.88 KB ( <1%) overhead. 
       Both:     15.31 MB capacity,    15.14 MB ( 99%) used,   147.92 KB ( <1%) free+waste,    19.25 KB ( <1%) overhead. 

Virtual space:
  Non-class space:       14.00 MB reserved,      14.00 MB (100%) committed 
      Class space:        1.00 GB reserved,       1.62 MB ( <1%) committed 
             Both:        1.01 GB reserved,      15.62 MB (  2%) committed 

Chunk freelists:
   Non-Class:  27.00 KB
       Class:  12.00 KB
        Both:  39.00 KB

MaxMetaspaceSize: 17179869184.00 GB
CompressedClassSpaceSize: 1.00 GB

CodeHeap 'non-profiled nmethods': size=119168Kb used=746Kb max_used=746Kb free=118421Kb
 bounds [0x000001afa0490000, 0x000001afa0700000, 0x000001afa78f0000]
CodeHeap 'profiled nmethods': size=119104Kb used=3759Kb max_used=3759Kb free=115344Kb
 bounds [0x000001af99040000, 0x000001af993f0000, 0x000001afa0490000]
CodeHeap 'non-nmethods': size=7488Kb used=1178Kb max_used=2900Kb free=6309Kb
 bounds [0x000001af988f0000, 0x000001af98bd0000, 0x000001af99040000]
 total_blobs=2244 nmethods=1805 adapters=352
 compilation: enabled
              stopped_count=0, restarted_count=0
 full_count=0

Compilation events (20 events):
Event: 3.546 Thread 0x000001afbe9c98e0 1796       4       Database.Game::toString (36 bytes)
Event: 3.634 Thread 0x000001afbe9c98e0 nmethod 1796 0x000001afa0542690 code [0x000001afa0542900, 0x000001afa0544990]
Event: 3.635 Thread 0x000001afbe9c98e0 1799       4       java.util.GregorianCalendar::<init> (56 bytes)
Event: 3.635 Thread 0x000001afbf844010 1798       4       java.util.Calendar$Builder::build (639 bytes)
Event: 3.638 Thread 0x000001afbe9c98e0 nmethod 1799 0x000001afa0545890 code [0x000001afa0545a20, 0x000001afa0545c48]
Event: 3.638 Thread 0x000001afbe9c98e0 1797       4       Database.Game::formatDate (27 bytes)
Event: 3.649 Thread 0x000001afbe9c98e0 nmethod 1797 0x000001afa0545d90 code [0x000001afa0545f80, 0x000001afa0546a68]
Event: 3.649 Thread 0x000001afbe9c98e0 1800       4       java.util.GregorianCalendar::add (698 bytes)
Event: 3.656 Thread 0x000001afbe9c98e0 nmethod 1800 0x000001afa0546f90 code [0x000001afa0547140, 0x000001afa05474b8]
Event: 3.656 Thread 0x000001afbe9c98e0 1801       4       java.util.GregorianCalendar::pinDayOfMonth (64 bytes)
Event: 3.659 Thread 0x000001afbe9c98e0 nmethod 1801 0x000001afa0547a10 code [0x000001afa0547ba0, 0x000001afa0547d58]
Event: 3.660 Thread 0x000001afbf844010 nmethod 1798 0x000001afa0548010 code [0x000001afa0548220, 0x000001afa0548dd8]
Event: 4.113 Thread 0x000001afbf844010 1802       4       java.lang.StringBuilder::<init> (6 bytes)
Event: 4.115 Thread 0x000001afbf844010 nmethod 1802 0x000001afa0549510 code [0x000001afa05496a0, 0x000001afa0549728]
Event: 217.801 Thread 0x000001afbe9cfd00 1803 %     3       Database.GameList::toString @ 18 (88 bytes)
Event: 217.806 Thread 0x000001afbe9cfd00 nmethod 1803% 0x000001af993e9390 code [0x000001af993e9680, 0x000001af993ea528]
Event: 230.709 Thread 0x000001afbe9cfd00 1804       3       Database.GameList::toString (88 bytes)
Event: 230.712 Thread 0x000001afbe9cfd00 nmethod 1804 0x000001af993ea990 code [0x000001af993eac80, 0x000001af993ebac8]
Event: 1001.439 Thread 0x000001afbe9c98e0 1805 %     4       Database.GameList::toString @ 18 (88 bytes)
Event: 1001.473 Thread 0x000001afbe9c98e0 nmethod 1805% 0x000001afa0549810 code [0x000001afa05499e0, 0x000001afa054a598]

GC Heap History (20 events):
Event: 12365.878 GC heap after
{Heap after GC invocations=378307 (full 0):
 garbage-first heap   total 204800K, used 16144K [0x0000000601000000, 0x0000000800000000)
  region size 4096K, 1 young (4096K), 1 survivors (4096K)
 Metaspace       used 15505K, capacity 15673K, committed 16000K, reserved 1062912K
  class space    used 1491K, capacity 1556K, committed 1664K, reserved 1048576K
}
Event: 12366.030 GC heap before
{Heap before GC invocations=378308 (full 0):
 garbage-first heap   total 139264K, used 65296K [0x0000000601000000, 0x0000000800000000)
  region size 4096K, 2 young (8192K), 1 survivors (4096K)
 Metaspace       used 15505K, capacity 15673K, committed 16000K, reserved 1062912K
  class space    used 1491K, capacity 1556K, committed 1664K, reserved 1048576K
}
Event: 12366.032 GC heap after
{Heap after GC invocations=378309 (full 0):
 garbage-first heap   total 221184K, used 16144K [0x0000000601000000, 0x0000000800000000)
  region size 4096K, 1 young (4096K), 1 survivors (4096K)
 Metaspace       used 15505K, capacity 15673K, committed 16000K, reserved 1062912K
  class space    used 1491K, capacity 1556K, committed 1664K, reserved 1048576K
}
Event: 12366.106 GC heap before
{Heap before GC invocations=378310 (full 0):
 garbage-first heap   total 221184K, used 102160K [0x0000000601000000, 0x0000000800000000)
  region size 4096K, 2 young (8192K), 1 survivors (4096K)
 Metaspace       used 15505K, capacity 15673K, committed 16000K, reserved 1062912K
  class space    used 1491K, capacity 1556K, committed 1664K, reserved 1048576K
}
Event: 12366.108 GC heap after
{Heap after GC invocations=378311 (full 0):
 garbage-first heap   total 221184K, used 28432K [0x0000000601000000, 0x0000000800000000)
  region size 4096K, 1 young (4096K), 1 survivors (4096K)
 Metaspace       used 15505K, capacity 15673K, committed 16000K, reserved 1062912K
  class space    used 1491K, capacity 1556K, committed 1664K, reserved 1048576K
}
Event: 12366.179 GC heap before
{Heap before GC invocations=378312 (full 0):
 garbage-first heap   total 221184K, used 102160K [0x0000000601000000, 0x0000000800000000)
  region size 4096K, 2 young (8192K), 1 survivors (4096K)
 Metaspace       used 15505K, capacity 15673K, committed 16000K, reserved 1062912K
  class space    used 1491K, capacity 1556K, committed 1664K, reserved 1048576K
}
Event: 12366.180 GC heap after
{Heap after GC invocations=378313 (full 0):
 garbage-first heap   total 221184K, used 16144K [0x0000000601000000, 0x0000000800000000)
  region size 4096K, 1 young (4096K), 1 survivors (4096K)
 Metaspace       used 15505K, capacity 15673K, committed 16000K, reserved 1062912K
  class space    used 1491K, capacity 1556K, committed 1664K, reserved 1048576K
}
Event: 12366.213 GC heap before
{Heap before GC invocations=378314 (full 0):
 garbage-first heap   total 221184K, used 114448K [0x0000000601000000, 0x0000000800000000)
  region size 4096K, 2 young (8192K), 1 survivors (4096K)
 Metaspace       used 15505K, capacity 15673K, committed 16000K, reserved 1062912K
  class space    used 1491K, capacity 1556K, committed 1664K, reserved 1048576K
}
Event: 12366.214 GC heap after
{Heap after GC invocations=378315 (full 0):
 garbage-first heap   total 221184K, used 16146K [0x0000000601000000, 0x0000000800000000)
  region size 4096K, 1 young (4096K), 1 survivors (4096K)
 Metaspace       used 15505K, capacity 15673K, committed 16000K, reserved 1062912K
  class space    used 1491K, capacity 1556K, committed 1664K, reserved 1048576K
}
Event: 12366.241 GC heap before
{Heap before GC invocations=378316 (full 0):
 garbage-first heap   total 221184K, used 102162K [0x0000000601000000, 0x0000000800000000)
  region size 4096K, 2 young (8192K), 1 survivors (4096K)
 Metaspace       used 15505K, capacity 15673K, committed 16000K, reserved 1062912K
  class space    used 1491K, capacity 1556K, committed 1664K, reserved 1048576K
}
Event: 12366.242 GC heap after
{Heap after GC invocations=378317 (full 0):
 garbage-first heap   total 221184K, used 16144K [0x0000000601000000, 0x0000000800000000)
  region size 4096K, 1 young (4096K), 1 survivors (4096K)
 Metaspace       used 15505K, capacity 15673K, committed 16000K, reserved 1062912K
  class space    used 1491K, capacity 1556K, committed 1664K, reserved 1048576K
}
Event: 12366.292 GC heap before
{Heap before GC invocations=378318 (full 0):
 garbage-first heap   total 221184K, used 77584K [0x0000000601000000, 0x0000000800000000)
  region size 4096K, 2 young (8192K), 1 survivors (4096K)
 Metaspace       used 15505K, capacity 15673K, committed 16000K, reserved 1062912K
  class space    used 1491K, capacity 1556K, committed 1664K, reserved 1048576K
}
Event: 12366.292 GC heap after
{Heap after GC invocations=378319 (full 0):
 garbage-first heap   total 221184K, used 16146K [0x0000000601000000, 0x0000000800000000)
  region size 4096K, 1 young (4096K), 1 survivors (4096K)
 Metaspace       used 15505K, capacity 15673K, committed 16000K, reserved 1062912K
  class space    used 1491K, capacity 1556K, committed 1664K, reserved 1048576K
}
Event: 12366.304 GC heap before
{Heap before GC invocations=378320 (full 0):
 garbage-first heap   total 221184K, used 89874K [0x0000000601000000, 0x0000000800000000)
  region size 4096K, 2 young (8192K), 1 survivors (4096K)
 Metaspace       used 15505K, capacity 15673K, committed 16000K, reserved 1062912K
  class space    used 1491K, capacity 1556K, committed 1664K, reserved 1048576K
}
Event: 12366.305 GC heap after
{Heap after GC invocations=378321 (full 0):
 garbage-first heap   total 221184K, used 28432K [0x0000000601000000, 0x0000000800000000)
  region size 4096K, 1 young (4096K), 1 survivors (4096K)
 Metaspace       used 15505K, capacity 15673K, committed 16000K, reserved 1062912K
  class space    used 1491K, capacity 1556K, committed 1664K, reserved 1048576K
}
Event: 12366.323 GC heap before
{Heap before GC invocations=378322 (full 0):
 garbage-first heap   total 221184K, used 102160K [0x0000000601000000, 0x0000000800000000)
  region size 4096K, 2 young (8192K), 1 survivors (4096K)
 Metaspace       used 15505K, capacity 15673K, committed 16000K, reserved 1062912K
  class space    used 1491K, capacity 1556K, committed 1664K, reserved 1048576K
}
Event: 12366.323 GC heap after
{Heap after GC invocations=378323 (full 0):
 garbage-first heap   total 221184K, used 16146K [0x0000000601000000, 0x0000000800000000)
  region size 4096K, 1 young (4096K), 1 survivors (4096K)
 Metaspace       used 15505K, capacity 15673K, committed 16000K, reserved 1062912K
  class space    used 1491K, capacity 1556K, committed 1664K, reserved 1048576K
}
Event: 12366.351 GC heap before
{Heap before GC invocations=378324 (full 0):
 garbage-first heap   total 221184K, used 102162K [0x0000000601000000, 0x0000000800000000)
  region size 4096K, 2 young (8192K), 1 survivors (4096K)
 Metaspace       used 15505K, capacity 15673K, committed 16000K, reserved 1062912K
  class space    used 1491K, capacity 1556K, committed 1664K, reserved 1048576K
}
Event: 12366.353 GC heap after
{Heap after GC invocations=378325 (full 0):
 garbage-first heap   total 221184K, used 16144K [0x0000000601000000, 0x0000000800000000)
  region size 4096K, 1 young (4096K), 1 survivors (4096K)
 Metaspace       used 15505K, capacity 15673K, committed 16000K, reserved 1062912K
  class space    used 1491K, capacity 1556K, committed 1664K, reserved 1048576K
}
Event: 12366.386 GC heap before
{Heap before GC invocations=378326 (full 0):
 garbage-first heap   total 122880K, used 65296K [0x0000000601000000, 0x0000000800000000)
  region size 4096K, 2 young (8192K), 1 survivors (4096K)
 Metaspace       used 15505K, capacity 15673K, committed 16000K, reserved 1062912K
  class space    used 1491K, capacity 1556K, committed 1664K, reserved 1048576K
}

Deoptimization events (20 events):
Event: 1.634 Thread 0x000001af94edda00 DEOPT PACKING pc=0x000001af991d1fcf sp=0x000000933a6fc770
Event: 1.634 Thread 0x000001af94edda00 DEOPT UNPACKING pc=0x000001af9893e23f sp=0x000000933a6fbbf0 mode 0
Event: 1.849 Thread 0x000001af94edda00 Uncommon trap: trap_request=0xffffff45 fr.pc=0x000001afa04bfb6c relative=0x00000000000003cc
Event: 1.849 Thread 0x000001af94edda00 Uncommon trap: reason=unstable_if action=reinterpret pc=0x000001afa04bfb6c method=java.lang.StringLatin1.canEncode(I)Z @ 4 c2
Event: 1.849 Thread 0x000001af94edda00 DEOPT PACKING pc=0x000001afa04bfb6c sp=0x000000933a6fcec0
Event: 1.849 Thread 0x000001af94edda00 DEOPT UNPACKING pc=0x000001af9893e42f sp=0x000000933a6fcde8 mode 2
Event: 1.849 Thread 0x000001af94edda00 Uncommon trap: trap_request=0xffffff45 fr.pc=0x000001afa04e6a54 relative=0x00000000000003b4
Event: 1.849 Thread 0x000001af94edda00 Uncommon trap: reason=unstable_if action=reinterpret pc=0x000001afa04e6a54 method=java.lang.AbstractStringBuilder.isLatin1()Z @ 10 c2
Event: 1.849 Thread 0x000001af94edda00 DEOPT PACKING pc=0x000001afa04e6a54 sp=0x000000933a6fcec0
Event: 1.849 Thread 0x000001af94edda00 DEOPT UNPACKING pc=0x000001af9893e42f sp=0x000000933a6fce50 mode 2
Event: 337.590 Thread 0x000001af94edda00 DEOPT PACKING pc=0x000001af993ea233 sp=0x000000933a6fd3e0
Event: 337.590 Thread 0x000001af94edda00 DEOPT UNPACKING pc=0x000001af9893e23f sp=0x000000933a6fc8c0 mode 0
Event: 490.974 Thread 0x000001af94edda00 DEOPT PACKING pc=0x000001af993ea233 sp=0x000000933a6fd3e0
Event: 490.974 Thread 0x000001af94edda00 DEOPT UNPACKING pc=0x000001af9893e23f sp=0x000000933a6fc8c0 mode 0
Event: 646.141 Thread 0x000001af94edda00 DEOPT PACKING pc=0x000001af993ea233 sp=0x000000933a6fd3e0
Event: 646.141 Thread 0x000001af94edda00 DEOPT UNPACKING pc=0x000001af9893e23f sp=0x000000933a6fc8c0 mode 0
Event: 813.691 Thread 0x000001af94edda00 DEOPT PACKING pc=0x000001af993ea233 sp=0x000000933a6fd3e0
Event: 813.691 Thread 0x000001af94edda00 DEOPT UNPACKING pc=0x000001af9893e23f sp=0x000000933a6fc8c0 mode 0
Event: 1001.439 Thread 0x000001af94edda00 DEOPT PACKING pc=0x000001af993ea233 sp=0x000000933a6fd3e0
Event: 1001.439 Thread 0x000001af94edda00 DEOPT UNPACKING pc=0x000001af9893e23f sp=0x000000933a6fc8c0 mode 0

Classes unloaded (4 events):
Event: 8158.632 Thread 0x000001afbe0da6e0 Unloading class 0x000000080010a840 'jdk/internal/reflect/GeneratedSerializationConstructorAccessor1'
Event: 8158.633 Thread 0x000001afbe0da6e0 Unloading class 0x0000000800108040 'jdk/internal/reflect/GeneratedConstructorAccessor3'
Event: 8158.633 Thread 0x000001afbe0da6e0 Unloading class 0x0000000800064840 'jdk/internal/reflect/GeneratedConstructorAccessor2'
Event: 8158.634 Thread 0x000001afbe0da6e0 Unloading class 0x0000000800065c40 'jdk/internal/reflect/GeneratedConstructorAccessor1'

Classes redefined (0 events):
No events

Internal exceptions (20 events):
Event: 1.166 Thread 0x000001af94edda00 Exception <a 'java/lang/IncompatibleClassChangeError'{0x0000000620146500}: Found class java.lang.Object, but interface was expected> (0x0000000620146500) 
thrown [./open/src/hotspot/share/interpreter/linkResolver.cpp, line 848]
Event: 1.187 Thread 0x000001af94edda00 Exception <a 'java/lang/NoSuchMethodError'{0x00000006201d4640}: 'java.lang.Object java.lang.invoke.DirectMethodHandle$Holder.invokeStaticInit(java.lang.Object, java.lang.Object, java.lang.Object)'> (0x00000006201d4640) 
thrown [./open/src/hotspot/share/interpreter/linkResolver.cpp, line 782]
Event: 1.190 Thread 0x000001af94edda00 Exception <a 'java/lang/NoSuchMethodError'{0x00000006201dca00}: 'void java.lang.invoke.DirectMethodHandle$Holder.invokeStaticInit(java.lang.Object, java.lang.Object, java.lang.Object)'> (0x00000006201dca00) 
thrown [./open/src/hotspot/share/interpreter/linkResolver.cpp, line 782]
Event: 1.239 Thread 0x000001af94edda00 Exception <a 'java/lang/NoSuchMethodError'{0x00000006203600e0}: 'java.lang.Object java.lang.invoke.DirectMethodHandle$Holder.newInvokeSpecial(java.lang.Object, java.lang.Object, java.lang.Object, java.lang.Object, java.lang.Object)'> (0x00000006203600e0) 
thrown [./open/src/hotspot/share/interpreter/linkResolver.cpp, line 782]
Event: 1.288 Thread 0x000001af94edda00 Exception <a 'java/lang/NoSuchMethodError'{0x000000061fc29308}: 'void java.lang.invoke.DirectMethodHandle$Holder.invokeInterface(java.lang.Object, java.lang.Object, java.lang.Object)'> (0x000000061fc29308) 
thrown [./open/src/hotspot/share/interpreter/linkResolver.cpp, line 782]
Event: 1.289 Thread 0x000001af94edda00 Exception <a 'java/lang/IncompatibleClassChangeError'{0x000000061fc2c8a0}: Found class java.lang.Object, but interface was expected> (0x000000061fc2c8a0) 
thrown [./open/src/hotspot/share/interpreter/linkResolver.cpp, line 848]
Event: 1.432 Thread 0x000001af94edda00 Exception <a 'java/lang/NoSuchMethodError'{0x000000061fe44298}: 'java.lang.Object java.lang.invoke.DirectMethodHandle$Holder.invokeInterface(java.lang.Object, java.lang.Object)'> (0x000000061fe44298) 
thrown [./open/src/hotspot/share/interpreter/linkResolver.cpp, line 782]
Event: 1.434 Thread 0x000001af94edda00 Exception <a 'java/lang/IncompatibleClassChangeError'{0x000000061fe47f38}: Found class java.lang.Object, but interface was expected> (0x000000061fe47f38) 
thrown [./open/src/hotspot/share/interpreter/linkResolver.cpp, line 848]
Event: 1.512 Thread 0x000001af94edda00 Exception <a 'java/lang/NoSuchMethodError'{0x000000061ff43148}: 'java.lang.Object java.lang.invoke.DirectMethodHandle$Holder.invokeSpecialIFC(java.lang.Object, java.lang.Object, java.lang.Object, java.lang.Object)'> (0x000000061ff43148) 
thrown [./open/src/hotspot/share/interpreter/linkResolver.cpp, line 782]
Event: 1.531 Thread 0x000001af94edda00 Exception <a 'java/lang/NoSuchMethodError'{0x000000061ff91660}: 'java.lang.Object java.lang.invoke.DirectMethodHandle$Holder.invokeStatic(java.lang.Object, java.lang.Object, int)'> (0x000000061ff91660) 
thrown [./open/src/hotspot/share/interpreter/linkResolver.cpp, line 782]
Event: 1.539 Thread 0x000001af94edda00 Exception <a 'java/lang/NoSuchMethodError'{0x000000061ffb90b0}: 'int java.lang.invoke.DirectMethodHandle$Holder.invokeStatic(java.lang.Object, java.lang.Object, java.lang.Object, java.lang.Object)'> (0x000000061ffb90b0) 
thrown [./open/src/hotspot/share/interpreter/linkResolver.cpp, line 782]
Event: 1.552 Thread 0x000001af94edda00 Exception <a 'java/lang/NoSuchMethodError'{0x000000061ffdba48}: 'void java.lang.invoke.DirectMethodHandle$Holder.invokeSpecial(java.lang.Object, java.lang.Object, java.lang.Object, java.lang.Object, java.lang.Object)'> (0x000000061ffdba48) 
thrown [./open/src/hotspot/share/interpreter/linkResolver.cpp, line 782]
Event: 1.577 Thread 0x000001af94edda00 Exception <a 'java/lang/NoSuchMethodError'{0x000000061f82f788}: 'java.lang.Object java.lang.invoke.DirectMethodHandle$Holder.invokeVirtual(java.lang.Object, java.lang.Object, java.lang.Object)'> (0x000000061f82f788) 
thrown [./open/src/hotspot/share/interpreter/linkResolver.cpp, line 782]
Event: 1.596 Thread 0x000001af94edda00 Exception <a 'java/lang/NoSuchMethodError'{0x000000061f871028}: 'void java.lang.invoke.DirectMethodHandle$Holder.invokeInterface(java.lang.Object, java.lang.Object, java.lang.Object, java.lang.Object)'> (0x000000061f871028) 
thrown [./open/src/hotspot/share/interpreter/linkResolver.cpp, line 782]
Event: 1.597 Thread 0x000001af94edda00 Exception <a 'java/lang/IncompatibleClassChangeError'{0x000000061f874b50}: Found class java.lang.Object, but interface was expected> (0x000000061f874b50) 
thrown [./open/src/hotspot/share/interpreter/linkResolver.cpp, line 848]
Event: 1.598 Thread 0x000001af94edda00 Exception <a 'java/lang/NoSuchMethodError'{0x000000061f88f4c8}: 'void java.lang.invoke.DirectMethodHandle$Holder.invokeStatic(java.lang.Object, java.lang.Object, java.lang.Object, java.lang.Object)'> (0x000000061f88f4c8) 
thrown [./open/src/hotspot/share/interpreter/linkResolver.cpp, line 782]
Event: 1.612 Thread 0x000001af94edda00 Exception <a 'java/lang/NoSuchMethodError'{0x000000061f8f18c0}: 'java.lang.Object java.lang.invoke.Invokers$Holder.invokeExact_MT(java.lang.Object, java.lang.Object, java.lang.Object, java.lang.Object, java.lang.Object, java.lang.Object)'> (0x000000061f8f18c0) 
thrown [./open/src/hotspot/share/interpreter/linkResolver.cpp, line 782]
Event: 1.614 Thread 0x000001af94edda00 Exception <a 'java/lang/NoSuchMethodError'{0x000000061f902450}: 'int java.lang.invoke.DirectMethodHandle$Holder.invokeStatic(java.lang.Object, java.lang.Object, java.lang.Object, java.lang.Object, java.lang.Object)'> (0x000000061f902450) 
thrown [./open/src/hotspot/share/interpreter/linkResolver.cpp, line 782]
Event: 1.773 Thread 0x000001af94edda00 Exception <a 'java/lang/NoSuchMethodError'{0x000000061fb6bbc8}: 'int java.lang.invoke.DirectMethodHandle$Holder.invokeSpecial(java.lang.Object, java.lang.Object, java.lang.Object, java.lang.Object)'> (0x000000061fb6bbc8) 
thrown [./open/src/hotspot/share/interpreter/linkResolver.cpp, line 782]
Event: 1.854 Thread 0x000001af94edda00 Exception <a 'java/lang/reflect/InvocationTargetException'{0x0000000620d7cb28}> (0x0000000620d7cb28) 
thrown [./open/src/hotspot/share/runtime/reflection.cpp, line 1157]

Events (20 events):
Event: 12366.301 Executing VM operation: G1Concurrent done
Event: 12366.304 Executing VM operation: G1TryInitiateConcMark
Event: 12366.305 Executing VM operation: G1TryInitiateConcMark done
Event: 12366.310 Executing VM operation: G1Concurrent
Event: 12366.317 Executing VM operation: G1Concurrent done
Event: 12366.320 Executing VM operation: G1Concurrent
Event: 12366.321 Executing VM operation: G1Concurrent done
Event: 12366.323 Executing VM operation: G1TryInitiateConcMark
Event: 12366.323 Executing VM operation: G1TryInitiateConcMark done
Event: 12366.328 Executing VM operation: G1Concurrent
Event: 12366.329 Executing VM operation: G1Concurrent done
Event: 12366.332 Executing VM operation: G1Concurrent
Event: 12366.348 Executing VM operation: G1Concurrent done
Event: 12366.351 Executing VM operation: G1TryInitiateConcMark
Event: 12366.353 Executing VM operation: G1TryInitiateConcMark done
Event: 12366.358 Executing VM operation: G1Concurrent
Event: 12366.370 Executing VM operation: G1Concurrent done
Event: 12366.373 Executing VM operation: G1Concurrent
Event: 12366.380 Executing VM operation: G1Concurrent done
Event: 12366.386 Executing VM operation: G1TryInitiateConcMark


Dynamic libraries:
0x00007ff623e60000 - 0x00007ff623e6d000 	C:\Users\Astrid\.p2\pool\plugins\org.eclipse.justj.openjdk.hotspot.jre.full.win32.x86_64_15.0.2.v20210201-0955\jre\bin\javaw.exe
0x00007ff9f53d0000 - 0x00007ff9f55c5000 	C:\WINDOWS\SYSTEM32\ntdll.dll
0x00007ff9f4f60000 - 0x00007ff9f501d000 	C:\WINDOWS\System32\KERNEL32.DLL
0x00007ff9f2dd0000 - 0x00007ff9f3098000 	C:\WINDOWS\System32\KERNELBASE.dll
0x00007ff9b4ea0000 - 0x00007ff9b4f91000 	C:\Program Files\Bitdefender\Bitdefender Security\atcuf\265267619164186309\atcuf64.dll
0x00007ff9f3280000 - 0x00007ff9f3380000 	C:\WINDOWS\System32\ucrtbase.dll
0x00007ff9ee8c0000 - 0x00007ff9ee8d8000 	C:\Users\Astrid\.p2\pool\plugins\org.eclipse.justj.openjdk.hotspot.jre.full.win32.x86_64_15.0.2.v20210201-0955\jre\bin\jli.dll
0x00007ff9f4680000 - 0x00007ff9f4820000 	C:\WINDOWS\System32\USER32.dll
0x00007ff9f2b10000 - 0x00007ff9f2b32000 	C:\WINDOWS\System32\win32u.dll
0x00007ff9f4df0000 - 0x00007ff9f4e1a000 	C:\WINDOWS\System32\GDI32.dll
0x00007ff9f2b40000 - 0x00007ff9f2c4b000 	C:\WINDOWS\System32\gdi32full.dll
0x00007ff9f2d30000 - 0x00007ff9f2dcd000 	C:\WINDOWS\System32\msvcp_win.dll
0x00007ff9db4c0000 - 0x00007ff9db4d9000 	C:\Users\Astrid\.p2\pool\plugins\org.eclipse.justj.openjdk.hotspot.jre.full.win32.x86_64_15.0.2.v20210201-0955\jre\bin\VCRUNTIME140.dll
0x00007ff9d6a60000 - 0x00007ff9d6cfa000 	C:\WINDOWS\WinSxS\amd64_microsoft.windows.common-controls_6595b64144ccf1df_6.0.19041.844_none_ca00b6081b84eb1d\COMCTL32.dll
0x00007ff9f52f0000 - 0x00007ff9f538e000 	C:\WINDOWS\System32\msvcrt.dll
0x00007ff9f4dc0000 - 0x00007ff9f4df0000 	C:\WINDOWS\System32\IMM32.DLL
0x00007ff9e7520000 - 0x00007ff9e752c000 	C:\Users\Astrid\.p2\pool\plugins\org.eclipse.justj.openjdk.hotspot.jre.full.win32.x86_64_15.0.2.v20210201-0955\jre\bin\vcruntime140_1.dll
0x00007ff9db420000 - 0x00007ff9db4b1000 	C:\Users\Astrid\.p2\pool\plugins\org.eclipse.justj.openjdk.hotspot.jre.full.win32.x86_64_15.0.2.v20210201-0955\jre\bin\msvcp140.dll
0x00007ff958a70000 - 0x00007ff9595ce000 	C:\Users\Astrid\.p2\pool\plugins\org.eclipse.justj.openjdk.hotspot.jre.full.win32.x86_64_15.0.2.v20210201-0955\jre\bin\server\jvm.dll
0x00007ff9f3fd0000 - 0x00007ff9f407c000 	C:\WINDOWS\System32\ADVAPI32.dll
0x00007ff9f5020000 - 0x00007ff9f50bb000 	C:\WINDOWS\System32\sechost.dll
0x00007ff9f4080000 - 0x00007ff9f41ab000 	C:\WINDOWS\System32\RPCRT4.dll
0x00007ff9f3f00000 - 0x00007ff9f3f08000 	C:\WINDOWS\System32\PSAPI.DLL
0x00007ff9b0a80000 - 0x00007ff9b0a89000 	C:\WINDOWS\SYSTEM32\WSOCK32.dll
0x00007ff9f4ef0000 - 0x00007ff9f4f5b000 	C:\WINDOWS\System32\WS2_32.dll
0x00007ff9ed0d0000 - 0x00007ff9ed0f7000 	C:\WINDOWS\SYSTEM32\WINMM.dll
0x00007ff9ecd10000 - 0x00007ff9ecd1a000 	C:\WINDOWS\SYSTEM32\VERSION.dll
0x00007ff9f0ab0000 - 0x00007ff9f0ac2000 	C:\WINDOWS\SYSTEM32\kernel.appcore.dll
0x00007ff9d85e0000 - 0x00007ff9d85ea000 	C:\Users\Astrid\.p2\pool\plugins\org.eclipse.justj.openjdk.hotspot.jre.full.win32.x86_64_15.0.2.v20210201-0955\jre\bin\jimage.dll
0x00007ff9f01a0000 - 0x00007ff9f0384000 	C:\WINDOWS\SYSTEM32\DBGHELP.DLL
0x00007ff9d4d90000 - 0x00007ff9d4dbc000 	C:\WINDOWS\SYSTEM32\dbgcore.DLL
0x00007ff9f3200000 - 0x00007ff9f3280000 	C:\WINDOWS\System32\bcryptPrimitives.dll
0x00007ff9d2cc0000 - 0x00007ff9d2ce5000 	C:\Users\Astrid\.p2\pool\plugins\org.eclipse.justj.openjdk.hotspot.jre.full.win32.x86_64_15.0.2.v20210201-0955\jre\bin\java.dll
0x00007ff9d85c0000 - 0x00007ff9d85d8000 	C:\Users\Astrid\.p2\pool\plugins\org.eclipse.justj.openjdk.hotspot.jre.full.win32.x86_64_15.0.2.v20210201-0955\jre\bin\zip.dll
0x00007ff9f3600000 - 0x00007ff9f3d42000 	C:\WINDOWS\System32\SHELL32.dll
0x00007ff9f0c20000 - 0x00007ff9f13b0000 	C:\WINDOWS\SYSTEM32\windows.storage.dll
0x00007ff9f4820000 - 0x00007ff9f4b75000 	C:\WINDOWS\System32\combase.dll
0x00007ff9f24b0000 - 0x00007ff9f24dc000 	C:\WINDOWS\SYSTEM32\Wldp.dll
0x00007ff9f4d10000 - 0x00007ff9f4dbe000 	C:\WINDOWS\System32\SHCORE.dll
0x00007ff9f4620000 - 0x00007ff9f4675000 	C:\WINDOWS\System32\shlwapi.dll
0x00007ff9f2a50000 - 0x00007ff9f2a6f000 	C:\WINDOWS\SYSTEM32\profapi.dll
0x00007ff9d2040000 - 0x00007ff9d2059000 	C:\Users\Astrid\.p2\pool\plugins\org.eclipse.justj.openjdk.hotspot.jre.full.win32.x86_64_15.0.2.v20210201-0955\jre\bin\net.dll
0x00007ff9eb470000 - 0x00007ff9eb57b000 	C:\WINDOWS\SYSTEM32\WINHTTP.dll
0x00007ff9f2290000 - 0x00007ff9f22fa000 	C:\WINDOWS\system32\mswsock.dll
0x00007ff9d1f50000 - 0x00007ff9d1f62000 	C:\Users\Astrid\.p2\pool\plugins\org.eclipse.justj.openjdk.hotspot.jre.full.win32.x86_64_15.0.2.v20210201-0955\jre\bin\nio.dll
0x00007ff9d2cb0000 - 0x00007ff9d2cc0000 	C:\Users\Astrid\.p2\pool\plugins\org.eclipse.justj.openjdk.hotspot.jre.full.win32.x86_64_15.0.2.v20210201-0955\jre\bin\verify.dll
0x00007ff9f1f50000 - 0x00007ff9f1f8b000 	C:\WINDOWS\SYSTEM32\IPHLPAPI.DLL
0x00007ff9f4cf0000 - 0x00007ff9f4cf8000 	C:\WINDOWS\System32\NSI.dll
0x00007ff9ec760000 - 0x00007ff9ec777000 	C:\WINDOWS\SYSTEM32\dhcpcsvc6.DLL
0x00007ff9ec740000 - 0x00007ff9ec75d000 	C:\WINDOWS\SYSTEM32\dhcpcsvc.DLL
0x00007ff9f1fa0000 - 0x00007ff9f206c000 	C:\WINDOWS\SYSTEM32\DNSAPI.dll

dbghelp: loaded successfully - version: 4.0.5 - missing functions: none
symbol engine: initialized successfully - sym options: 0x614 - pdb path: .;C:\Users\Astrid\.p2\pool\plugins\org.eclipse.justj.openjdk.hotspot.jre.full.win32.x86_64_15.0.2.v20210201-0955\jre\bin;C:\WINDOWS\SYSTEM32;C:\Program Files\Bitdefender\Bitdefender Security\atcuf\265267619164186309;C:\WINDOWS\WinSxS\amd64_microsoft.windows.common-controls_6595b64144ccf1df_6.0.19041.844_none_ca00b6081b84eb1d;C:\Users\Astrid\.p2\pool\plugins\org.eclipse.justj.openjdk.hotspot.jre.full.win32.x86_64_15.0.2.v20210201-0955\jre\bin\server

VM Arguments:
jvm_args: -ea -Dfile.encoding=Cp1252 -XX:+ShowCodeDetailsInExceptionMessages 
java_command: org.eclipse.jdt.internal.junit.runner.RemoteTestRunner -version 3 -port 58484 -testLoaderClass org.eclipse.jdt.internal.junit5.runner.JUnit5TestLoader -loaderpluginname org.eclipse.jdt.junit5.runtime -classNames Testing.GameListTest
java_class_path (initial): C:\Users\Astrid\Desktop\DSE_Assignment2\out\production\DS_2016_Assignment2;C:\Users\Astrid\.p2\pool\plugins\org.junit.jupiter.api_5.7.1.v20210222-1948.jar;C:\Users\Astrid\.p2\pool\plugins\org.junit.jupiter.engine_5.7.1.v20210222-1948.jar;C:\Users\Astrid\.p2\pool\plugins\org.junit.jupiter.migrationsupport_5.7.1.v20210222-1948.jar;C:\Users\Astrid\.p2\pool\plugins\org.junit.jupiter.params_5.7.1.v20210222-1948.jar;C:\Users\Astrid\.p2\pool\plugins\org.junit.platform.commons_1.7.1.v20210222-1948.jar;C:\Users\Astrid\.p2\pool\plugins\org.junit.platform.engine_1.7.1.v20210222-1948.jar;C:\Users\Astrid\.p2\pool\plugins\org.junit.platform.launcher_1.7.1.v20210222-1948.jar;C:\Users\Astrid\.p2\pool\plugins\org.junit.platform.runner_1.7.1.v20210222-1948.jar;C:\Users\Astrid\.p2\pool\plugins\org.junit.platform.suite.api_1.7.1.v20210222-1948.jar;C:\Users\Astrid\.p2\pool\plugins\org.junit.vintage.engine_5.7.1.v20210222-1948.jar;C:\Users\Astrid\.p2\pool\plugins\org.opentest4j_1.2.0.v20190826-0900.jar;C:\Users\Astrid\.p2\pool\plugins\org.apiguardian_1.1.0.v20190826-0900.jar;C:\Users\Astrid\.p2\pool\plugins\org.junit_4.13.0.v20200204-1500.jar;C:\Users\Astrid\.p2\pool\plugins\org.hamcrest.core_1.3.0.v20180420-1519.jar;C:\Users\Astrid\eclipse\java-2021-03\eclipse\configuration\org.eclipse.osgi\221\0\.cp;C:\Users\Astrid\eclipse\java-2021-03\eclipse\configuration\org.eclipse.osgi\219\0\.cp
Launcher Type: SUN_STANDARD

[Global flags]
     intx CICompilerCount                          = 12                                        {product} {ergonomic}
     uint ConcGCThreads                            = 3                                         {product} {ergonomic}
     uint G1ConcRefinementThreads                  = 13                                        {product} {ergonomic}
   size_t G1HeapRegionSize                         = 4194304                                   {product} {ergonomic}
    uintx GCDrainStackTargetSize                   = 64                                        {product} {ergonomic}
   size_t InitialHeapSize                          = 536870912                                 {product} {ergonomic}
   size_t MarkStackSize                            = 4194304                                   {product} {ergonomic}
   size_t MaxHeapSize                              = 8573157376                                {product} {ergonomic}
   size_t MaxNewSize                               = 5142216704                                {product} {ergonomic}
   size_t MinHeapDeltaBytes                        = 4194304                                   {product} {ergonomic}
   size_t MinHeapSize                              = 8388608                                   {product} {ergonomic}
    uintx NonNMethodCodeHeapSize                   = 7602480                                {pd product} {ergonomic}
    uintx NonProfiledCodeHeapSize                  = 122027880                              {pd product} {ergonomic}
    uintx ProfiledCodeHeapSize                     = 122027880                              {pd product} {ergonomic}
    uintx ReservedCodeCacheSize                    = 251658240                              {pd product} {ergonomic}
     bool SegmentedCodeCache                       = true                                      {product} {ergonomic}
     bool ShowCodeDetailsInExceptionMessages       = true                                   {manageable} {command line}
   size_t SoftMaxHeapSize                          = 8573157376                             {manageable} {ergonomic}
     bool UseCompressedClassPointers               = true                                 {lp64_product} {ergonomic}
     bool UseCompressedOops                        = true                                 {lp64_product} {ergonomic}
     bool UseG1GC                                  = true                                      {product} {ergonomic}
     bool UseLargePagesIndividualAllocation        = false                                  {pd product} {ergonomic}

Logging:
Log output configuration:
 #0: stdout all=warning uptime,level,tags
 #1: stderr all=off uptime,level,tags

Environment Variables:
JAVA_HOME=C:\Program Files\Android\Jdk\microsoft_dist_openjdk_1.8.0.25
PATH=C:/Users/Astrid/.p2/pool/plugins/org.eclipse.justj.openjdk.hotspot.jre.full.win32.x86_64_15.0.2.v20210201-0955/jre/bin/server;C:/Users/Astrid/.p2/pool/plugins/org.eclipse.justj.openjdk.hotspot.jre.full.win32.x86_64_15.0.2.v20210201-0955/jre/bin;C:\Program Files (x86)\Rockwell Software\RSCommon;C:\Program Files\Microsoft MPI\Bin\;C:\Program Files (x86)\Microsoft SDKs\Azure\CLI2\wbin;C:\Program Files (x86)\Common Files\Oracle\Java\javapath;C:\Windows\system32;C:\Windows;C:\Windows\System32\Wbem;C:\Windows\System32\WindowsPowerShell\v1.0\;C:\Windows\System32\OpenSSH\;C:\Program Files\NVIDIA Corporation\NVIDIA NvDLISR;C:\Program Files (x86)\NVIDIA Corporation\PhysX\Common;c:\Program Files (x86)\Microsoft SQL Server\110\Tools\Binn\;c:\Program Files\Microsoft SQL Server\110\Tools\Binn\;c:\Program Files\Microsoft SQL Server\110\DTS\Binn\;c:\Program Files (x86)\Microsoft SQL Server\110\Tools\Binn\ManagementStudio\;c:\Program Files (x86)\Microsoft SQL Server\110\DTS\Binn\;C:\Program Files\Microsoft VS Code\bin;C:\Program Files\Git\cmd;C:\Program Files\nodejs\;C:\ProgramData\chocolatey\bin;C:\Program Files\dotnet\;C:\Program Files\Microsoft SQL Server\130\Tools\Binn\;C:\Program Files\Microsoft SQL Server\Client SDK\ODBC\170\Tools\Binn\;C:\Program Files (x86)\Microsoft SQL Server\150\Tools\Binn\;C:\Program Files\Microsoft SQL Server\150\Tools\Binn\;C:\Program Files\Microsoft SQL Server\150\DTS\Binn\;C:\Program Files\MongoDB\Server\4.2\bin;C:\Program Files (x86)\Common Files\Rockwell\;C:\WINDOWS\system32;C:\WINDOWS;C:\WINDOWS\System32\Wbem;C:\WINDOWS\System32\WindowsPowerShell\v1.0\;C:\WINDOWS\System32\OpenSSH\;C:\Program Files (x86)\IncrediBuild;C:\Program Files\Docker\Docker\resources\bin;C:\ProgramData\DockerDesktop\version-bin;C:\Program Files (x86)\dotnet\;C:\Program Files (x86)\Microsoft SQL Server\150\DTS\Binn\;C:\Program Files\Azure Data Studio\bin;C:\Program Files\TortoiseGit\bin;C:\Program Files\MySQL\MySQL Shell 8.0\bin\;C:\Users\Astrid\AppData\Local\Microsoft\Wind
USERNAME=Astrid
OS=Windows_NT
PROCESSOR_IDENTIFIER=AMD64 Family 23 Model 113 Stepping 0, AuthenticAMD



---------------  S Y S T E M  ---------------

OS:
 Windows 10 , 64 bit Build 19041 (10.0.19041.928)
OS uptime: 4 days 9:58 hours
HyperV virtualization detected

CPU: total 16 (initial active 16) (16 cores per cpu, 2 threads per core) family 23 model 113 stepping 0 microcode 0x0, cmov, cx8, fxsr, mmx, sse, sse2, sse3, ssse3, sse4.1, sse4.2, popcnt, vzeroupper, avx, avx2, aes, clmul, 3dnowpref, lzcnt, sse4a, ht, tsc, tscinvbit, tscinv, bmi1, bmi2, adx, sha, fma, clflush, clflushopt

Memory: 4k page, system-wide physical 32699M (3M free)
TotalPageFile size 131003M (AvailPageFile size 170M)
current process WorkingSet (physical memory assigned to process): 1M, peak: 847M
current process commit charge ("private bytes"): 319M, peak: 1026M

vm_info: OpenJDK 64-Bit Server VM (15.0.2+7-27) for windows-amd64 JRE (15.0.2+7-27), built on Dec  7 2020 20:02:38 by "mach5one" with unknown MS VC++:1925

END.
