#
# There is insufficient memory for the Java Runtime Environment to continue.
# Native memory allocation (mmap) failed to map 109051904 bytes for G1 virtual space
# Possible reasons:
#   The system is out of physical RAM or swap space
#   The process is running with CompressedOops enabled, and the Java Heap may be blocking the growth of the native heap
# Possible solutions:
#   Reduce memory load on the system
#   Increase physical memory or swap space
#   Check if swap backing store is full
#   Decrease Java heap size (-Xmx/-Xms)
#   Decrease number of Java threads
#   Decrease Java thread stack sizes (-Xss)
#   Set larger code cache with -XX:ReservedCodeCacheSize=
#   JVM is running with Zero Based Compressed Oops mode in which the Java heap is
#     placed in the first 32GB address space. The Java Heap base address is the
#     maximum limit for the native heap growth. Please use -XX:HeapBaseMinAddress
#     to set the Java Heap base and to place the Java Heap above 32GB virtual address.
# This output file may be truncated or incomplete.
#
#  Out of Memory Error (./open/src/hotspot/os/windows/os_windows.cpp:3321), pid=8664, tid=26928
#
# JRE version: OpenJDK Runtime Environment (15.0.2+7) (build 15.0.2+7-27)
# Java VM: OpenJDK 64-Bit Server VM (15.0.2+7-27, mixed mode, tiered, compressed oops, g1 gc, windows-amd64)
# No core dump will be written. Minidumps are not enabled by default on client versions of Windows
#

---------------  S U M M A R Y ------------

Command Line: -ea -Dfile.encoding=Cp1252 -XX:+ShowCodeDetailsInExceptionMessages org.eclipse.jdt.internal.junit.runner.RemoteTestRunner -version 3 -port 63263 -testLoaderClass org.eclipse.jdt.internal.junit5.runner.JUnit5TestLoader -loaderpluginname org.eclipse.jdt.junit5.runtime -classNames Testing.GameListTest

Host: AMD Ryzen 7 3800X 8-Core Processor             , 16 cores, 31G,  Windows 10 , 64 bit Build 19041 (10.0.19041.928)
Time: Sun May 30 00:10:40 2021 Cen. Australia Standard Time elapsed time: 12169.048424 seconds (0d 3h 22m 49s)

---------------  T H R E A D  ---------------

Current thread (0x00000268e5f0c3b0):  VMThread "VM Thread" [stack: 0x000000cc9b100000,0x000000cc9b200000] [id=26928]

Stack: [0x000000cc9b100000,0x000000cc9b200000]
[error occurred during error reporting (printing stack bounds), id 0xc0000005, EXCEPTION_ACCESS_VIOLATION (0xc0000005) at pc=0x00000268c07410ad]

Native frames: (J=compiled Java code, j=interpreted, Vv=VM code, C=native code)
V  [jvm.dll+0x62ae9a]
V  [jvm.dll+0x7817a9]
V  [jvm.dll+0x782f03]
V  [jvm.dll+0x7834c5]
V  [jvm.dll+0x78347b]
V  [jvm.dll+0x62a2b9]
V  [jvm.dll+0x62aa88]
C  [ntdll.dll+0xa217f]
C  [ntdll.dll+0x51454]
C  [ntdll.dll+0xa0cae]
C  0x00000268c07410ad

VM_Operation (0x000000cc9abfb960): G1TryInitiateConcMark, mode: safepoint, requested by thread 0x00000268bcd2da00


---------------  P R O C E S S  ---------------

Threads class SMR info:
_java_thread_list=0x00000268e6990ab0, length=11, elements={
0x00000268bcd2da00, 0x00000268e5f364f0, 0x00000268e6807010, 0x00000268e67eddc0,
0x00000268e67f0790, 0x00000268e67f3060, 0x00000268e67f4c60, 0x00000268e67f5610,
0x00000268e683f350, 0x00000268e699e510, 0x00000268e69bf150
}

Java Threads: ( => current thread )
  0x00000268bcd2da00 JavaThread "main" [_thread_blocked, id=9692, stack(0x000000cc9ab00000,0x000000cc9ac00000)]
  0x00000268e5f364f0 JavaThread "Reference Handler" daemon [_thread_blocked, id=8888, stack(0x000000cc9b200000,0x000000cc9b300000)]
  0x00000268e6807010 JavaThread "Finalizer" daemon [_thread_blocked, id=27424, stack(0x000000cc9b300000,0x000000cc9b400000)]
  0x00000268e67eddc0 JavaThread "Signal Dispatcher" daemon [_thread_blocked, id=3828, stack(0x000000cc9b400000,0x000000cc9b500000)]
  0x00000268e67f0790 JavaThread "Attach Listener" daemon [_thread_blocked, id=12608, stack(0x000000cc9b500000,0x000000cc9b600000)]
  0x00000268e67f3060 JavaThread "Service Thread" daemon [_thread_blocked, id=16040, stack(0x000000cc9b600000,0x000000cc9b700000)]
  0x00000268e67f4c60 JavaThread "C2 CompilerThread0" daemon [_thread_blocked, id=17452, stack(0x000000cc9b700000,0x000000cc9b800000)]
  0x00000268e67f5610 JavaThread "C1 CompilerThread0" daemon [_thread_blocked, id=27148, stack(0x000000cc9b800000,0x000000cc9b900000)]
  0x00000268e683f350 JavaThread "Sweeper thread" daemon [_thread_blocked, id=25816, stack(0x000000cc9b900000,0x000000cc9ba00000)]
  0x00000268e699e510 JavaThread "Notification Thread" daemon [_thread_blocked, id=25128, stack(0x000000cc9bb00000,0x000000cc9bc00000)]
  0x00000268e69bf150 JavaThread "Common-Cleaner" daemon [_thread_blocked, id=19284, stack(0x000000cc9bd00000,0x000000cc9be00000)]

Other Threads:
=>0x00000268e5f0c3b0 VMThread "VM Thread" [stack: 0x000000cc9b100000,0x000000cc9b200000] [id=26928]
  0x00000268e699f610 WatcherThread [stack: 0x000000cc9bc00000,0x000000cc9bd00000] [id=22404]
  0x00000268bcda6430 GCTaskThread "GC Thread#0" [stack: 0x000000cc9ac00000,0x000000cc9ad00000] [id=24444]
  0x00000268e6db9320 GCTaskThread "GC Thread#1" [stack: 0x000000cc9be00000,0x000000cc9bf00000] [id=20696]
  0x00000268e6db8990 GCTaskThread "GC Thread#2" [stack: 0x000000cc9c000000,0x000000cc9c100000] [id=20316]
  0x00000268e6db9fe0 GCTaskThread "GC Thread#3" [stack: 0x000000cc9c100000,0x000000cc9c200000] [id=2356]
  0x00000268e6db7010 GCTaskThread "GC Thread#4" [stack: 0x000000cc9c200000,0x000000cc9c300000] [id=22780]
  0x00000268e6db7670 GCTaskThread "GC Thread#5" [stack: 0x000000cc9c300000,0x000000cc9c400000] [id=3036]
  0x00000268e6db8ff0 GCTaskThread "GC Thread#6" [stack: 0x000000cc9c400000,0x000000cc9c500000] [id=26704]
  0x00000268e6db7340 GCTaskThread "GC Thread#7" [stack: 0x000000cc9c500000,0x000000cc9c600000] [id=27624]
  0x00000268e6db9980 GCTaskThread "GC Thread#8" [stack: 0x000000cc9c600000,0x000000cc9c700000] [id=16720]
  0x00000268e6db8000 GCTaskThread "GC Thread#9" [stack: 0x000000cc9c700000,0x000000cc9c800000] [id=1372]
  0x00000268e6db79a0 GCTaskThread "GC Thread#10" [stack: 0x000000cc9c800000,0x000000cc9c900000] [id=3552]
  0x00000268e6db9cb0 GCTaskThread "GC Thread#11" [stack: 0x000000cc9c900000,0x000000cc9ca00000] [id=17492]
  0x00000268e6dba310 GCTaskThread "GC Thread#12" [stack: 0x000000cc9ca00000,0x000000cc9cb00000] [id=936]
  0x00000268bcdb7410 ConcurrentGCThread "G1 Main Marker" [stack: 0x000000cc9ad00000,0x000000cc9ae00000] [id=20448]
  0x00000268bcdb86b0 ConcurrentGCThread "G1 Conc#0" [stack: 0x000000cc9ae00000,0x000000cc9af00000] [id=26968]
  0x00000268e6dba640 ConcurrentGCThread "G1 Conc#1" [stack: 0x000000cc9cc00000,0x000000cc9cd00000] [id=26796]
  0x00000268e6db8330 ConcurrentGCThread "G1 Conc#2" [stack: 0x000000cc9cd00000,0x000000cc9ce00000] [id=26540]
  0x00000268e5debd60 ConcurrentGCThread "G1 Refine#0" [stack: 0x000000cc9af00000,0x000000cc9b000000] [id=27160]
  0x00000268e5dec870 ConcurrentGCThread "G1 Young RemSet Sampling" [stack: 0x000000cc9b000000,0x000000cc9b100000] [id=23264]

Threads with active compile tasks:

VM state: at safepoint (normal execution)

VM Mutex/Monitor currently owned by a thread:  ([mutex/lock_event])
[0x00000268bcd29530] Threads_lock - owner thread: 0x00000268e5f0c3b0
[0x00000268bcd291d0] Heap_lock - owner thread: 0x00000268bcd2da00

Heap address: 0x0000000601000000, size: 8176 MB, Compressed Oops mode: Zero based, Oop shift amount: 3
CDS disabled.
Compressed class space mapped at: 0x0000000800000000-0x0000000840000000, size: 1073741824
Narrow klass base: 0x0000000800000000, Narrow klass shift: 0, Narrow klass range: 0x40000000

GC Precious Log:
 CPUs: 16 total, 16 available
 Memory: 32699M
 Large Page Support: Disabled
 NUMA Support: Disabled
 Compressed Oops: Enabled (Zero based)
 Heap Region Size: 4M
 Heap Min Capacity: 8M
 Heap Initial Capacity: 512M
 Heap Max Capacity: 8176M
 Pre-touch: Disabled
 Parallel Workers: 13
 Concurrent Workers: 3
 Concurrent Refinement Workers: 13
 Periodic GC: Disabled

Heap:
 garbage-first heap   total 274432K, used 16179K [0x0000000601000000, 0x0000000800000000)
  region size 4096K, 1 young (4096K), 1 survivors (4096K)
 Metaspace       used 15513K, capacity 15673K, committed 16000K, reserved 1062912K
  class space    used 1491K, capacity 1556K, committed 1664K, reserved 1048576K

Heap Regions: E=young(eden), S=young(survivor), O=old, HS=humongous(starts), HC=humongous(continues), CS=collection set, F=free, OA=open archive, CA=closed archive, TAMS=top-at-mark-start (previous, next)
|   0|0x0000000601000000, 0x00000006013ca800, 0x0000000601400000| 94%| O|  |TAMS 0x00000006013ca800, 0x00000006013ca800| Untracked 
|   1|0x0000000601400000, 0x0000000601400000, 0x0000000601800000|  0%| F|  |TAMS 0x0000000601400000, 0x0000000601400000| Untracked 
|   2|0x0000000601800000, 0x0000000601800000, 0x0000000601c00000|  0%| F|  |TAMS 0x0000000601800000, 0x0000000601800000| Untracked 
|   3|0x0000000601c00000, 0x0000000601c00000, 0x0000000602000000|  0%| F|  |TAMS 0x0000000601c00000, 0x0000000601c00000| Untracked 
|   4|0x0000000602000000, 0x0000000602000000, 0x0000000602400000|  0%| F|  |TAMS 0x0000000602000000, 0x0000000602000000| Untracked 
|   5|0x0000000602400000, 0x0000000602400000, 0x0000000602800000|  0%| F|  |TAMS 0x0000000602400000, 0x0000000602400000| Untracked 
|   6|0x0000000602800000, 0x0000000602800000, 0x0000000602c00000|  0%| F|  |TAMS 0x0000000602800000, 0x0000000602800000| Untracked 
|   7|0x0000000602c00000, 0x0000000602c00000, 0x0000000603000000|  0%| F|  |TAMS 0x0000000602c00000, 0x0000000602c00000| Untracked 
|   8|0x0000000603000000, 0x0000000603000000, 0x0000000603400000|  0%| F|  |TAMS 0x0000000603000000, 0x0000000603000000| Untracked 
|   9|0x0000000603400000, 0x0000000603400000, 0x0000000603800000|  0%| F|  |TAMS 0x0000000603400000, 0x0000000603400000| Untracked 
|  10|0x0000000603800000, 0x0000000603800000, 0x0000000603c00000|  0%| F|  |TAMS 0x0000000603800000, 0x0000000603800000| Untracked 
|  11|0x0000000603c00000, 0x0000000603c00000, 0x0000000604000000|  0%| F|  |TAMS 0x0000000603c00000, 0x0000000603c00000| Untracked 
|  12|0x0000000604000000, 0x0000000604000000, 0x0000000604400000|  0%| F|  |TAMS 0x0000000604000000, 0x0000000604000000| Untracked 
|  13|0x0000000604400000, 0x0000000604800000, 0x0000000604800000|100%|HS|  |TAMS 0x0000000604400000, 0x0000000604800000| Complete 
|  14|0x0000000604800000, 0x0000000604c00000, 0x0000000604c00000|100%|HC|  |TAMS 0x0000000604800000, 0x0000000604c00000| Complete 
|  15|0x0000000604c00000, 0x0000000605000000, 0x0000000605000000|100%|HC|  |TAMS 0x0000000604c00000, 0x0000000605000000| Complete 
|  16|0x0000000605000000, 0x0000000605001400, 0x0000000605400000|  0%| O|  |TAMS 0x0000000605001400, 0x0000000605001400| Untracked 
|  17|0x0000000605400000, 0x0000000605400000, 0x0000000605800000|  0%| F|  |TAMS 0x0000000605400000, 0x0000000605400000| Untracked 
|  18|0x0000000605800000, 0x0000000605800000, 0x0000000605c00000|  0%| F|  |TAMS 0x0000000605800000, 0x0000000605800000| Untracked 
|  19|0x0000000605c00000, 0x0000000605c00000, 0x0000000606000000|  0%| F|  |TAMS 0x0000000605c00000, 0x0000000605c00000| Untracked 
|  20|0x0000000606000000, 0x0000000606000000, 0x0000000606400000|  0%| F|  |TAMS 0x0000000606000000, 0x0000000606000000| Untracked 
|  21|0x0000000606400000, 0x0000000606400000, 0x0000000606800000|  0%| F|  |TAMS 0x0000000606400000, 0x0000000606400000| Untracked 
|  22|0x0000000606800000, 0x0000000606800000, 0x0000000606c00000|  0%| F|  |TAMS 0x0000000606800000, 0x0000000606800000| Untracked 
|  23|0x0000000606c00000, 0x0000000606c00000, 0x0000000607000000|  0%| F|  |TAMS 0x0000000606c00000, 0x0000000606c00000| Untracked 
|  24|0x0000000607000000, 0x0000000607000000, 0x0000000607400000|  0%| F|  |TAMS 0x0000000607000000, 0x0000000607000000| Untracked 
|  25|0x0000000607400000, 0x0000000607400000, 0x0000000607800000|  0%| F|  |TAMS 0x0000000607400000, 0x0000000607400000| Untracked 
|  26|0x0000000607800000, 0x0000000607800000, 0x0000000607c00000|  0%| F|  |TAMS 0x0000000607800000, 0x0000000607800000| Untracked 
|  27|0x0000000607c00000, 0x0000000607c00000, 0x0000000608000000|  0%| F|  |TAMS 0x0000000607c00000, 0x0000000607c00000| Untracked 
|  28|0x0000000608000000, 0x0000000608000000, 0x0000000608400000|  0%| F|  |TAMS 0x0000000608000000, 0x0000000608000000| Untracked 
|  29|0x0000000608400000, 0x0000000608400000, 0x0000000608800000|  0%| F|  |TAMS 0x0000000608400000, 0x0000000608400000| Untracked 
|  30|0x0000000608800000, 0x0000000608800000, 0x0000000608c00000|  0%| F|  |TAMS 0x0000000608800000, 0x0000000608800000| Untracked 
|  31|0x0000000608c00000, 0x0000000608c00000, 0x0000000609000000|  0%| F|  |TAMS 0x0000000608c00000, 0x0000000608c00000| Untracked 
|  32|0x0000000609000000, 0x0000000609000000, 0x0000000609400000|  0%| F|  |TAMS 0x0000000609000000, 0x0000000609000000| Untracked 
|  33|0x0000000609400000, 0x0000000609400000, 0x0000000609800000|  0%| F|  |TAMS 0x0000000609400000, 0x0000000609400000| Untracked 
|  34|0x0000000609800000, 0x0000000609800000, 0x0000000609c00000|  0%| F|  |TAMS 0x0000000609800000, 0x0000000609800000| Untracked 
|  35|0x0000000609c00000, 0x0000000609c00000, 0x000000060a000000|  0%| F|  |TAMS 0x0000000609c00000, 0x0000000609c00000| Untracked 
|  36|0x000000060a000000, 0x000000060a000000, 0x000000060a400000|  0%| F|  |TAMS 0x000000060a000000, 0x000000060a000000| Untracked 
|  37|0x000000060a400000, 0x000000060a401020, 0x000000060a800000|  0%| S|CS|TAMS 0x000000060a400000, 0x000000060a400000| Complete 
|  38|0x000000060a800000, 0x000000060a800000, 0x000000060ac00000|  0%| F|  |TAMS 0x000000060a800000, 0x000000060a800000| Untracked 
|  39|0x000000060ac00000, 0x000000060ac00000, 0x000000060b000000|  0%| F|  |TAMS 0x000000060ac00000, 0x000000060ac00000| Untracked 
|  40|0x000000060b000000, 0x000000060b000000, 0x000000060b400000|  0%| F|  |TAMS 0x000000060b000000, 0x000000060b000000| Untracked 

Card table byte_map: [0x00000268d0fd0000,0x00000268d1fd0000] _byte_map_base: 0x00000268cdfc8000

Marking Bits (Prev, Next): (CMBitMap*) 0x00000268bcda6b30, (CMBitMap*) 0x00000268bcda6b70
 Prev Bits: [0x00000268d2fd0000, 0x00000268daf90000)
 Next Bits: [0x00000268daf90000, 0x00000268e2f50000)

Polling page: 0x00000268ba2f0000

Metaspace:

Usage:
  Non-class:     13.79 MB capacity,    13.69 MB (>99%) used,    80.67 KB ( <1%) free+waste,    14.38 KB ( <1%) overhead. 
      Class:      1.52 MB capacity,     1.46 MB ( 96%) used,    59.95 KB (  4%) free+waste,     4.88 KB ( <1%) overhead. 
       Both:     15.31 MB capacity,    15.15 MB ( 99%) used,   140.62 KB ( <1%) free+waste,    19.25 KB ( <1%) overhead. 

Virtual space:
  Non-class space:       14.00 MB reserved,      14.00 MB (100%) committed 
      Class space:        1.00 GB reserved,       1.62 MB ( <1%) committed 
             Both:        1.01 GB reserved,      15.62 MB (  2%) committed 

Chunk freelists:
   Non-Class:  27.00 KB
       Class:  12.00 KB
        Both:  39.00 KB

MaxMetaspaceSize: 17179869184.00 GB
CompressedClassSpaceSize: 1.00 GB

CodeHeap 'non-profiled nmethods': size=119168Kb used=803Kb max_used=803Kb free=118364Kb
 bounds [0x00000268c82e0000, 0x00000268c8550000, 0x00000268cf740000]
CodeHeap 'profiled nmethods': size=119104Kb used=3768Kb max_used=3768Kb free=115335Kb
 bounds [0x00000268c0e90000, 0x00000268c1240000, 0x00000268c82e0000]
CodeHeap 'non-nmethods': size=7488Kb used=1178Kb max_used=2890Kb free=6309Kb
 bounds [0x00000268c0740000, 0x00000268c0a20000, 0x00000268c0e90000]
 total_blobs=2245 nmethods=1806 adapters=352
 compilation: enabled
              stopped_count=0, restarted_count=0
 full_count=0

Compilation events (20 events):
Event: 4.693 Thread 0x00000268e7840c30 nmethod 1798 0x00000268c8392610 code [0x00000268c83927c0, 0x00000268c8392f18]
Event: 4.693 Thread 0x00000268e7840c30 1799   !   4       java.text.DigitList::clone (53 bytes)
Event: 4.698 Thread 0x00000268e7840c30 nmethod 1799 0x00000268c8393210 code [0x00000268c83933a0, 0x00000268c83936f8]
Event: 4.739 Thread 0x00000268e7840c30 1800       4       java.util.GregorianCalendar::add (698 bytes)
Event: 4.745 Thread 0x00000268e7840c30 nmethod 1800 0x00000268c8393890 code [0x00000268c8393a40, 0x00000268c8393db8]
Event: 4.790 Thread 0x00000268e78caaa0 nmethod 1793 0x00000268c8394310 code [0x00000268c83946a0, 0x00000268c8396c20]
Event: 4.887 Thread 0x00000268e67f4c60 nmethod 1791 0x00000268c8398610 code [0x00000268c8398a20, 0x00000268c839bbc0]
Event: 5.012 Thread 0x00000268e78bb8e0 nmethod 1790 0x00000268c839db90 code [0x00000268c839e020, 0x00000268c83a2bb0]
Event: 5.115 Thread 0x00000268e7840c30 1801       4       java.lang.StringBuilder::<init> (6 bytes)
Event: 5.116 Thread 0x00000268e7840c30 nmethod 1801 0x00000268c83a5510 code [0x00000268c83a56a0, 0x00000268c83a5728]
Event: 5.223 Thread 0x00000268e78caaa0 1802       4       java.util.GregorianCalendar::getFixedDate (510 bytes)
Event: 5.230 Thread 0x00000268e78caaa0 nmethod 1802 0x00000268c83a5810 code [0x00000268c83a59c0, 0x00000268c83a5ef8]
Event: 5.317 Thread 0x00000268e67f4c60 1803       4       java.util.Calendar$Builder::build (639 bytes)
Event: 5.360 Thread 0x00000268e67f4c60 nmethod 1803 0x00000268c83a6410 code [0x00000268c83a6620, 0x00000268c83a71d8]
Event: 341.036 Thread 0x00000268e67f5610 1804 %     3       Database.GameList::toString @ 18 (88 bytes)
Event: 341.037 Thread 0x00000268e67f5610 nmethod 1804% 0x00000268c123b790 code [0x00000268c123ba80, 0x00000268c123c928]
Event: 354.633 Thread 0x00000268e67f5610 1805       3       Database.GameList::toString (88 bytes)
Event: 354.634 Thread 0x00000268e67f5610 nmethod 1805 0x00000268c123cd90 code [0x00000268c123d080, 0x00000268c123dec8]
Event: 1119.751 Thread 0x00000268e67f4c60 1806 %     4       Database.GameList::toString @ 18 (88 bytes)
Event: 1119.806 Thread 0x00000268e67f4c60 nmethod 1806% 0x00000268c83a7910 code [0x00000268c83a7ae0, 0x00000268c83a8698]

GC Heap History (20 events):
Event: 12161.845 GC heap after
{Heap after GC invocations=370394 (full 0):
 garbage-first heap   total 163840K, used 16177K [0x0000000601000000, 0x0000000800000000)
  region size 4096K, 1 young (4096K), 1 survivors (4096K)
 Metaspace       used 15513K, capacity 15673K, committed 16000K, reserved 1062912K
  class space    used 1491K, capacity 1556K, committed 1664K, reserved 1048576K
}
Event: 12161.906 GC heap before
{Heap before GC invocations=370395 (full 0):
 garbage-first heap   total 163840K, used 65329K [0x0000000601000000, 0x0000000800000000)
  region size 4096K, 2 young (8192K), 1 survivors (4096K)
 Metaspace       used 15513K, capacity 15673K, committed 16000K, reserved 1062912K
  class space    used 1491K, capacity 1556K, committed 1664K, reserved 1048576K
}
Event: 12161.923 GC heap after
{Heap after GC invocations=370396 (full 0):
 garbage-first heap   total 163840K, used 16179K [0x0000000601000000, 0x0000000800000000)
  region size 4096K, 1 young (4096K), 1 survivors (4096K)
 Metaspace       used 15513K, capacity 15673K, committed 16000K, reserved 1062912K
  class space    used 1491K, capacity 1556K, committed 1664K, reserved 1048576K
}
Event: 12162.300 GC heap before
{Heap before GC invocations=370397 (full 0):
 garbage-first heap   total 163840K, used 65331K [0x0000000601000000, 0x0000000800000000)
  region size 4096K, 2 young (8192K), 1 survivors (4096K)
 Metaspace       used 15513K, capacity 15673K, committed 16000K, reserved 1062912K
  class space    used 1491K, capacity 1556K, committed 1664K, reserved 1048576K
}
Event: 12162.331 GC heap after
{Heap after GC invocations=370398 (full 0):
 garbage-first heap   total 266240K, used 16179K [0x0000000601000000, 0x0000000800000000)
  region size 4096K, 1 young (4096K), 1 survivors (4096K)
 Metaspace       used 15513K, capacity 15673K, committed 16000K, reserved 1062912K
  class space    used 1491K, capacity 1556K, committed 1664K, reserved 1048576K
}
Event: 12162.706 GC heap before
{Heap before GC invocations=370399 (full 0):
 garbage-first heap   total 163840K, used 89907K [0x0000000601000000, 0x0000000800000000)
  region size 4096K, 2 young (8192K), 1 survivors (4096K)
 Metaspace       used 15513K, capacity 15673K, committed 16000K, reserved 1062912K
  class space    used 1491K, capacity 1556K, committed 1664K, reserved 1048576K
}
Event: 12162.710 GC heap after
{Heap after GC invocations=370400 (full 0):
 garbage-first heap   total 163840K, used 28465K [0x0000000601000000, 0x0000000800000000)
  region size 4096K, 1 young (4096K), 1 survivors (4096K)
 Metaspace       used 15513K, capacity 15673K, committed 16000K, reserved 1062912K
  class space    used 1491K, capacity 1556K, committed 1664K, reserved 1048576K
}
Event: 12163.171 GC heap before
{Heap before GC invocations=370401 (full 0):
 garbage-first heap   total 163840K, used 126769K [0x0000000601000000, 0x0000000800000000)
  region size 4096K, 2 young (8192K), 1 survivors (4096K)
 Metaspace       used 15513K, capacity 15673K, committed 16000K, reserved 1062912K
  class space    used 1491K, capacity 1556K, committed 1664K, reserved 1048576K
}
Event: 12163.172 GC heap after
{Heap after GC invocations=370402 (full 0):
 garbage-first heap   total 163840K, used 28465K [0x0000000601000000, 0x0000000800000000)
  region size 4096K, 1 young (4096K), 1 survivors (4096K)
 Metaspace       used 15513K, capacity 15673K, committed 16000K, reserved 1062912K
  class space    used 1491K, capacity 1556K, committed 1664K, reserved 1048576K
}
Event: 12163.424 GC heap before
{Heap before GC invocations=370403 (full 0):
 garbage-first heap   total 163840K, used 126769K [0x0000000601000000, 0x0000000800000000)
  region size 4096K, 2 young (8192K), 1 survivors (4096K)
 Metaspace       used 15513K, capacity 15673K, committed 16000K, reserved 1062912K
  class space    used 1491K, capacity 1556K, committed 1664K, reserved 1048576K
}
Event: 12163.426 GC heap after
{Heap after GC invocations=370404 (full 0):
 garbage-first heap   total 163840K, used 28465K [0x0000000601000000, 0x0000000800000000)
  region size 4096K, 1 young (4096K), 1 survivors (4096K)
 Metaspace       used 15513K, capacity 15673K, committed 16000K, reserved 1062912K
  class space    used 1491K, capacity 1556K, committed 1664K, reserved 1048576K
}
Event: 12163.486 GC heap before
{Heap before GC invocations=370405 (full 0):
 garbage-first heap   total 163840K, used 77617K [0x0000000601000000, 0x0000000800000000)
  region size 4096K, 2 young (8192K), 1 survivors (4096K)
 Metaspace       used 15513K, capacity 15673K, committed 16000K, reserved 1062912K
  class space    used 1491K, capacity 1556K, committed 1664K, reserved 1048576K
}
Event: 12163.509 GC heap after
{Heap after GC invocations=370406 (full 0):
 garbage-first heap   total 163840K, used 28465K [0x0000000601000000, 0x0000000800000000)
  region size 4096K, 1 young (4096K), 1 survivors (4096K)
 Metaspace       used 15513K, capacity 15673K, committed 16000K, reserved 1062912K
  class space    used 1491K, capacity 1556K, committed 1664K, reserved 1048576K
}
Event: 12163.673 GC heap before
{Heap before GC invocations=370407 (full 0):
 garbage-first heap   total 163840K, used 151345K [0x0000000601000000, 0x0000000800000000)
  region size 4096K, 2 young (8192K), 1 survivors (4096K)
 Metaspace       used 15513K, capacity 15673K, committed 16000K, reserved 1062912K
  class space    used 1491K, capacity 1556K, committed 1664K, reserved 1048576K
}
Event: 12163.699 GC heap after
{Heap after GC invocations=370408 (full 0):
 garbage-first heap   total 167936K, used 16179K [0x0000000601000000, 0x0000000800000000)
  region size 4096K, 1 young (4096K), 1 survivors (4096K)
 Metaspace       used 15513K, capacity 15673K, committed 16000K, reserved 1062912K
  class space    used 1491K, capacity 1556K, committed 1664K, reserved 1048576K
}
Event: 12163.908 GC heap before
{Heap before GC invocations=370409 (full 0):
 garbage-first heap   total 163840K, used 65331K [0x0000000601000000, 0x0000000800000000)
  region size 4096K, 2 young (8192K), 1 survivors (4096K)
 Metaspace       used 15513K, capacity 15673K, committed 16000K, reserved 1062912K
  class space    used 1491K, capacity 1556K, committed 1664K, reserved 1048576K
}
Event: 12163.909 GC heap after
{Heap after GC invocations=370410 (full 0):
 garbage-first heap   total 163840K, used 16179K [0x0000000601000000, 0x0000000800000000)
  region size 4096K, 1 young (4096K), 1 survivors (4096K)
 Metaspace       used 15513K, capacity 15673K, committed 16000K, reserved 1062912K
  class space    used 1491K, capacity 1556K, committed 1664K, reserved 1048576K
}
Event: 12163.977 GC heap before
{Heap before GC invocations=370411 (full 0):
 garbage-first heap   total 163840K, used 102195K [0x0000000601000000, 0x0000000800000000)
  region size 4096K, 2 young (8192K), 1 survivors (4096K)
 Metaspace       used 15513K, capacity 15673K, committed 16000K, reserved 1062912K
  class space    used 1491K, capacity 1556K, committed 1664K, reserved 1048576K
}
Event: 12163.980 GC heap after
{Heap after GC invocations=370412 (full 0):
 garbage-first heap   total 163840K, used 16177K [0x0000000601000000, 0x0000000800000000)
  region size 4096K, 1 young (4096K), 1 survivors (4096K)
 Metaspace       used 15513K, capacity 15673K, committed 16000K, reserved 1062912K
  class space    used 1491K, capacity 1556K, committed 1664K, reserved 1048576K
}
Event: 12164.055 GC heap before
{Heap before GC invocations=370413 (full 0):
 garbage-first heap   total 163840K, used 77617K [0x0000000601000000, 0x0000000800000000)
  region size 4096K, 2 young (8192K), 1 survivors (4096K)
 Metaspace       used 15513K, capacity 15673K, committed 16000K, reserved 1062912K
  class space    used 1491K, capacity 1556K, committed 1664K, reserved 1048576K
}

Deoptimization events (20 events):
Event: 1.889 Thread 0x00000268bcd2da00 DEOPT PACKING pc=0x00000268c103accf sp=0x000000cc9abf7040
Event: 1.889 Thread 0x00000268bcd2da00 DEOPT UNPACKING pc=0x00000268c078e23f sp=0x000000cc9abf64c0 mode 0
Event: 1.969 Thread 0x00000268bcd2da00 DEOPT PACKING pc=0x00000268c0eccc7b sp=0x000000cc9abfd5e0
Event: 1.969 Thread 0x00000268bcd2da00 DEOPT UNPACKING pc=0x00000268c078e23f sp=0x000000cc9abfca50 mode 0
Event: 2.285 Thread 0x00000268bcd2da00 DEOPT PACKING pc=0x00000268c103accf sp=0x000000cc9abfc4a0
Event: 2.285 Thread 0x00000268bcd2da00 DEOPT UNPACKING pc=0x00000268c078e23f sp=0x000000cc9abfb920 mode 0
Event: 2.636 Thread 0x00000268bcd2da00 Uncommon trap: trap_request=0xffffff45 fr.pc=0x00000268c830f46c relative=0x00000000000003cc
Event: 2.636 Thread 0x00000268bcd2da00 Uncommon trap: reason=unstable_if action=reinterpret pc=0x00000268c830f46c method=java.lang.StringLatin1.canEncode(I)Z @ 4 c2
Event: 2.636 Thread 0x00000268bcd2da00 DEOPT PACKING pc=0x00000268c830f46c sp=0x000000cc9abfcd30
Event: 2.636 Thread 0x00000268bcd2da00 DEOPT UNPACKING pc=0x00000268c078e42f sp=0x000000cc9abfcc58 mode 2
Event: 456.388 Thread 0x00000268bcd2da00 DEOPT PACKING pc=0x00000268c123c633 sp=0x000000cc9abfd110
Event: 456.388 Thread 0x00000268bcd2da00 DEOPT UNPACKING pc=0x00000268c078e23f sp=0x000000cc9abfc5f0 mode 0
Event: 587.516 Thread 0x00000268bcd2da00 DEOPT PACKING pc=0x00000268c123c633 sp=0x000000cc9abfd110
Event: 587.517 Thread 0x00000268bcd2da00 DEOPT UNPACKING pc=0x00000268c078e23f sp=0x000000cc9abfc5f0 mode 0
Event: 737.717 Thread 0x00000268bcd2da00 DEOPT PACKING pc=0x00000268c123c633 sp=0x000000cc9abfd110
Event: 737.717 Thread 0x00000268bcd2da00 DEOPT UNPACKING pc=0x00000268c078e23f sp=0x000000cc9abfc5f0 mode 0
Event: 910.463 Thread 0x00000268bcd2da00 DEOPT PACKING pc=0x00000268c123c633 sp=0x000000cc9abfd110
Event: 910.463 Thread 0x00000268bcd2da00 DEOPT UNPACKING pc=0x00000268c078e23f sp=0x000000cc9abfc5f0 mode 0
Event: 1119.751 Thread 0x00000268bcd2da00 DEOPT PACKING pc=0x00000268c123c633 sp=0x000000cc9abfd110
Event: 1119.751 Thread 0x00000268bcd2da00 DEOPT UNPACKING pc=0x00000268c078e23f sp=0x000000cc9abfc5f0 mode 0

Classes unloaded (4 events):
Event: 8160.225 Thread 0x00000268e5f0c3b0 Unloading class 0x000000080010a840 'jdk/internal/reflect/GeneratedSerializationConstructorAccessor1'
Event: 8160.226 Thread 0x00000268e5f0c3b0 Unloading class 0x0000000800108040 'jdk/internal/reflect/GeneratedConstructorAccessor3'
Event: 8160.226 Thread 0x00000268e5f0c3b0 Unloading class 0x0000000800064840 'jdk/internal/reflect/GeneratedConstructorAccessor2'
Event: 8161.376 Thread 0x00000268e5f0c3b0 Unloading class 0x0000000800065c40 'jdk/internal/reflect/GeneratedConstructorAccessor1'

Classes redefined (0 events):
No events

Internal exceptions (20 events):
Event: 1.685 Thread 0x00000268bcd2da00 Exception <a 'java/lang/NoSuchMethodError'{0x00000006203648f0}: 'java.lang.Object java.lang.invoke.DirectMethodHandle$Holder.newInvokeSpecial(java.lang.Object, java.lang.Object, java.lang.Object, java.lang.Object, java.lang.Object)'> (0x00000006203648f0) 
thrown [./open/src/hotspot/share/interpreter/linkResolver.cpp, line 782]
Event: 1.746 Thread 0x00000268bcd2da00 Exception <a 'java/lang/NoSuchMethodError'{0x000000061fc2c258}: 'void java.lang.invoke.DirectMethodHandle$Holder.invokeInterface(java.lang.Object, java.lang.Object, java.lang.Object)'> (0x000000061fc2c258) 
thrown [./open/src/hotspot/share/interpreter/linkResolver.cpp, line 782]
Event: 1.747 Thread 0x00000268bcd2da00 Exception <a 'java/lang/IncompatibleClassChangeError'{0x000000061fc2f7f0}: Found class java.lang.Object, but interface was expected> (0x000000061fc2f7f0) 
thrown [./open/src/hotspot/share/interpreter/linkResolver.cpp, line 848]
Event: 1.965 Thread 0x00000268bcd2da00 Exception <a 'java/lang/NoSuchMethodError'{0x000000061fe49398}: 'java.lang.Object java.lang.invoke.DirectMethodHandle$Holder.invokeInterface(java.lang.Object, java.lang.Object)'> (0x000000061fe49398) 
thrown [./open/src/hotspot/share/interpreter/linkResolver.cpp, line 782]
Event: 1.965 Thread 0x00000268bcd2da00 Exception <a 'java/lang/IncompatibleClassChangeError'{0x000000061fe4d038}: Found class java.lang.Object, but interface was expected> (0x000000061fe4d038) 
thrown [./open/src/hotspot/share/interpreter/linkResolver.cpp, line 848]
Event: 2.068 Thread 0x00000268bcd2da00 Exception <a 'java/lang/NoSuchMethodError'{0x000000061ff48258}: 'java.lang.Object java.lang.invoke.DirectMethodHandle$Holder.invokeSpecialIFC(java.lang.Object, java.lang.Object, java.lang.Object, java.lang.Object)'> (0x000000061ff48258) 
thrown [./open/src/hotspot/share/interpreter/linkResolver.cpp, line 782]
Event: 2.101 Thread 0x00000268bcd2da00 Exception <a 'java/lang/NoSuchMethodError'{0x000000061ff96750}: 'java.lang.Object java.lang.invoke.DirectMethodHandle$Holder.invokeStatic(java.lang.Object, java.lang.Object, int)'> (0x000000061ff96750) 
thrown [./open/src/hotspot/share/interpreter/linkResolver.cpp, line 782]
Event: 2.123 Thread 0x00000268bcd2da00 Exception <a 'java/lang/NoSuchMethodError'{0x000000061ffbdd70}: 'int java.lang.invoke.DirectMethodHandle$Holder.invokeStatic(java.lang.Object, java.lang.Object, java.lang.Object, java.lang.Object)'> (0x000000061ffbdd70) 
thrown [./open/src/hotspot/share/interpreter/linkResolver.cpp, line 782]
Event: 2.151 Thread 0x00000268bcd2da00 Exception <a 'java/lang/NoSuchMethodError'{0x000000061ffe01c0}: 'void java.lang.invoke.DirectMethodHandle$Holder.invokeSpecial(java.lang.Object, java.lang.Object, java.lang.Object, java.lang.Object, java.lang.Object)'> (0x000000061ffe01c0) 
thrown [./open/src/hotspot/share/interpreter/linkResolver.cpp, line 782]
Event: 2.189 Thread 0x00000268bcd2da00 Exception <a 'java/lang/NoSuchMethodError'{0x000000061f834010}: 'java.lang.Object java.lang.invoke.DirectMethodHandle$Holder.invokeVirtual(java.lang.Object, java.lang.Object, java.lang.Object)'> (0x000000061f834010) 
thrown [./open/src/hotspot/share/interpreter/linkResolver.cpp, line 782]
Event: 2.221 Thread 0x00000268bcd2da00 Exception <a 'java/lang/NoSuchMethodError'{0x000000061f8758b0}: 'void java.lang.invoke.DirectMethodHandle$Holder.invokeInterface(java.lang.Object, java.lang.Object, java.lang.Object, java.lang.Object)'> (0x000000061f8758b0) 
thrown [./open/src/hotspot/share/interpreter/linkResolver.cpp, line 782]
Event: 2.222 Thread 0x00000268bcd2da00 Exception <a 'java/lang/IncompatibleClassChangeError'{0x000000061f8793d8}: Found class java.lang.Object, but interface was expected> (0x000000061f8793d8) 
thrown [./open/src/hotspot/share/interpreter/linkResolver.cpp, line 848]
Event: 2.233 Thread 0x00000268bcd2da00 Exception <a 'java/lang/NoSuchMethodError'{0x000000061f892cb8}: 'void java.lang.invoke.DirectMethodHandle$Holder.invokeStatic(java.lang.Object, java.lang.Object, java.lang.Object, java.lang.Object)'> (0x000000061f892cb8) 
thrown [./open/src/hotspot/share/interpreter/linkResolver.cpp, line 782]
Event: 2.260 Thread 0x00000268bcd2da00 Exception <a 'java/lang/NoSuchMethodError'{0x000000061f8f50b0}: 'java.lang.Object java.lang.invoke.Invokers$Holder.invokeExact_MT(java.lang.Object, java.lang.Object, java.lang.Object, java.lang.Object, java.lang.Object, java.lang.Object)'> (0x000000061f8f50b0) 
thrown [./open/src/hotspot/share/interpreter/linkResolver.cpp, line 782]
Event: 2.262 Thread 0x00000268bcd2da00 Exception <a 'java/lang/NoSuchMethodError'{0x000000061f905b68}: 'int java.lang.invoke.DirectMethodHandle$Holder.invokeStatic(java.lang.Object, java.lang.Object, java.lang.Object, java.lang.Object, java.lang.Object)'> (0x000000061f905b68) 
thrown [./open/src/hotspot/share/interpreter/linkResolver.cpp, line 782]
Event: 2.493 Thread 0x00000268bcd2da00 Exception <a 'java/lang/NoSuchMethodError'{0x000000061fb71070}: 'int java.lang.invoke.DirectMethodHandle$Holder.invokeSpecial(java.lang.Object, java.lang.Object, java.lang.Object, java.lang.Object)'> (0x000000061fb71070) 
thrown [./open/src/hotspot/share/interpreter/linkResolver.cpp, line 782]
Event: 2.593 Thread 0x00000268bcd2da00 Exception <a 'java/lang/NullPointerException'{0x0000000620d32ca0}> (0x0000000620d32ca0) 
thrown [./open/src/hotspot/share/interpreter/linkResolver.cpp, line 1374]
Event: 2.593 Thread 0x00000268bcd2da00 Exception <a 'java/lang/reflect/InvocationTargetException'{0x0000000620d33220}> (0x0000000620d33220) 
thrown [./open/src/hotspot/share/runtime/reflection.cpp, line 1157]
Event: 2.625 Thread 0x00000268bcd2da00 Exception <a 'java/lang/NullPointerException'{0x0000000620d6c9f8}> (0x0000000620d6c9f8) 
thrown [./open/src/hotspot/share/interpreter/linkResolver.cpp, line 1374]
Event: 2.625 Thread 0x00000268bcd2da00 Exception <a 'java/lang/reflect/InvocationTargetException'{0x0000000620d6cf78}> (0x0000000620d6cf78) 
thrown [./open/src/hotspot/share/runtime/reflection.cpp, line 1157]

Events (20 events):
Event: 12163.528 Executing VM operation: G1Concurrent done
Event: 12163.673 Executing VM operation: G1TryInitiateConcMark
Event: 12163.699 Executing VM operation: G1TryInitiateConcMark done
Event: 12163.709 Executing VM operation: G1Concurrent
Event: 12163.733 Executing VM operation: G1Concurrent done
Event: 12163.735 Executing VM operation: G1Concurrent
Event: 12163.761 Executing VM operation: G1Concurrent done
Event: 12163.908 Executing VM operation: G1TryInitiateConcMark
Event: 12163.909 Executing VM operation: G1TryInitiateConcMark done
Event: 12163.915 Executing VM operation: G1Concurrent
Event: 12163.933 Executing VM operation: G1Concurrent done
Event: 12163.936 Executing VM operation: G1Concurrent
Event: 12163.949 Executing VM operation: G1Concurrent done
Event: 12163.968 Executing VM operation: G1TryInitiateConcMark
Event: 12163.980 Executing VM operation: G1TryInitiateConcMark done
Event: 12164.011 Executing VM operation: G1Concurrent
Event: 12164.046 Executing VM operation: G1Concurrent done
Event: 12164.051 Executing VM operation: G1Concurrent
Event: 12164.051 Executing VM operation: G1Concurrent done
Event: 12164.054 Executing VM operation: G1TryInitiateConcMark


Dynamic libraries:
0x00007ff623e60000 - 0x00007ff623e6d000 	C:\Users\Astrid\.p2\pool\plugins\org.eclipse.justj.openjdk.hotspot.jre.full.win32.x86_64_15.0.2.v20210201-0955\jre\bin\javaw.exe
0x00007ff9f53d0000 - 0x00007ff9f55c5000 	C:\WINDOWS\SYSTEM32\ntdll.dll
0x00007ff9f4f60000 - 0x00007ff9f501d000 	C:\WINDOWS\System32\KERNEL32.DLL
0x00007ff9f2dd0000 - 0x00007ff9f3098000 	C:\WINDOWS\System32\KERNELBASE.dll
0x00007ff9b4ea0000 - 0x00007ff9b4f91000 	C:\Program Files\Bitdefender\Bitdefender Security\atcuf\265267619164186309\atcuf64.dll
0x00007ff9f3280000 - 0x00007ff9f3380000 	C:\WINDOWS\System32\ucrtbase.dll
0x00007ff9ee8c0000 - 0x00007ff9ee8d8000 	C:\Users\Astrid\.p2\pool\plugins\org.eclipse.justj.openjdk.hotspot.jre.full.win32.x86_64_15.0.2.v20210201-0955\jre\bin\jli.dll
0x00007ff9f4680000 - 0x00007ff9f4820000 	C:\WINDOWS\System32\USER32.dll
0x00007ff9f2b10000 - 0x00007ff9f2b32000 	C:\WINDOWS\System32\win32u.dll
0x00007ff9f4df0000 - 0x00007ff9f4e1a000 	C:\WINDOWS\System32\GDI32.dll
0x00007ff9f2b40000 - 0x00007ff9f2c4b000 	C:\WINDOWS\System32\gdi32full.dll
0x00007ff9f2d30000 - 0x00007ff9f2dcd000 	C:\WINDOWS\System32\msvcp_win.dll
0x00007ff9db4c0000 - 0x00007ff9db4d9000 	C:\Users\Astrid\.p2\pool\plugins\org.eclipse.justj.openjdk.hotspot.jre.full.win32.x86_64_15.0.2.v20210201-0955\jre\bin\VCRUNTIME140.dll
0x00007ff9d6a60000 - 0x00007ff9d6cfa000 	C:\WINDOWS\WinSxS\amd64_microsoft.windows.common-controls_6595b64144ccf1df_6.0.19041.844_none_ca00b6081b84eb1d\COMCTL32.dll
0x00007ff9f52f0000 - 0x00007ff9f538e000 	C:\WINDOWS\System32\msvcrt.dll
0x00007ff9f4dc0000 - 0x00007ff9f4df0000 	C:\WINDOWS\System32\IMM32.DLL
0x00007ff9e7520000 - 0x00007ff9e752c000 	C:\Users\Astrid\.p2\pool\plugins\org.eclipse.justj.openjdk.hotspot.jre.full.win32.x86_64_15.0.2.v20210201-0955\jre\bin\vcruntime140_1.dll
0x00007ff9db420000 - 0x00007ff9db4b1000 	C:\Users\Astrid\.p2\pool\plugins\org.eclipse.justj.openjdk.hotspot.jre.full.win32.x86_64_15.0.2.v20210201-0955\jre\bin\msvcp140.dll
0x00007ff958a70000 - 0x00007ff9595ce000 	C:\Users\Astrid\.p2\pool\plugins\org.eclipse.justj.openjdk.hotspot.jre.full.win32.x86_64_15.0.2.v20210201-0955\jre\bin\server\jvm.dll
0x00007ff9f3fd0000 - 0x00007ff9f407c000 	C:\WINDOWS\System32\ADVAPI32.dll
0x00007ff9f5020000 - 0x00007ff9f50bb000 	C:\WINDOWS\System32\sechost.dll
0x00007ff9f4080000 - 0x00007ff9f41ab000 	C:\WINDOWS\System32\RPCRT4.dll
0x00007ff9f3f00000 - 0x00007ff9f3f08000 	C:\WINDOWS\System32\PSAPI.DLL
0x00007ff9b0a80000 - 0x00007ff9b0a89000 	C:\WINDOWS\SYSTEM32\WSOCK32.dll
0x00007ff9f4ef0000 - 0x00007ff9f4f5b000 	C:\WINDOWS\System32\WS2_32.dll
0x00007ff9ed0d0000 - 0x00007ff9ed0f7000 	C:\WINDOWS\SYSTEM32\WINMM.dll
0x00007ff9ecd10000 - 0x00007ff9ecd1a000 	C:\WINDOWS\SYSTEM32\VERSION.dll
0x00007ff9f0ab0000 - 0x00007ff9f0ac2000 	C:\WINDOWS\SYSTEM32\kernel.appcore.dll
0x00007ff9d85e0000 - 0x00007ff9d85ea000 	C:\Users\Astrid\.p2\pool\plugins\org.eclipse.justj.openjdk.hotspot.jre.full.win32.x86_64_15.0.2.v20210201-0955\jre\bin\jimage.dll
0x00007ff9f01a0000 - 0x00007ff9f0384000 	C:\WINDOWS\SYSTEM32\DBGHELP.DLL
0x00007ff9d4d90000 - 0x00007ff9d4dbc000 	C:\WINDOWS\SYSTEM32\dbgcore.DLL
0x00007ff9f3200000 - 0x00007ff9f3280000 	C:\WINDOWS\System32\bcryptPrimitives.dll
0x00007ff9d2cc0000 - 0x00007ff9d2ce5000 	C:\Users\Astrid\.p2\pool\plugins\org.eclipse.justj.openjdk.hotspot.jre.full.win32.x86_64_15.0.2.v20210201-0955\jre\bin\java.dll
0x00007ff9d85c0000 - 0x00007ff9d85d8000 	C:\Users\Astrid\.p2\pool\plugins\org.eclipse.justj.openjdk.hotspot.jre.full.win32.x86_64_15.0.2.v20210201-0955\jre\bin\zip.dll
0x00007ff9f3600000 - 0x00007ff9f3d42000 	C:\WINDOWS\System32\SHELL32.dll
0x00007ff9f0c20000 - 0x00007ff9f13b0000 	C:\WINDOWS\SYSTEM32\windows.storage.dll
0x00007ff9f4820000 - 0x00007ff9f4b75000 	C:\WINDOWS\System32\combase.dll
0x00007ff9f24b0000 - 0x00007ff9f24dc000 	C:\WINDOWS\SYSTEM32\Wldp.dll
0x00007ff9f4d10000 - 0x00007ff9f4dbe000 	C:\WINDOWS\System32\SHCORE.dll
0x00007ff9f4620000 - 0x00007ff9f4675000 	C:\WINDOWS\System32\shlwapi.dll
0x00007ff9f2a50000 - 0x00007ff9f2a6f000 	C:\WINDOWS\SYSTEM32\profapi.dll
0x00007ff9d2040000 - 0x00007ff9d2059000 	C:\Users\Astrid\.p2\pool\plugins\org.eclipse.justj.openjdk.hotspot.jre.full.win32.x86_64_15.0.2.v20210201-0955\jre\bin\net.dll
0x00007ff9eb470000 - 0x00007ff9eb57b000 	C:\WINDOWS\SYSTEM32\WINHTTP.dll
0x00007ff9f2290000 - 0x00007ff9f22fa000 	C:\WINDOWS\system32\mswsock.dll
0x00007ff9d1f50000 - 0x00007ff9d1f62000 	C:\Users\Astrid\.p2\pool\plugins\org.eclipse.justj.openjdk.hotspot.jre.full.win32.x86_64_15.0.2.v20210201-0955\jre\bin\nio.dll
0x00007ff9d2cb0000 - 0x00007ff9d2cc0000 	C:\Users\Astrid\.p2\pool\plugins\org.eclipse.justj.openjdk.hotspot.jre.full.win32.x86_64_15.0.2.v20210201-0955\jre\bin\verify.dll
0x00007ff9f1f50000 - 0x00007ff9f1f8b000 	C:\WINDOWS\SYSTEM32\IPHLPAPI.DLL
0x00007ff9f4cf0000 - 0x00007ff9f4cf8000 	C:\WINDOWS\System32\NSI.dll
0x00007ff9ec760000 - 0x00007ff9ec777000 	C:\WINDOWS\SYSTEM32\dhcpcsvc6.DLL
0x00007ff9ec740000 - 0x00007ff9ec75d000 	C:\WINDOWS\SYSTEM32\dhcpcsvc.DLL
0x00007ff9f1fa0000 - 0x00007ff9f206c000 	C:\WINDOWS\SYSTEM32\DNSAPI.dll

dbghelp: loaded successfully - version: 4.0.5 - missing functions: none
symbol engine: initialized successfully - sym options: 0x614 - pdb path: .;C:\Users\Astrid\.p2\pool\plugins\org.eclipse.justj.openjdk.hotspot.jre.full.win32.x86_64_15.0.2.v20210201-0955\jre\bin;C:\WINDOWS\SYSTEM32;C:\Program Files\Bitdefender\Bitdefender Security\atcuf\265267619164186309;C:\WINDOWS\WinSxS\amd64_microsoft.windows.common-controls_6595b64144ccf1df_6.0.19041.844_none_ca00b6081b84eb1d;C:\Users\Astrid\.p2\pool\plugins\org.eclipse.justj.openjdk.hotspot.jre.full.win32.x86_64_15.0.2.v20210201-0955\jre\bin\server

VM Arguments:
jvm_args: -ea -Dfile.encoding=Cp1252 -XX:+ShowCodeDetailsInExceptionMessages 
java_command: org.eclipse.jdt.internal.junit.runner.RemoteTestRunner -version 3 -port 63263 -testLoaderClass org.eclipse.jdt.internal.junit5.runner.JUnit5TestLoader -loaderpluginname org.eclipse.jdt.junit5.runtime -classNames Testing.GameListTest
java_class_path (initial): C:\Users\Astrid\Desktop\DSE_Assignment2\out\production\DS_2016_Assignment2;C:\Users\Astrid\.p2\pool\plugins\org.junit.jupiter.api_5.7.1.v20210222-1948.jar;C:\Users\Astrid\.p2\pool\plugins\org.junit.jupiter.engine_5.7.1.v20210222-1948.jar;C:\Users\Astrid\.p2\pool\plugins\org.junit.jupiter.migrationsupport_5.7.1.v20210222-1948.jar;C:\Users\Astrid\.p2\pool\plugins\org.junit.jupiter.params_5.7.1.v20210222-1948.jar;C:\Users\Astrid\.p2\pool\plugins\org.junit.platform.commons_1.7.1.v20210222-1948.jar;C:\Users\Astrid\.p2\pool\plugins\org.junit.platform.engine_1.7.1.v20210222-1948.jar;C:\Users\Astrid\.p2\pool\plugins\org.junit.platform.launcher_1.7.1.v20210222-1948.jar;C:\Users\Astrid\.p2\pool\plugins\org.junit.platform.runner_1.7.1.v20210222-1948.jar;C:\Users\Astrid\.p2\pool\plugins\org.junit.platform.suite.api_1.7.1.v20210222-1948.jar;C:\Users\Astrid\.p2\pool\plugins\org.junit.vintage.engine_5.7.1.v20210222-1948.jar;C:\Users\Astrid\.p2\pool\plugins\org.opentest4j_1.2.0.v20190826-0900.jar;C:\Users\Astrid\.p2\pool\plugins\org.apiguardian_1.1.0.v20190826-0900.jar;C:\Users\Astrid\.p2\pool\plugins\org.junit_4.13.0.v20200204-1500.jar;C:\Users\Astrid\.p2\pool\plugins\org.hamcrest.core_1.3.0.v20180420-1519.jar;C:\Users\Astrid\eclipse\java-2021-03\eclipse\configuration\org.eclipse.osgi\221\0\.cp;C:\Users\Astrid\eclipse\java-2021-03\eclipse\configuration\org.eclipse.osgi\219\0\.cp
Launcher Type: SUN_STANDARD

[Global flags]
     intx CICompilerCount                          = 12                                        {product} {ergonomic}
     uint ConcGCThreads                            = 3                                         {product} {ergonomic}
     uint G1ConcRefinementThreads                  = 13                                        {product} {ergonomic}
   size_t G1HeapRegionSize                         = 4194304                                   {product} {ergonomic}
    uintx GCDrainStackTargetSize                   = 64                                        {product} {ergonomic}
   size_t InitialHeapSize                          = 536870912                                 {product} {ergonomic}
   size_t MarkStackSize                            = 4194304                                   {product} {ergonomic}
   size_t MaxHeapSize                              = 8573157376                                {product} {ergonomic}
   size_t MaxNewSize                               = 5142216704                                {product} {ergonomic}
   size_t MinHeapDeltaBytes                        = 4194304                                   {product} {ergonomic}
   size_t MinHeapSize                              = 8388608                                   {product} {ergonomic}
    uintx NonNMethodCodeHeapSize                   = 7602480                                {pd product} {ergonomic}
    uintx NonProfiledCodeHeapSize                  = 122027880                              {pd product} {ergonomic}
    uintx ProfiledCodeHeapSize                     = 122027880                              {pd product} {ergonomic}
    uintx ReservedCodeCacheSize                    = 251658240                              {pd product} {ergonomic}
     bool SegmentedCodeCache                       = true                                      {product} {ergonomic}
     bool ShowCodeDetailsInExceptionMessages       = true                                   {manageable} {command line}
   size_t SoftMaxHeapSize                          = 8573157376                             {manageable} {ergonomic}
     bool UseCompressedClassPointers               = true                                 {lp64_product} {ergonomic}
     bool UseCompressedOops                        = true                                 {lp64_product} {ergonomic}
     bool UseG1GC                                  = true                                      {product} {ergonomic}
     bool UseLargePagesIndividualAllocation        = false                                  {pd product} {ergonomic}

Logging:
Log output configuration:
 #0: stdout all=warning uptime,level,tags
 #1: stderr all=off uptime,level,tags

Environment Variables:
JAVA_HOME=C:\Program Files\Android\Jdk\microsoft_dist_openjdk_1.8.0.25
PATH=C:/Users/Astrid/.p2/pool/plugins/org.eclipse.justj.openjdk.hotspot.jre.full.win32.x86_64_15.0.2.v20210201-0955/jre/bin/server;C:/Users/Astrid/.p2/pool/plugins/org.eclipse.justj.openjdk.hotspot.jre.full.win32.x86_64_15.0.2.v20210201-0955/jre/bin;C:\Program Files (x86)\Rockwell Software\RSCommon;C:\Program Files\Microsoft MPI\Bin\;C:\Program Files (x86)\Microsoft SDKs\Azure\CLI2\wbin;C:\Program Files (x86)\Common Files\Oracle\Java\javapath;C:\Windows\system32;C:\Windows;C:\Windows\System32\Wbem;C:\Windows\System32\WindowsPowerShell\v1.0\;C:\Windows\System32\OpenSSH\;C:\Program Files\NVIDIA Corporation\NVIDIA NvDLISR;C:\Program Files (x86)\NVIDIA Corporation\PhysX\Common;c:\Program Files (x86)\Microsoft SQL Server\110\Tools\Binn\;c:\Program Files\Microsoft SQL Server\110\Tools\Binn\;c:\Program Files\Microsoft SQL Server\110\DTS\Binn\;c:\Program Files (x86)\Microsoft SQL Server\110\Tools\Binn\ManagementStudio\;c:\Program Files (x86)\Microsoft SQL Server\110\DTS\Binn\;C:\Program Files\Microsoft VS Code\bin;C:\Program Files\Git\cmd;C:\Program Files\nodejs\;C:\ProgramData\chocolatey\bin;C:\Program Files\dotnet\;C:\Program Files\Microsoft SQL Server\130\Tools\Binn\;C:\Program Files\Microsoft SQL Server\Client SDK\ODBC\170\Tools\Binn\;C:\Program Files (x86)\Microsoft SQL Server\150\Tools\Binn\;C:\Program Files\Microsoft SQL Server\150\Tools\Binn\;C:\Program Files\Microsoft SQL Server\150\DTS\Binn\;C:\Program Files\MongoDB\Server\4.2\bin;C:\Program Files (x86)\Common Files\Rockwell\;C:\WINDOWS\system32;C:\WINDOWS;C:\WINDOWS\System32\Wbem;C:\WINDOWS\System32\WindowsPowerShell\v1.0\;C:\WINDOWS\System32\OpenSSH\;C:\Program Files (x86)\IncrediBuild;C:\Program Files\Docker\Docker\resources\bin;C:\ProgramData\DockerDesktop\version-bin;C:\Program Files (x86)\dotnet\;C:\Program Files (x86)\Microsoft SQL Server\150\DTS\Binn\;C:\Program Files\Azure Data Studio\bin;C:\Program Files\TortoiseGit\bin;C:\Program Files\MySQL\MySQL Shell 8.0\bin\;C:\Users\Astrid\AppData\Local\Microsoft\Wind
USERNAME=Astrid
OS=Windows_NT
PROCESSOR_IDENTIFIER=AMD64 Family 23 Model 113 Stepping 0, AuthenticAMD



---------------  S Y S T E M  ---------------

OS:
 Windows 10 , 64 bit Build 19041 (10.0.19041.928)
OS uptime: 4 days 9:58 hours
HyperV virtualization detected

CPU: total 16 (initial active 16) (16 cores per cpu, 2 threads per core) family 23 model 113 stepping 0 microcode 0x0, cmov, cx8, fxsr, mmx, sse, sse2, sse3, ssse3, sse4.1, sse4.2, popcnt, vzeroupper, avx, avx2, aes, clmul, 3dnowpref, lzcnt, sse4a, ht, tsc, tscinvbit, tscinv, bmi1, bmi2, adx, sha, fma, clflush, clflushopt

Memory: 4k page, system-wide physical 32699M (1M free)
TotalPageFile size 131003M (AvailPageFile size 171M)
current process WorkingSet (physical memory assigned to process): 1M, peak: 698M
current process commit charge ("private bytes"): 273M, peak: 872M

vm_info: OpenJDK 64-Bit Server VM (15.0.2+7-27) for windows-amd64 JRE (15.0.2+7-27), built on Dec  7 2020 20:02:38 by "mach5one" with unknown MS VC++:1925

END.
