#
# There is insufficient memory for the Java Runtime Environment to continue.
# Native memory allocation (mmap) failed to map 310378496 bytes for G1 virtual space
# Possible reasons:
#   The system is out of physical RAM or swap space
#   The process is running with CompressedOops enabled, and the Java Heap may be blocking the growth of the native heap
# Possible solutions:
#   Reduce memory load on the system
#   Increase physical memory or swap space
#   Check if swap backing store is full
#   Decrease Java heap size (-Xmx/-Xms)
#   Decrease number of Java threads
#   Decrease Java thread stack sizes (-Xss)
#   Set larger code cache with -XX:ReservedCodeCacheSize=
#   JVM is running with Zero Based Compressed Oops mode in which the Java heap is
#     placed in the first 32GB address space. The Java Heap base address is the
#     maximum limit for the native heap growth. Please use -XX:HeapBaseMinAddress
#     to set the Java Heap base and to place the Java Heap above 32GB virtual address.
# This output file may be truncated or incomplete.
#
#  Out of Memory Error (./open/src/hotspot/os/windows/os_windows.cpp:3321), pid=27628, tid=26572
#
# JRE version: OpenJDK Runtime Environment (15.0.2+7) (build 15.0.2+7-27)
# Java VM: OpenJDK 64-Bit Server VM (15.0.2+7-27, mixed mode, tiered, compressed oops, g1 gc, windows-amd64)
# No core dump will be written. Minidumps are not enabled by default on client versions of Windows
#

---------------  S U M M A R Y ------------

Command Line: -ea -Dfile.encoding=Cp1252 -XX:+ShowCodeDetailsInExceptionMessages org.eclipse.jdt.internal.junit.runner.RemoteTestRunner -version 3 -port 52976 -testLoaderClass org.eclipse.jdt.internal.junit5.runner.JUnit5TestLoader -loaderpluginname org.eclipse.jdt.junit5.runtime -classNames Testing.GameListTest

Host: AMD Ryzen 7 3800X 8-Core Processor             , 16 cores, 31G,  Windows 10 , 64 bit Build 19041 (10.0.19041.928)
Time: Sun May 30 00:10:38 2021 Cen. Australia Standard Time elapsed time: 8226.188697 seconds (0d 2h 17m 6s)

---------------  T H R E A D  ---------------

Current thread (0x00000184447db7e0):  VMThread "VM Thread" [stack: 0x0000000360100000,0x0000000360200000] [id=26572]

Stack: [0x0000000360100000,0x0000000360200000]
[error occurred during error reporting (printing stack bounds), id 0xc0000005, EXCEPTION_ACCESS_VIOLATION (0xc0000005) at pc=0x000001841efe10ad]

Native frames: (J=compiled Java code, j=interpreted, Vv=VM code, C=native code)
V  [jvm.dll+0x62ae9a]
V  [jvm.dll+0x7817a9]
V  [jvm.dll+0x782f03]
V  [jvm.dll+0x7834c5]
V  [jvm.dll+0x78347b]
V  [jvm.dll+0x62a2b9]
V  [jvm.dll+0x62aa88]
C  [ntdll.dll+0xa217f]
C  [ntdll.dll+0x51454]
C  [ntdll.dll+0xa0cae]
C  0x000001841efe10ad

VM_Operation (0x000000035fbfba00): G1TryInitiateConcMark, mode: safepoint, requested by thread 0x000001841b5cda00


---------------  P R O C E S S  ---------------

Threads class SMR info:
_java_thread_list=0x0000018445b89bf0, length=11, elements={
0x000001841b5cda00, 0x00000184447de3c0, 0x00000184447de990, 0x00000184450c7c90,
0x00000184450ca170, 0x00000184450d0660, 0x00000184450d1e70, 0x00000184450d2b90,
0x00000184450de590, 0x000001844526d580, 0x000001844526f820
}

Java Threads: ( => current thread )
  0x000001841b5cda00 JavaThread "main" [_thread_blocked, id=21960, stack(0x000000035fb00000,0x000000035fc00000)]
  0x00000184447de3c0 JavaThread "Reference Handler" daemon [_thread_blocked, id=25072, stack(0x0000000360200000,0x0000000360300000)]
  0x00000184447de990 JavaThread "Finalizer" daemon [_thread_blocked, id=19860, stack(0x0000000360300000,0x0000000360400000)]
  0x00000184450c7c90 JavaThread "Signal Dispatcher" daemon [_thread_blocked, id=21880, stack(0x0000000360400000,0x0000000360500000)]
  0x00000184450ca170 JavaThread "Attach Listener" daemon [_thread_blocked, id=24344, stack(0x0000000360500000,0x0000000360600000)]
  0x00000184450d0660 JavaThread "Service Thread" daemon [_thread_blocked, id=13112, stack(0x0000000360600000,0x0000000360700000)]
  0x00000184450d1e70 JavaThread "C2 CompilerThread0" daemon [_thread_blocked, id=7436, stack(0x0000000360700000,0x0000000360800000)]
  0x00000184450d2b90 JavaThread "C1 CompilerThread0" daemon [_thread_blocked, id=11620, stack(0x0000000360800000,0x0000000360900000)]
  0x00000184450de590 JavaThread "Sweeper thread" daemon [_thread_blocked, id=18252, stack(0x0000000360900000,0x0000000360a00000)]
  0x000001844526d580 JavaThread "Notification Thread" daemon [_thread_blocked, id=1344, stack(0x0000000360b00000,0x0000000360c00000)]
  0x000001844526f820 JavaThread "Common-Cleaner" daemon [_thread_blocked, id=27328, stack(0x0000000360d00000,0x0000000360e00000)]

Other Threads:
=>0x00000184447db7e0 VMThread "VM Thread" [stack: 0x0000000360100000,0x0000000360200000] [id=26572]
  0x000001844526da50 WatcherThread [stack: 0x0000000360c00000,0x0000000360d00000] [id=15212]
  0x000001841b646430 GCTaskThread "GC Thread#0" [stack: 0x000000035fc00000,0x000000035fd00000] [id=6656]
  0x0000018445658370 GCTaskThread "GC Thread#1" [stack: 0x0000000360e00000,0x0000000360f00000] [id=4688]
  0x0000018445656060 GCTaskThread "GC Thread#2" [stack: 0x0000000361000000,0x0000000361100000] [id=15800]
  0x0000018445659030 GCTaskThread "GC Thread#3" [stack: 0x0000000361100000,0x0000000361200000] [id=9772]
  0x00000184456586a0 GCTaskThread "GC Thread#4" [stack: 0x0000000361200000,0x0000000361300000] [id=19968]
  0x0000018445655a00 GCTaskThread "GC Thread#5" [stack: 0x0000000361300000,0x0000000361400000] [id=19280]
  0x00000184456576b0 GCTaskThread "GC Thread#6" [stack: 0x0000000361400000,0x0000000361500000] [id=1360]
  0x00000184456579e0 GCTaskThread "GC Thread#7" [stack: 0x0000000361500000,0x0000000361600000] [id=20256]
  0x0000018445659360 GCTaskThread "GC Thread#8" [stack: 0x0000000361600000,0x0000000361700000] [id=23132]
  0x00000184456589d0 GCTaskThread "GC Thread#9" [stack: 0x0000000361700000,0x0000000361800000] [id=19156]
  0x0000018445657d10 GCTaskThread "GC Thread#10" [stack: 0x0000000361800000,0x0000000361900000] [id=15672]
  0x0000018445655d30 GCTaskThread "GC Thread#11" [stack: 0x0000000361900000,0x0000000361a00000] [id=22652]
  0x0000018445656390 GCTaskThread "GC Thread#12" [stack: 0x0000000360a00000,0x0000000360b00000] [id=24116]
  0x000001841b657410 ConcurrentGCThread "G1 Main Marker" [stack: 0x000000035fd00000,0x000000035fe00000] [id=7904]
  0x000001841b6586b0 ConcurrentGCThread "G1 Conc#0" [stack: 0x000000035fe00000,0x000000035ff00000] [id=19408]
  0x0000018445658040 ConcurrentGCThread "G1 Conc#1" [stack: 0x0000000361c00000,0x0000000361d00000] [id=9376]
  0x0000018445658d00 ConcurrentGCThread "G1 Conc#2" [stack: 0x0000000361d00000,0x0000000361e00000] [id=26552]
  0x00000184446891c0 ConcurrentGCThread "G1 Refine#0" [stack: 0x000000035ff00000,0x0000000360000000] [id=12212]
  0x0000018444689680 ConcurrentGCThread "G1 Young RemSet Sampling" [stack: 0x0000000360000000,0x0000000360100000] [id=13160]

Threads with active compile tasks:

VM state: at safepoint (normal execution)

VM Mutex/Monitor currently owned by a thread:  ([mutex/lock_event])
[0x000001841b5c9140] Threads_lock - owner thread: 0x00000184447db7e0
[0x000001841b5c9890] Heap_lock - owner thread: 0x000001841b5cda00

Heap address: 0x0000000601000000, size: 8176 MB, Compressed Oops mode: Zero based, Oop shift amount: 3
CDS disabled.
Compressed class space mapped at: 0x0000000800000000-0x0000000840000000, size: 1073741824
Narrow klass base: 0x0000000800000000, Narrow klass shift: 0, Narrow klass range: 0x40000000

GC Precious Log:
 CPUs: 16 total, 16 available
 Memory: 32699M
 Large Page Support: Disabled
 NUMA Support: Disabled
 Compressed Oops: Enabled (Zero based)
 Heap Region Size: 4M
 Heap Min Capacity: 8M
 Heap Initial Capacity: 512M
 Heap Max Capacity: 8176M
 Pre-touch: Disabled
 Parallel Workers: 13
 Concurrent Workers: 3
 Concurrent Refinement Workers: 13
 Periodic GC: Disabled

Heap:
 garbage-first heap   total 454656K, used 16137K [0x0000000601000000, 0x0000000800000000)
  region size 4096K, 1 young (4096K), 1 survivors (4096K)
 Metaspace       used 15518K, capacity 15673K, committed 16000K, reserved 1062912K
  class space    used 1491K, capacity 1556K, committed 1664K, reserved 1048576K

Heap Regions: E=young(eden), S=young(survivor), O=old, HS=humongous(starts), HC=humongous(continues), CS=collection set, F=free, OA=open archive, CA=closed archive, TAMS=top-at-mark-start (previous, next)
|   0|0x0000000601000000, 0x00000006013c0a00, 0x0000000601400000| 93%| O|  |TAMS 0x00000006013c0a00, 0x00000006013c0a00| Untracked 
|   1|0x0000000601400000, 0x0000000601400000, 0x0000000601800000|  0%| F|  |TAMS 0x0000000601400000, 0x0000000601400000| Untracked 
|   2|0x0000000601800000, 0x0000000601800000, 0x0000000601c00000|  0%| F|  |TAMS 0x0000000601800000, 0x0000000601800000| Untracked 
|   3|0x0000000601c00000, 0x0000000601c00000, 0x0000000602000000|  0%| F|  |TAMS 0x0000000601c00000, 0x0000000601c00000| Untracked 
|   4|0x0000000602000000, 0x0000000602000000, 0x0000000602400000|  0%| F|  |TAMS 0x0000000602000000, 0x0000000602000000| Untracked 
|   5|0x0000000602400000, 0x0000000602400000, 0x0000000602800000|  0%| F|  |TAMS 0x0000000602400000, 0x0000000602400000| Untracked 
|   6|0x0000000602800000, 0x0000000602800000, 0x0000000602c00000|  0%| F|  |TAMS 0x0000000602800000, 0x0000000602800000| Untracked 
|   7|0x0000000602c00000, 0x0000000602c00000, 0x0000000603000000|  0%| F|  |TAMS 0x0000000602c00000, 0x0000000602c00000| Untracked 
|   8|0x0000000603000000, 0x0000000603000000, 0x0000000603400000|  0%| F|  |TAMS 0x0000000603000000, 0x0000000603000000| Untracked 
|   9|0x0000000603400000, 0x0000000603401200, 0x0000000603800000|  0%| O|  |TAMS 0x0000000603401200, 0x0000000603401200| Untracked 
|  10|0x0000000603800000, 0x0000000603c00000, 0x0000000603c00000|100%|HS|  |TAMS 0x0000000603800000, 0x0000000603c00000| Complete 
|  11|0x0000000603c00000, 0x0000000604000000, 0x0000000604000000|100%|HC|  |TAMS 0x0000000603c00000, 0x0000000604000000| Complete 
|  12|0x0000000604000000, 0x0000000604400000, 0x0000000604400000|100%|HC|  |TAMS 0x0000000604000000, 0x0000000604400000| Complete 
|  13|0x0000000604400000, 0x0000000604400000, 0x0000000604800000|  0%| F|  |TAMS 0x0000000604400000, 0x0000000604400000| Untracked 
|  14|0x0000000604800000, 0x0000000604800000, 0x0000000604c00000|  0%| F|  |TAMS 0x0000000604800000, 0x0000000604800000| Untracked 
|  15|0x0000000604c00000, 0x0000000604c00000, 0x0000000605000000|  0%| F|  |TAMS 0x0000000604c00000, 0x0000000604c00000| Untracked 
|  16|0x0000000605000000, 0x0000000605000000, 0x0000000605400000|  0%| F|  |TAMS 0x0000000605000000, 0x0000000605000000| Untracked 
|  17|0x0000000605400000, 0x0000000605400000, 0x0000000605800000|  0%| F|  |TAMS 0x0000000605400000, 0x0000000605400000| Untracked 
|  18|0x0000000605800000, 0x0000000605800000, 0x0000000605c00000|  0%| F|  |TAMS 0x0000000605800000, 0x0000000605800000| Untracked 
|  19|0x0000000605c00000, 0x0000000605c00000, 0x0000000606000000|  0%| F|  |TAMS 0x0000000605c00000, 0x0000000605c00000| Untracked 
|  20|0x0000000606000000, 0x0000000606000000, 0x0000000606400000|  0%| F|  |TAMS 0x0000000606000000, 0x0000000606000000| Untracked 
|  21|0x0000000606400000, 0x0000000606400000, 0x0000000606800000|  0%| F|  |TAMS 0x0000000606400000, 0x0000000606400000| Untracked 
|  22|0x0000000606800000, 0x0000000606800000, 0x0000000606c00000|  0%| F|  |TAMS 0x0000000606800000, 0x0000000606800000| Untracked 
|  23|0x0000000606c00000, 0x0000000606c00000, 0x0000000607000000|  0%| F|  |TAMS 0x0000000606c00000, 0x0000000606c00000| Untracked 
|  24|0x0000000607000000, 0x0000000607000000, 0x0000000607400000|  0%| F|  |TAMS 0x0000000607000000, 0x0000000607000000| Untracked 
|  25|0x0000000607400000, 0x0000000607400000, 0x0000000607800000|  0%| F|  |TAMS 0x0000000607400000, 0x0000000607400000| Untracked 
|  26|0x0000000607800000, 0x0000000607800000, 0x0000000607c00000|  0%| F|  |TAMS 0x0000000607800000, 0x0000000607800000| Untracked 
|  27|0x0000000607c00000, 0x0000000607c00000, 0x0000000608000000|  0%| F|  |TAMS 0x0000000607c00000, 0x0000000607c00000| Untracked 
|  28|0x0000000608000000, 0x0000000608000000, 0x0000000608400000|  0%| F|  |TAMS 0x0000000608000000, 0x0000000608000000| Untracked 
|  29|0x0000000608400000, 0x0000000608400000, 0x0000000608800000|  0%| F|  |TAMS 0x0000000608400000, 0x0000000608400000| Untracked 
|  30|0x0000000608800000, 0x0000000608800000, 0x0000000608c00000|  0%| F|  |TAMS 0x0000000608800000, 0x0000000608800000| Untracked 
|  31|0x0000000608c00000, 0x0000000608c00000, 0x0000000609000000|  0%| F|  |TAMS 0x0000000608c00000, 0x0000000608c00000| Untracked 
|  32|0x0000000609000000, 0x0000000609000000, 0x0000000609400000|  0%| F|  |TAMS 0x0000000609000000, 0x0000000609000000| Untracked 
|  33|0x0000000609400000, 0x0000000609400000, 0x0000000609800000|  0%| F|  |TAMS 0x0000000609400000, 0x0000000609400000| Untracked 
|  34|0x0000000609800000, 0x0000000609800000, 0x0000000609c00000|  0%| F|  |TAMS 0x0000000609800000, 0x0000000609800000| Untracked 
|  35|0x0000000609c00000, 0x0000000609c00810, 0x000000060a000000|  0%| S|CS|TAMS 0x0000000609c00000, 0x0000000609c00000| Complete 
|  36|0x000000060a000000, 0x000000060a000000, 0x000000060a400000|  0%| F|  |TAMS 0x000000060a000000, 0x000000060a000000| Untracked 

Card table byte_map: [0x000001842f870000,0x0000018430870000] _byte_map_base: 0x000001842c868000

Marking Bits (Prev, Next): (CMBitMap*) 0x000001841b646b30, (CMBitMap*) 0x000001841b646b70
 Prev Bits: [0x0000018431870000, 0x0000018439830000)
 Next Bits: [0x0000018439830000, 0x00000184417f0000)

Polling page: 0x0000018419560000

Metaspace:

Usage:
  Non-class:     13.79 MB capacity,    13.70 MB (>99%) used,    75.59 KB ( <1%) free+waste,    14.38 KB ( <1%) overhead. 
      Class:      1.52 MB capacity,     1.46 MB ( 96%) used,    59.34 KB (  4%) free+waste,     4.88 KB ( <1%) overhead. 
       Both:     15.31 MB capacity,    15.16 MB (>99%) used,   134.93 KB ( <1%) free+waste,    19.25 KB ( <1%) overhead. 

Virtual space:
  Non-class space:       14.00 MB reserved,      14.00 MB (100%) committed 
      Class space:        1.00 GB reserved,       1.62 MB ( <1%) committed 
             Both:        1.01 GB reserved,      15.62 MB (  2%) committed 

Chunk freelists:
   Non-Class:  27.00 KB
       Class:  12.00 KB
        Both:  39.00 KB

MaxMetaspaceSize: 17179869184.00 GB
CompressedClassSpaceSize: 1.00 GB

CodeHeap 'non-profiled nmethods': size=119168Kb used=778Kb max_used=778Kb free=118389Kb
 bounds [0x0000018426b80000, 0x0000018426df0000, 0x000001842dfe0000]
CodeHeap 'profiled nmethods': size=119104Kb used=3774Kb max_used=3774Kb free=115329Kb
 bounds [0x000001841f730000, 0x000001841fae0000, 0x0000018426b80000]
CodeHeap 'non-nmethods': size=7488Kb used=1178Kb max_used=2890Kb free=6309Kb
 bounds [0x000001841efe0000, 0x000001841f2c0000, 0x000001841f730000]
 total_blobs=2243 nmethods=1804 adapters=352
 compilation: enabled
              stopped_count=0, restarted_count=0
 full_count=0

Compilation events (20 events):
Event: 6.870 Thread 0x00000184450d1e70 1795       4       java.util.Calendar::selectFields (674 bytes)
Event: 6.881 Thread 0x00000184450d1e70 nmethod 1795 0x0000018426c3d710 code [0x0000018426c3d8c0, 0x0000018426c3dcd8]
Event: 6.881 Thread 0x00000184450d1e70 1796       4       java.util.GregorianCalendar::isLeapYear (127 bytes)
Event: 6.882 Thread 0x00000184450d1e70 nmethod 1796 0x0000018426c3e210 code [0x0000018426c3e380, 0x0000018426c3e418]
Event: 6.981 Thread 0x00000184450d1e70 1797       4       java.util.Calendar$Builder::build (639 bytes)
Event: 7.021 Thread 0x00000184450d1e70 nmethod 1797 0x0000018426c3e510 code [0x0000018426c3e720, 0x0000018426c3f2d8]
Event: 7.021 Thread 0x00000184450d1e70 1798       4       java.util.GregorianCalendar::<init> (56 bytes)
Event: 7.024 Thread 0x00000184450d1e70 nmethod 1798 0x0000018426c3fa10 code [0x0000018426c3fba0, 0x0000018426c3fdc8]
Event: 7.024 Thread 0x00000184450d1e70 1799       4       java.util.GregorianCalendar::add (698 bytes)
Event: 7.032 Thread 0x00000184450d1e70 nmethod 1799 0x0000018426c3ff10 code [0x0000018426c400c0, 0x0000018426c40438]
Event: 7.033 Thread 0x00000184450d1e70 1800       4       java.util.GregorianCalendar::pinDayOfMonth (64 bytes)
Event: 7.040 Thread 0x00000184450d1e70 nmethod 1800 0x0000018426c40990 code [0x0000018426c40b20, 0x0000018426c40cd8]
Event: 7.154 Thread 0x00000184450d1e70 1801       4       java.lang.StringBuilder::toString (35 bytes)
Event: 7.166 Thread 0x00000184450d1e70 nmethod 1801 0x0000018426c40f90 code [0x0000018426c41120, 0x0000018426c41578]
Event: 381.020 Thread 0x00000184450d2b90 1802 %     3       Database.GameList::toString @ 18 (88 bytes)
Event: 381.022 Thread 0x00000184450d2b90 nmethod 1802% 0x000001841fadcd90 code [0x000001841fadd080, 0x000001841faddf28]
Event: 401.688 Thread 0x00000184450d2b90 1803       3       Database.GameList::toString (88 bytes)
Event: 401.690 Thread 0x00000184450d2b90 nmethod 1803 0x000001841fade390 code [0x000001841fade680, 0x000001841fadf4c8]
Event: 1665.545 Thread 0x00000184450d1e70 1804 %     4       Database.GameList::toString @ 18 (88 bytes)
Event: 1665.594 Thread 0x00000184450d1e70 nmethod 1804% 0x0000018426c41790 code [0x0000018426c41960, 0x0000018426c42518]

GC Heap History (20 events):
Event: 8168.610 GC heap after
{Heap after GC invocations=143674 (full 0):
 garbage-first heap   total 167936K, used 16139K [0x0000000601000000, 0x0000000800000000)
  region size 4096K, 1 young (4096K), 1 survivors (4096K)
 Metaspace       used 15518K, capacity 15673K, committed 16000K, reserved 1062912K
  class space    used 1491K, capacity 1556K, committed 1664K, reserved 1048576K
}
Event: 8168.638 GC heap before
{Heap before GC invocations=143675 (full 0):
 garbage-first heap   total 167936K, used 93963K [0x0000000601000000, 0x0000000800000000)
  region size 4096K, 2 young (8192K), 1 survivors (4096K)
 Metaspace       used 15518K, capacity 15673K, committed 16000K, reserved 1062912K
  class space    used 1491K, capacity 1556K, committed 1664K, reserved 1048576K
}
Event: 8168.678 GC heap after
{Heap after GC invocations=143676 (full 0):
 garbage-first heap   total 167936K, used 16137K [0x0000000601000000, 0x0000000800000000)
  region size 4096K, 1 young (4096K), 1 survivors (4096K)
 Metaspace       used 15518K, capacity 15673K, committed 16000K, reserved 1062912K
  class space    used 1491K, capacity 1556K, committed 1664K, reserved 1048576K
}
Event: 8168.916 GC heap before
{Heap before GC invocations=143677 (full 0):
 garbage-first heap   total 139264K, used 61193K [0x0000000601000000, 0x0000000800000000)
  region size 4096K, 2 young (8192K), 1 survivors (4096K)
 Metaspace       used 15518K, capacity 15673K, committed 16000K, reserved 1062912K
  class space    used 1491K, capacity 1556K, committed 1664K, reserved 1048576K
}
Event: 8168.942 GC heap after
{Heap after GC invocations=143678 (full 0):
 garbage-first heap   total 286720K, used 16137K [0x0000000601000000, 0x0000000800000000)
  region size 4096K, 1 young (4096K), 1 survivors (4096K)
 Metaspace       used 15518K, capacity 15673K, committed 16000K, reserved 1062912K
  class space    used 1491K, capacity 1556K, committed 1664K, reserved 1048576K
}
Event: 8169.661 GC heap before
{Heap before GC invocations=143679 (full 0):
 garbage-first heap   total 245760K, used 139017K [0x0000000601000000, 0x0000000800000000)
  region size 4096K, 2 young (8192K), 1 survivors (4096K)
 Metaspace       used 15518K, capacity 15673K, committed 16000K, reserved 1062912K
  class space    used 1491K, capacity 1556K, committed 1664K, reserved 1048576K
}
Event: 8169.688 GC heap after
{Heap after GC invocations=143680 (full 0):
 garbage-first heap   total 245760K, used 24329K [0x0000000601000000, 0x0000000800000000)
  region size 4096K, 1 young (4096K), 1 survivors (4096K)
 Metaspace       used 15518K, capacity 15673K, committed 16000K, reserved 1062912K
  class space    used 1491K, capacity 1556K, committed 1664K, reserved 1048576K
}
Event: 8171.529 GC heap before
{Heap before GC invocations=143681 (full 0):
 garbage-first heap   total 151552K, used 48905K [0x0000000601000000, 0x0000000800000000)
  region size 4096K, 2 young (8192K), 1 survivors (4096K)
 Metaspace       used 15518K, capacity 15673K, committed 16000K, reserved 1062912K
  class space    used 1491K, capacity 1556K, committed 1664K, reserved 1048576K
}
Event: 8171.663 GC heap after
{Heap after GC invocations=143682 (full 0):
 garbage-first heap   total 151552K, used 16139K [0x0000000601000000, 0x0000000800000000)
  region size 4096K, 1 young (4096K), 1 survivors (4096K)
 Metaspace       used 15518K, capacity 15673K, committed 16000K, reserved 1062912K
  class space    used 1491K, capacity 1556K, committed 1664K, reserved 1048576K
}
Event: 8174.048 GC heap before
{Heap before GC invocations=143683 (full 0):
 garbage-first heap   total 151552K, used 61195K [0x0000000601000000, 0x0000000800000000)
  region size 4096K, 2 young (8192K), 1 survivors (4096K)
 Metaspace       used 15518K, capacity 15673K, committed 16000K, reserved 1062912K
  class space    used 1491K, capacity 1556K, committed 1664K, reserved 1048576K
}
Event: 8174.222 GC heap after
{Heap after GC invocations=143684 (full 0):
 garbage-first heap   total 151552K, used 16137K [0x0000000601000000, 0x0000000800000000)
  region size 4096K, 1 young (4096K), 1 survivors (4096K)
 Metaspace       used 15518K, capacity 15673K, committed 16000K, reserved 1062912K
  class space    used 1491K, capacity 1556K, committed 1664K, reserved 1048576K
}
Event: 8177.043 GC heap before
{Heap before GC invocations=143685 (full 0):
 garbage-first heap   total 151552K, used 61193K [0x0000000601000000, 0x0000000800000000)
  region size 4096K, 2 young (8192K), 1 survivors (4096K)
 Metaspace       used 15518K, capacity 15673K, committed 16000K, reserved 1062912K
  class space    used 1491K, capacity 1556K, committed 1664K, reserved 1048576K
}
Event: 8177.629 GC heap after
{Heap after GC invocations=143686 (full 0):
 garbage-first heap   total 397312K, used 16139K [0x0000000601000000, 0x0000000800000000)
  region size 4096K, 1 young (4096K), 1 survivors (4096K)
 Metaspace       used 15518K, capacity 15673K, committed 16000K, reserved 1062912K
  class space    used 1491K, capacity 1556K, committed 1664K, reserved 1048576K
}
Event: 8187.322 GC heap before
{Heap before GC invocations=143687 (full 0):
 garbage-first heap   total 151552K, used 61195K [0x0000000601000000, 0x0000000800000000)
  region size 4096K, 2 young (8192K), 1 survivors (4096K)
 Metaspace       used 15518K, capacity 15673K, committed 16000K, reserved 1062912K
  class space    used 1491K, capacity 1556K, committed 1664K, reserved 1048576K
}
Event: 8187.780 GC heap after
{Heap after GC invocations=143688 (full 0):
 garbage-first heap   total 151552K, used 16137K [0x0000000601000000, 0x0000000800000000)
  region size 4096K, 1 young (4096K), 1 survivors (4096K)
 Metaspace       used 15518K, capacity 15673K, committed 16000K, reserved 1062912K
  class space    used 1491K, capacity 1556K, committed 1664K, reserved 1048576K
}
Event: 8202.313 GC heap before
{Heap before GC invocations=143689 (full 0):
 garbage-first heap   total 151552K, used 61193K [0x0000000601000000, 0x0000000800000000)
  region size 4096K, 2 young (8192K), 1 survivors (4096K)
 Metaspace       used 15518K, capacity 15673K, committed 16000K, reserved 1062912K
  class space    used 1491K, capacity 1556K, committed 1664K, reserved 1048576K
}
Event: 8202.642 GC heap after
{Heap after GC invocations=143690 (full 0):
 garbage-first heap   total 151552K, used 16139K [0x0000000601000000, 0x0000000800000000)
  region size 4096K, 1 young (4096K), 1 survivors (4096K)
 Metaspace       used 15518K, capacity 15673K, committed 16000K, reserved 1062912K
  class space    used 1491K, capacity 1556K, committed 1664K, reserved 1048576K
}
Event: 8210.813 GC heap before
{Heap before GC invocations=143691 (full 0):
 garbage-first heap   total 151552K, used 61195K [0x0000000601000000, 0x0000000800000000)
  region size 4096K, 2 young (8192K), 1 survivors (4096K)
 Metaspace       used 15518K, capacity 15673K, committed 16000K, reserved 1062912K
  class space    used 1491K, capacity 1556K, committed 1664K, reserved 1048576K
}
Event: 8214.548 GC heap after
{Heap after GC invocations=143692 (full 0):
 garbage-first heap   total 151552K, used 16137K [0x0000000601000000, 0x0000000800000000)
  region size 4096K, 1 young (4096K), 1 survivors (4096K)
 Metaspace       used 15518K, capacity 15673K, committed 16000K, reserved 1062912K
  class space    used 1491K, capacity 1556K, committed 1664K, reserved 1048576K
}
Event: 8223.050 GC heap before
{Heap before GC invocations=143693 (full 0):
 garbage-first heap   total 151552K, used 61193K [0x0000000601000000, 0x0000000800000000)
  region size 4096K, 2 young (8192K), 1 survivors (4096K)
 Metaspace       used 15518K, capacity 15673K, committed 16000K, reserved 1062912K
  class space    used 1491K, capacity 1556K, committed 1664K, reserved 1048576K
}

Deoptimization events (20 events):
Event: 2.592 Thread 0x000001841b5cda00 DEOPT PACKING pc=0x000001841f884d4f sp=0x000000035fbf70e0
Event: 2.592 Thread 0x000001841b5cda00 DEOPT UNPACKING pc=0x000001841f02e23f sp=0x000000035fbf6560 mode 0
Event: 2.684 Thread 0x000001841b5cda00 DEOPT PACKING pc=0x000001841f76c87b sp=0x000000035fbfd680
Event: 2.684 Thread 0x000001841b5cda00 DEOPT UNPACKING pc=0x000001841f02e23f sp=0x000000035fbfcaf0 mode 0
Event: 3.058 Thread 0x000001841b5cda00 DEOPT PACKING pc=0x000001841f884d4f sp=0x000000035fbfc540
Event: 3.058 Thread 0x000001841b5cda00 DEOPT UNPACKING pc=0x000001841f02e23f sp=0x000000035fbfb9c0 mode 0
Event: 3.463 Thread 0x000001841b5cda00 Uncommon trap: trap_request=0xffffff45 fr.pc=0x0000018426bb02e4 relative=0x00000000000003c4
Event: 3.463 Thread 0x000001841b5cda00 Uncommon trap: reason=unstable_if action=reinterpret pc=0x0000018426bb02e4 method=java.lang.StringLatin1.canEncode(I)Z @ 4 c2
Event: 3.463 Thread 0x000001841b5cda00 DEOPT PACKING pc=0x0000018426bb02e4 sp=0x000000035fbfcc90
Event: 3.463 Thread 0x000001841b5cda00 DEOPT UNPACKING pc=0x000001841f02e42f sp=0x000000035fbfcbb8 mode 2
Event: 571.457 Thread 0x000001841b5cda00 DEOPT PACKING pc=0x000001841faddc33 sp=0x000000035fbfd1b0
Event: 571.457 Thread 0x000001841b5cda00 DEOPT UNPACKING pc=0x000001841f02e23f sp=0x000000035fbfc690 mode 0
Event: 757.367 Thread 0x000001841b5cda00 DEOPT PACKING pc=0x000001841faddc33 sp=0x000000035fbfd1b0
Event: 757.367 Thread 0x000001841b5cda00 DEOPT UNPACKING pc=0x000001841f02e23f sp=0x000000035fbfc690 mode 0
Event: 972.055 Thread 0x000001841b5cda00 DEOPT PACKING pc=0x000001841faddc33 sp=0x000000035fbfd1b0
Event: 972.055 Thread 0x000001841b5cda00 DEOPT UNPACKING pc=0x000001841f02e23f sp=0x000000035fbfc690 mode 0
Event: 1281.951 Thread 0x000001841b5cda00 DEOPT PACKING pc=0x000001841faddc33 sp=0x000000035fbfd1b0
Event: 1281.951 Thread 0x000001841b5cda00 DEOPT UNPACKING pc=0x000001841f02e23f sp=0x000000035fbfc690 mode 0
Event: 1665.545 Thread 0x000001841b5cda00 DEOPT PACKING pc=0x000001841faddc33 sp=0x000000035fbfd1b0
Event: 1665.545 Thread 0x000001841b5cda00 DEOPT UNPACKING pc=0x000001841f02e23f sp=0x000000035fbfc690 mode 0

Classes unloaded (4 events):
Event: 8152.382 Thread 0x00000184447db7e0 Unloading class 0x000000080010a840 'jdk/internal/reflect/GeneratedSerializationConstructorAccessor1'
Event: 8152.394 Thread 0x00000184447db7e0 Unloading class 0x0000000800108040 'jdk/internal/reflect/GeneratedConstructorAccessor3'
Event: 8152.398 Thread 0x00000184447db7e0 Unloading class 0x0000000800064840 'jdk/internal/reflect/GeneratedConstructorAccessor2'
Event: 8156.912 Thread 0x00000184447db7e0 Unloading class 0x0000000800065c40 'jdk/internal/reflect/GeneratedConstructorAccessor1'

Classes redefined (0 events):
No events

Internal exceptions (20 events):
Event: 2.124 Thread 0x000001841b5cda00 Exception <a 'java/lang/IncompatibleClassChangeError'{0x000000062014c818}: Found class java.lang.Object, but interface was expected> (0x000000062014c818) 
thrown [./open/src/hotspot/share/interpreter/linkResolver.cpp, line 848]
Event: 2.189 Thread 0x000001841b5cda00 Exception <a 'java/lang/NoSuchMethodError'{0x00000006201da8c0}: 'java.lang.Object java.lang.invoke.DirectMethodHandle$Holder.invokeStaticInit(java.lang.Object, java.lang.Object, java.lang.Object)'> (0x00000006201da8c0) 
thrown [./open/src/hotspot/share/interpreter/linkResolver.cpp, line 782]
Event: 2.193 Thread 0x000001841b5cda00 Exception <a 'java/lang/NoSuchMethodError'{0x00000006201e2c80}: 'void java.lang.invoke.DirectMethodHandle$Holder.invokeStaticInit(java.lang.Object, java.lang.Object, java.lang.Object)'> (0x00000006201e2c80) 
thrown [./open/src/hotspot/share/interpreter/linkResolver.cpp, line 782]
Event: 2.282 Thread 0x000001841b5cda00 Exception <a 'java/lang/NoSuchMethodError'{0x0000000620364928}: 'java.lang.Object java.lang.invoke.DirectMethodHandle$Holder.newInvokeSpecial(java.lang.Object, java.lang.Object, java.lang.Object, java.lang.Object, java.lang.Object)'> (0x0000000620364928) 
thrown [./open/src/hotspot/share/interpreter/linkResolver.cpp, line 782]
Event: 2.360 Thread 0x000001841b5cda00 Exception <a 'java/lang/NoSuchMethodError'{0x000000061fc2c258}: 'void java.lang.invoke.DirectMethodHandle$Holder.invokeInterface(java.lang.Object, java.lang.Object, java.lang.Object)'> (0x000000061fc2c258) 
thrown [./open/src/hotspot/share/interpreter/linkResolver.cpp, line 782]
Event: 2.360 Thread 0x000001841b5cda00 Exception <a 'java/lang/IncompatibleClassChangeError'{0x000000061fc2f7f0}: Found class java.lang.Object, but interface was expected> (0x000000061fc2f7f0) 
thrown [./open/src/hotspot/share/interpreter/linkResolver.cpp, line 848]
Event: 2.681 Thread 0x000001841b5cda00 Exception <a 'java/lang/NoSuchMethodError'{0x000000061fe46dc8}: 'java.lang.Object java.lang.invoke.DirectMethodHandle$Holder.invokeInterface(java.lang.Object, java.lang.Object)'> (0x000000061fe46dc8) 
thrown [./open/src/hotspot/share/interpreter/linkResolver.cpp, line 782]
Event: 2.682 Thread 0x000001841b5cda00 Exception <a 'java/lang/IncompatibleClassChangeError'{0x000000061fe4aa68}: Found class java.lang.Object, but interface was expected> (0x000000061fe4aa68) 
thrown [./open/src/hotspot/share/interpreter/linkResolver.cpp, line 848]
Event: 2.794 Thread 0x000001841b5cda00 Exception <a 'java/lang/NoSuchMethodError'{0x000000061ff45c78}: 'java.lang.Object java.lang.invoke.DirectMethodHandle$Holder.invokeSpecialIFC(java.lang.Object, java.lang.Object, java.lang.Object, java.lang.Object)'> (0x000000061ff45c78) 
thrown [./open/src/hotspot/share/interpreter/linkResolver.cpp, line 782]
Event: 2.832 Thread 0x000001841b5cda00 Exception <a 'java/lang/NoSuchMethodError'{0x000000061ff94180}: 'java.lang.Object java.lang.invoke.DirectMethodHandle$Holder.invokeStatic(java.lang.Object, java.lang.Object, int)'> (0x000000061ff94180) 
thrown [./open/src/hotspot/share/interpreter/linkResolver.cpp, line 782]
Event: 2.851 Thread 0x000001841b5cda00 Exception <a 'java/lang/NoSuchMethodError'{0x000000061ffbbbd0}: 'int java.lang.invoke.DirectMethodHandle$Holder.invokeStatic(java.lang.Object, java.lang.Object, java.lang.Object, java.lang.Object)'> (0x000000061ffbbbd0) 
thrown [./open/src/hotspot/share/interpreter/linkResolver.cpp, line 782]
Event: 2.873 Thread 0x000001841b5cda00 Exception <a 'java/lang/NoSuchMethodError'{0x000000061ffddfd8}: 'void java.lang.invoke.DirectMethodHandle$Holder.invokeSpecial(java.lang.Object, java.lang.Object, java.lang.Object, java.lang.Object, java.lang.Object)'> (0x000000061ffddfd8) 
thrown [./open/src/hotspot/share/interpreter/linkResolver.cpp, line 782]
Event: 2.925 Thread 0x000001841b5cda00 Exception <a 'java/lang/NoSuchMethodError'{0x000000061f831d28}: 'java.lang.Object java.lang.invoke.DirectMethodHandle$Holder.invokeVirtual(java.lang.Object, java.lang.Object, java.lang.Object)'> (0x000000061f831d28) 
thrown [./open/src/hotspot/share/interpreter/linkResolver.cpp, line 782]
Event: 2.960 Thread 0x000001841b5cda00 Exception <a 'java/lang/NoSuchMethodError'{0x000000061f8735c8}: 'void java.lang.invoke.DirectMethodHandle$Holder.invokeInterface(java.lang.Object, java.lang.Object, java.lang.Object, java.lang.Object)'> (0x000000061f8735c8) 
thrown [./open/src/hotspot/share/interpreter/linkResolver.cpp, line 782]
Event: 2.961 Thread 0x000001841b5cda00 Exception <a 'java/lang/IncompatibleClassChangeError'{0x000000061f8770f0}: Found class java.lang.Object, but interface was expected> (0x000000061f8770f0) 
thrown [./open/src/hotspot/share/interpreter/linkResolver.cpp, line 848]
Event: 2.977 Thread 0x000001841b5cda00 Exception <a 'java/lang/NoSuchMethodError'{0x000000061f8909a8}: 'void java.lang.invoke.DirectMethodHandle$Holder.invokeStatic(java.lang.Object, java.lang.Object, java.lang.Object, java.lang.Object)'> (0x000000061f8909a8) 
thrown [./open/src/hotspot/share/interpreter/linkResolver.cpp, line 782]
Event: 3.027 Thread 0x000001841b5cda00 Exception <a 'java/lang/NoSuchMethodError'{0x000000061f8f2da0}: 'java.lang.Object java.lang.invoke.Invokers$Holder.invokeExact_MT(java.lang.Object, java.lang.Object, java.lang.Object, java.lang.Object, java.lang.Object, java.lang.Object)'> (0x000000061f8f2da0) 
thrown [./open/src/hotspot/share/interpreter/linkResolver.cpp, line 782]
Event: 3.036 Thread 0x000001841b5cda00 Exception <a 'java/lang/NoSuchMethodError'{0x000000061f9037d8}: 'int java.lang.invoke.DirectMethodHandle$Holder.invokeStatic(java.lang.Object, java.lang.Object, java.lang.Object, java.lang.Object, java.lang.Object)'> (0x000000061f9037d8) 
thrown [./open/src/hotspot/share/interpreter/linkResolver.cpp, line 782]
Event: 3.318 Thread 0x000001841b5cda00 Exception <a 'java/lang/NoSuchMethodError'{0x000000061fb6e328}: 'int java.lang.invoke.DirectMethodHandle$Holder.invokeSpecial(java.lang.Object, java.lang.Object, java.lang.Object, java.lang.Object)'> (0x000000061fb6e328) 
thrown [./open/src/hotspot/share/interpreter/linkResolver.cpp, line 782]
Event: 3.489 Thread 0x000001841b5cda00 Exception <a 'java/lang/reflect/InvocationTargetException'{0x0000000620d67478}> (0x0000000620d67478) 
thrown [./open/src/hotspot/share/runtime/reflection.cpp, line 1157]

Events (20 events):
Event: 8185.235 Executing VM operation: G1Concurrent done
Event: 8187.236 Executing VM operation: G1TryInitiateConcMark
Event: 8187.874 Executing VM operation: G1TryInitiateConcMark done
Event: 8188.820 Executing VM operation: G1Concurrent
Event: 8194.876 Executing VM operation: G1Concurrent done
Event: 8196.963 Executing VM operation: G1Concurrent
Event: 8199.862 Executing VM operation: G1Concurrent done
Event: 8202.277 Executing VM operation: G1TryInitiateConcMark
Event: 8202.644 Executing VM operation: G1TryInitiateConcMark done
Event: 8203.195 Executing VM operation: G1Concurrent
Event: 8205.132 Executing VM operation: G1Concurrent done
Event: 8205.764 Executing VM operation: G1Concurrent
Event: 8208.604 Executing VM operation: G1Concurrent done
Event: 8210.578 Executing VM operation: G1TryInitiateConcMark
Event: 8214.672 Executing VM operation: G1TryInitiateConcMark done
Event: 8215.582 Executing VM operation: G1Concurrent
Event: 8218.196 Executing VM operation: G1Concurrent done
Event: 8218.797 Executing VM operation: G1Concurrent
Event: 8221.497 Executing VM operation: G1Concurrent done
Event: 8223.049 Executing VM operation: G1TryInitiateConcMark


Dynamic libraries:
0x00007ff623e60000 - 0x00007ff623e6d000 	C:\Users\Astrid\.p2\pool\plugins\org.eclipse.justj.openjdk.hotspot.jre.full.win32.x86_64_15.0.2.v20210201-0955\jre\bin\javaw.exe
0x00007ff9f53d0000 - 0x00007ff9f55c5000 	C:\WINDOWS\SYSTEM32\ntdll.dll
0x00007ff9f4f60000 - 0x00007ff9f501d000 	C:\WINDOWS\System32\KERNEL32.DLL
0x00007ff9f2dd0000 - 0x00007ff9f3098000 	C:\WINDOWS\System32\KERNELBASE.dll
0x00007ff9b4ea0000 - 0x00007ff9b4f91000 	C:\Program Files\Bitdefender\Bitdefender Security\atcuf\265267619164186309\atcuf64.dll
0x00007ff9f3280000 - 0x00007ff9f3380000 	C:\WINDOWS\System32\ucrtbase.dll
0x00007ff9ee8c0000 - 0x00007ff9ee8d8000 	C:\Users\Astrid\.p2\pool\plugins\org.eclipse.justj.openjdk.hotspot.jre.full.win32.x86_64_15.0.2.v20210201-0955\jre\bin\jli.dll
0x00007ff9f4680000 - 0x00007ff9f4820000 	C:\WINDOWS\System32\USER32.dll
0x00007ff9f2b10000 - 0x00007ff9f2b32000 	C:\WINDOWS\System32\win32u.dll
0x00007ff9f4df0000 - 0x00007ff9f4e1a000 	C:\WINDOWS\System32\GDI32.dll
0x00007ff9f2b40000 - 0x00007ff9f2c4b000 	C:\WINDOWS\System32\gdi32full.dll
0x00007ff9f2d30000 - 0x00007ff9f2dcd000 	C:\WINDOWS\System32\msvcp_win.dll
0x00007ff9db4c0000 - 0x00007ff9db4d9000 	C:\Users\Astrid\.p2\pool\plugins\org.eclipse.justj.openjdk.hotspot.jre.full.win32.x86_64_15.0.2.v20210201-0955\jre\bin\VCRUNTIME140.dll
0x00007ff9d6a60000 - 0x00007ff9d6cfa000 	C:\WINDOWS\WinSxS\amd64_microsoft.windows.common-controls_6595b64144ccf1df_6.0.19041.844_none_ca00b6081b84eb1d\COMCTL32.dll
0x00007ff9f52f0000 - 0x00007ff9f538e000 	C:\WINDOWS\System32\msvcrt.dll
0x00007ff9f4dc0000 - 0x00007ff9f4df0000 	C:\WINDOWS\System32\IMM32.DLL
0x00007ff9e7520000 - 0x00007ff9e752c000 	C:\Users\Astrid\.p2\pool\plugins\org.eclipse.justj.openjdk.hotspot.jre.full.win32.x86_64_15.0.2.v20210201-0955\jre\bin\vcruntime140_1.dll
0x00007ff9db420000 - 0x00007ff9db4b1000 	C:\Users\Astrid\.p2\pool\plugins\org.eclipse.justj.openjdk.hotspot.jre.full.win32.x86_64_15.0.2.v20210201-0955\jre\bin\msvcp140.dll
0x00007ff958a70000 - 0x00007ff9595ce000 	C:\Users\Astrid\.p2\pool\plugins\org.eclipse.justj.openjdk.hotspot.jre.full.win32.x86_64_15.0.2.v20210201-0955\jre\bin\server\jvm.dll
0x00007ff9f3fd0000 - 0x00007ff9f407c000 	C:\WINDOWS\System32\ADVAPI32.dll
0x00007ff9f5020000 - 0x00007ff9f50bb000 	C:\WINDOWS\System32\sechost.dll
0x00007ff9f4080000 - 0x00007ff9f41ab000 	C:\WINDOWS\System32\RPCRT4.dll
0x00007ff9f3f00000 - 0x00007ff9f3f08000 	C:\WINDOWS\System32\PSAPI.DLL
0x00007ff9b0a80000 - 0x00007ff9b0a89000 	C:\WINDOWS\SYSTEM32\WSOCK32.dll
0x00007ff9f4ef0000 - 0x00007ff9f4f5b000 	C:\WINDOWS\System32\WS2_32.dll
0x00007ff9ed0d0000 - 0x00007ff9ed0f7000 	C:\WINDOWS\SYSTEM32\WINMM.dll
0x00007ff9ecd10000 - 0x00007ff9ecd1a000 	C:\WINDOWS\SYSTEM32\VERSION.dll
0x00007ff9f0ab0000 - 0x00007ff9f0ac2000 	C:\WINDOWS\SYSTEM32\kernel.appcore.dll
0x00007ff9d85e0000 - 0x00007ff9d85ea000 	C:\Users\Astrid\.p2\pool\plugins\org.eclipse.justj.openjdk.hotspot.jre.full.win32.x86_64_15.0.2.v20210201-0955\jre\bin\jimage.dll
0x00007ff9f01a0000 - 0x00007ff9f0384000 	C:\WINDOWS\SYSTEM32\DBGHELP.DLL
0x00007ff9d4d90000 - 0x00007ff9d4dbc000 	C:\WINDOWS\SYSTEM32\dbgcore.DLL
0x00007ff9f3200000 - 0x00007ff9f3280000 	C:\WINDOWS\System32\bcryptPrimitives.dll
0x00007ff9d2cc0000 - 0x00007ff9d2ce5000 	C:\Users\Astrid\.p2\pool\plugins\org.eclipse.justj.openjdk.hotspot.jre.full.win32.x86_64_15.0.2.v20210201-0955\jre\bin\java.dll
0x00007ff9d85c0000 - 0x00007ff9d85d8000 	C:\Users\Astrid\.p2\pool\plugins\org.eclipse.justj.openjdk.hotspot.jre.full.win32.x86_64_15.0.2.v20210201-0955\jre\bin\zip.dll
0x00007ff9f3600000 - 0x00007ff9f3d42000 	C:\WINDOWS\System32\SHELL32.dll
0x00007ff9f0c20000 - 0x00007ff9f13b0000 	C:\WINDOWS\SYSTEM32\windows.storage.dll
0x00007ff9f4820000 - 0x00007ff9f4b75000 	C:\WINDOWS\System32\combase.dll
0x00007ff9f24b0000 - 0x00007ff9f24dc000 	C:\WINDOWS\SYSTEM32\Wldp.dll
0x00007ff9f4d10000 - 0x00007ff9f4dbe000 	C:\WINDOWS\System32\SHCORE.dll
0x00007ff9f4620000 - 0x00007ff9f4675000 	C:\WINDOWS\System32\shlwapi.dll
0x00007ff9f2a50000 - 0x00007ff9f2a6f000 	C:\WINDOWS\SYSTEM32\profapi.dll
0x00007ff9d2040000 - 0x00007ff9d2059000 	C:\Users\Astrid\.p2\pool\plugins\org.eclipse.justj.openjdk.hotspot.jre.full.win32.x86_64_15.0.2.v20210201-0955\jre\bin\net.dll
0x00007ff9eb470000 - 0x00007ff9eb57b000 	C:\WINDOWS\SYSTEM32\WINHTTP.dll
0x00007ff9f2290000 - 0x00007ff9f22fa000 	C:\WINDOWS\system32\mswsock.dll
0x00007ff9d1f50000 - 0x00007ff9d1f62000 	C:\Users\Astrid\.p2\pool\plugins\org.eclipse.justj.openjdk.hotspot.jre.full.win32.x86_64_15.0.2.v20210201-0955\jre\bin\nio.dll
0x00007ff9d2cb0000 - 0x00007ff9d2cc0000 	C:\Users\Astrid\.p2\pool\plugins\org.eclipse.justj.openjdk.hotspot.jre.full.win32.x86_64_15.0.2.v20210201-0955\jre\bin\verify.dll
0x00007ff9f1f50000 - 0x00007ff9f1f8b000 	C:\WINDOWS\SYSTEM32\IPHLPAPI.DLL
0x00007ff9f4cf0000 - 0x00007ff9f4cf8000 	C:\WINDOWS\System32\NSI.dll
0x00007ff9ec760000 - 0x00007ff9ec777000 	C:\WINDOWS\SYSTEM32\dhcpcsvc6.DLL
0x00007ff9ec740000 - 0x00007ff9ec75d000 	C:\WINDOWS\SYSTEM32\dhcpcsvc.DLL
0x00007ff9f1fa0000 - 0x00007ff9f206c000 	C:\WINDOWS\SYSTEM32\DNSAPI.dll

dbghelp: loaded successfully - version: 4.0.5 - missing functions: none
symbol engine: initialized successfully - sym options: 0x614 - pdb path: .;C:\Users\Astrid\.p2\pool\plugins\org.eclipse.justj.openjdk.hotspot.jre.full.win32.x86_64_15.0.2.v20210201-0955\jre\bin;C:\WINDOWS\SYSTEM32;C:\Program Files\Bitdefender\Bitdefender Security\atcuf\265267619164186309;C:\WINDOWS\WinSxS\amd64_microsoft.windows.common-controls_6595b64144ccf1df_6.0.19041.844_none_ca00b6081b84eb1d;C:\Users\Astrid\.p2\pool\plugins\org.eclipse.justj.openjdk.hotspot.jre.full.win32.x86_64_15.0.2.v20210201-0955\jre\bin\server

VM Arguments:
jvm_args: -ea -Dfile.encoding=Cp1252 -XX:+ShowCodeDetailsInExceptionMessages 
java_command: org.eclipse.jdt.internal.junit.runner.RemoteTestRunner -version 3 -port 52976 -testLoaderClass org.eclipse.jdt.internal.junit5.runner.JUnit5TestLoader -loaderpluginname org.eclipse.jdt.junit5.runtime -classNames Testing.GameListTest
java_class_path (initial): C:\Users\Astrid\Desktop\DSE_Assignment2\out\production\DS_2016_Assignment2;C:\Users\Astrid\.p2\pool\plugins\org.junit.jupiter.api_5.7.1.v20210222-1948.jar;C:\Users\Astrid\.p2\pool\plugins\org.junit.jupiter.engine_5.7.1.v20210222-1948.jar;C:\Users\Astrid\.p2\pool\plugins\org.junit.jupiter.migrationsupport_5.7.1.v20210222-1948.jar;C:\Users\Astrid\.p2\pool\plugins\org.junit.jupiter.params_5.7.1.v20210222-1948.jar;C:\Users\Astrid\.p2\pool\plugins\org.junit.platform.commons_1.7.1.v20210222-1948.jar;C:\Users\Astrid\.p2\pool\plugins\org.junit.platform.engine_1.7.1.v20210222-1948.jar;C:\Users\Astrid\.p2\pool\plugins\org.junit.platform.launcher_1.7.1.v20210222-1948.jar;C:\Users\Astrid\.p2\pool\plugins\org.junit.platform.runner_1.7.1.v20210222-1948.jar;C:\Users\Astrid\.p2\pool\plugins\org.junit.platform.suite.api_1.7.1.v20210222-1948.jar;C:\Users\Astrid\.p2\pool\plugins\org.junit.vintage.engine_5.7.1.v20210222-1948.jar;C:\Users\Astrid\.p2\pool\plugins\org.opentest4j_1.2.0.v20190826-0900.jar;C:\Users\Astrid\.p2\pool\plugins\org.apiguardian_1.1.0.v20190826-0900.jar;C:\Users\Astrid\.p2\pool\plugins\org.junit_4.13.0.v20200204-1500.jar;C:\Users\Astrid\.p2\pool\plugins\org.hamcrest.core_1.3.0.v20180420-1519.jar;C:\Users\Astrid\eclipse\java-2021-03\eclipse\configuration\org.eclipse.osgi\221\0\.cp;C:\Users\Astrid\eclipse\java-2021-03\eclipse\configuration\org.eclipse.osgi\219\0\.cp
Launcher Type: SUN_STANDARD

[Global flags]
     intx CICompilerCount                          = 12                                        {product} {ergonomic}
     uint ConcGCThreads                            = 3                                         {product} {ergonomic}
     uint G1ConcRefinementThreads                  = 13                                        {product} {ergonomic}
   size_t G1HeapRegionSize                         = 4194304                                   {product} {ergonomic}
    uintx GCDrainStackTargetSize                   = 64                                        {product} {ergonomic}
   size_t InitialHeapSize                          = 536870912                                 {product} {ergonomic}
   size_t MarkStackSize                            = 4194304                                   {product} {ergonomic}
   size_t MaxHeapSize                              = 8573157376                                {product} {ergonomic}
   size_t MaxNewSize                               = 5142216704                                {product} {ergonomic}
   size_t MinHeapDeltaBytes                        = 4194304                                   {product} {ergonomic}
   size_t MinHeapSize                              = 8388608                                   {product} {ergonomic}
    uintx NonNMethodCodeHeapSize                   = 7602480                                {pd product} {ergonomic}
    uintx NonProfiledCodeHeapSize                  = 122027880                              {pd product} {ergonomic}
    uintx ProfiledCodeHeapSize                     = 122027880                              {pd product} {ergonomic}
    uintx ReservedCodeCacheSize                    = 251658240                              {pd product} {ergonomic}
     bool SegmentedCodeCache                       = true                                      {product} {ergonomic}
     bool ShowCodeDetailsInExceptionMessages       = true                                   {manageable} {command line}
   size_t SoftMaxHeapSize                          = 8573157376                             {manageable} {ergonomic}
     bool UseCompressedClassPointers               = true                                 {lp64_product} {ergonomic}
     bool UseCompressedOops                        = true                                 {lp64_product} {ergonomic}
     bool UseG1GC                                  = true                                      {product} {ergonomic}
     bool UseLargePagesIndividualAllocation        = false                                  {pd product} {ergonomic}

Logging:
Log output configuration:
 #0: stdout all=warning uptime,level,tags
 #1: stderr all=off uptime,level,tags

Environment Variables:
JAVA_HOME=C:\Program Files\Android\Jdk\microsoft_dist_openjdk_1.8.0.25
PATH=C:/Users/Astrid/.p2/pool/plugins/org.eclipse.justj.openjdk.hotspot.jre.full.win32.x86_64_15.0.2.v20210201-0955/jre/bin/server;C:/Users/Astrid/.p2/pool/plugins/org.eclipse.justj.openjdk.hotspot.jre.full.win32.x86_64_15.0.2.v20210201-0955/jre/bin;C:\Program Files (x86)\Rockwell Software\RSCommon;C:\Program Files\Microsoft MPI\Bin\;C:\Program Files (x86)\Microsoft SDKs\Azure\CLI2\wbin;C:\Program Files (x86)\Common Files\Oracle\Java\javapath;C:\Windows\system32;C:\Windows;C:\Windows\System32\Wbem;C:\Windows\System32\WindowsPowerShell\v1.0\;C:\Windows\System32\OpenSSH\;C:\Program Files\NVIDIA Corporation\NVIDIA NvDLISR;C:\Program Files (x86)\NVIDIA Corporation\PhysX\Common;c:\Program Files (x86)\Microsoft SQL Server\110\Tools\Binn\;c:\Program Files\Microsoft SQL Server\110\Tools\Binn\;c:\Program Files\Microsoft SQL Server\110\DTS\Binn\;c:\Program Files (x86)\Microsoft SQL Server\110\Tools\Binn\ManagementStudio\;c:\Program Files (x86)\Microsoft SQL Server\110\DTS\Binn\;C:\Program Files\Microsoft VS Code\bin;C:\Program Files\Git\cmd;C:\Program Files\nodejs\;C:\ProgramData\chocolatey\bin;C:\Program Files\dotnet\;C:\Program Files\Microsoft SQL Server\130\Tools\Binn\;C:\Program Files\Microsoft SQL Server\Client SDK\ODBC\170\Tools\Binn\;C:\Program Files (x86)\Microsoft SQL Server\150\Tools\Binn\;C:\Program Files\Microsoft SQL Server\150\Tools\Binn\;C:\Program Files\Microsoft SQL Server\150\DTS\Binn\;C:\Program Files\MongoDB\Server\4.2\bin;C:\Program Files (x86)\Common Files\Rockwell\;C:\WINDOWS\system32;C:\WINDOWS;C:\WINDOWS\System32\Wbem;C:\WINDOWS\System32\WindowsPowerShell\v1.0\;C:\WINDOWS\System32\OpenSSH\;C:\Program Files (x86)\IncrediBuild;C:\Program Files\Docker\Docker\resources\bin;C:\ProgramData\DockerDesktop\version-bin;C:\Program Files (x86)\dotnet\;C:\Program Files (x86)\Microsoft SQL Server\150\DTS\Binn\;C:\Program Files\Azure Data Studio\bin;C:\Program Files\TortoiseGit\bin;C:\Program Files\MySQL\MySQL Shell 8.0\bin\;C:\Users\Astrid\AppData\Local\Microsoft\Wind
USERNAME=Astrid
OS=Windows_NT
PROCESSOR_IDENTIFIER=AMD64 Family 23 Model 113 Stepping 0, AuthenticAMD



---------------  S Y S T E M  ---------------

OS:
 Windows 10 , 64 bit Build 19041 (10.0.19041.928)
OS uptime: 4 days 9:58 hours
HyperV virtualization detected

CPU: total 16 (initial active 16) (16 cores per cpu, 2 threads per core) family 23 model 113 stepping 0 microcode 0x0, cmov, cx8, fxsr, mmx, sse, sse2, sse3, ssse3, sse4.1, sse4.2, popcnt, vzeroupper, avx, avx2, aes, clmul, 3dnowpref, lzcnt, sse4a, ht, tsc, tscinvbit, tscinv, bmi1, bmi2, adx, sha, fma, clflush, clflushopt

Memory: 4k page, system-wide physical 32699M (0M free)
TotalPageFile size 131003M (AvailPageFile size 160M)
current process WorkingSet (physical memory assigned to process): 0M, peak: 8263M
current process commit charge ("private bytes"): 265M, peak: 8609M

vm_info: OpenJDK 64-Bit Server VM (15.0.2+7-27) for windows-amd64 JRE (15.0.2+7-27), built on Dec  7 2020 20:02:38 by "mach5one" with unknown MS VC++:1925

END.
