#
# There is insufficient memory for the Java Runtime Environment to continue.
# Native memory allocation (mmap) failed to map 113246208 bytes for G1 virtual space
# Possible reasons:
#   The system is out of physical RAM or swap space
#   The process is running with CompressedOops enabled, and the Java Heap may be blocking the growth of the native heap
# Possible solutions:
#   Reduce memory load on the system
#   Increase physical memory or swap space
#   Check if swap backing store is full
#   Decrease Java heap size (-Xmx/-Xms)
#   Decrease number of Java threads
#   Decrease Java thread stack sizes (-Xss)
#   Set larger code cache with -XX:ReservedCodeCacheSize=
#   JVM is running with Zero Based Compressed Oops mode in which the Java heap is
#     placed in the first 32GB address space. The Java Heap base address is the
#     maximum limit for the native heap growth. Please use -XX:HeapBaseMinAddress
#     to set the Java Heap base and to place the Java Heap above 32GB virtual address.
# This output file may be truncated or incomplete.
#
#  Out of Memory Error (./open/src/hotspot/os/windows/os_windows.cpp:3321), pid=13928, tid=24712
#
# JRE version: OpenJDK Runtime Environment (15.0.2+7) (build 15.0.2+7-27)
# Java VM: OpenJDK 64-Bit Server VM (15.0.2+7-27, mixed mode, tiered, compressed oops, g1 gc, windows-amd64)
# No core dump will be written. Minidumps are not enabled by default on client versions of Windows
#

---------------  S U M M A R Y ------------

Command Line: -ea -Dfile.encoding=Cp1252 -XX:+ShowCodeDetailsInExceptionMessages org.eclipse.jdt.internal.junit.runner.RemoteTestRunner -version 3 -port 61274 -testLoaderClass org.eclipse.jdt.internal.junit5.runner.JUnit5TestLoader -loaderpluginname org.eclipse.jdt.junit5.runtime -classNames Testing.GameListTest

Host: AMD Ryzen 7 3800X 8-Core Processor             , 16 cores, 31G,  Windows 10 , 64 bit Build 19041 (10.0.19041.928)
Time: Sun May 30 00:10:39 2021 Cen. Australia Standard Time elapsed time: 7167.897040 seconds (0d 1h 59m 27s)

---------------  T H R E A D  ---------------

Current thread (0x0000019543d45640):  VMThread "VM Thread" [stack: 0x0000001d21f00000,0x0000001d22000000] [id=24712]

Stack: [0x0000001d21f00000,0x0000001d22000000]
[error occurred during error reporting (printing stack bounds), id 0xc0000005, EXCEPTION_ACCESS_VIOLATION (0xc0000005) at pc=0x000001951e5810ad]

Native frames: (J=compiled Java code, j=interpreted, Vv=VM code, C=native code)
V  [jvm.dll+0x62ae9a]
V  [jvm.dll+0x7817a9]
V  [jvm.dll+0x782f03]
V  [jvm.dll+0x7834c5]
V  [jvm.dll+0x78347b]
V  [jvm.dll+0x62a2b9]
V  [jvm.dll+0x62aa88]
C  [ntdll.dll+0xa217f]
C  [ntdll.dll+0x51454]
C  [ntdll.dll+0xa0cae]
C  0x000001951e5810ad

VM_Operation (0x0000001d219fbe20): G1TryInitiateConcMark, mode: safepoint, requested by thread 0x000001951ab6da00


---------------  P R O C E S S  ---------------

Threads class SMR info:
_java_thread_list=0x000001954506f8c0, length=11, elements={
0x000001951ab6da00, 0x0000019544615010, 0x00000195446159d0, 0x00000195445ff600,
0x0000019544601ed0, 0x0000019544602790, 0x0000019544603380, 0x00000195446a8700,
0x00000195446b5140, 0x00000195447bc4f0, 0x00000195447cfaf0
}

Java Threads: ( => current thread )
  0x000001951ab6da00 JavaThread "main" [_thread_blocked, id=20084, stack(0x0000001d21900000,0x0000001d21a00000)]
  0x0000019544615010 JavaThread "Reference Handler" daemon [_thread_blocked, id=25932, stack(0x0000001d22000000,0x0000001d22100000)]
  0x00000195446159d0 JavaThread "Finalizer" daemon [_thread_blocked, id=21632, stack(0x0000001d22100000,0x0000001d22200000)]
  0x00000195445ff600 JavaThread "Signal Dispatcher" daemon [_thread_blocked, id=16196, stack(0x0000001d22200000,0x0000001d22300000)]
  0x0000019544601ed0 JavaThread "Attach Listener" daemon [_thread_blocked, id=25336, stack(0x0000001d22300000,0x0000001d22400000)]
  0x0000019544602790 JavaThread "Service Thread" daemon [_thread_blocked, id=17996, stack(0x0000001d22400000,0x0000001d22500000)]
  0x0000019544603380 JavaThread "C2 CompilerThread0" daemon [_thread_blocked, id=18180, stack(0x0000001d22500000,0x0000001d22600000)]
  0x00000195446a8700 JavaThread "C1 CompilerThread0" daemon [_thread_blocked, id=5092, stack(0x0000001d22600000,0x0000001d22700000)]
  0x00000195446b5140 JavaThread "Sweeper thread" daemon [_thread_blocked, id=1212, stack(0x0000001d22700000,0x0000001d22800000)]
  0x00000195447bc4f0 JavaThread "Notification Thread" daemon [_thread_blocked, id=16836, stack(0x0000001d22800000,0x0000001d22900000)]
  0x00000195447cfaf0 JavaThread "Common-Cleaner" daemon [_thread_blocked, id=5640, stack(0x0000001d22a00000,0x0000001d22b00000)]

Other Threads:
=>0x0000019543d45640 VMThread "VM Thread" [stack: 0x0000001d21f00000,0x0000001d22000000] [id=24712]
  0x00000195447bd1d0 WatcherThread [stack: 0x0000001d22900000,0x0000001d22a00000] [id=4428]
  0x000001951abe6430 GCTaskThread "GC Thread#0" [stack: 0x0000001d21a00000,0x0000001d21b00000] [id=22800]
  0x0000019544c77a00 GCTaskThread "GC Thread#1" [stack: 0x0000001d22d00000,0x0000001d22e00000] [id=11748]
  0x0000019544c77d30 GCTaskThread "GC Thread#2" [stack: 0x0000001d22e00000,0x0000001d22f00000] [id=25632]
  0x0000019544c773a0 GCTaskThread "GC Thread#3" [stack: 0x0000001d22f00000,0x0000001d23000000] [id=25564]
  0x0000019544c74d60 GCTaskThread "GC Thread#4" [stack: 0x0000001d23000000,0x0000001d23100000] [id=15912]
  0x0000019544c753c0 GCTaskThread "GC Thread#5" [stack: 0x0000001d23100000,0x0000001d23200000] [id=3872]
  0x0000019544c763b0 GCTaskThread "GC Thread#6" [stack: 0x0000001d23200000,0x0000001d23300000] [id=20920]
  0x0000019544c78060 GCTaskThread "GC Thread#7" [stack: 0x0000001d23300000,0x0000001d23400000] [id=24096]
  0x0000019544c766e0 GCTaskThread "GC Thread#8" [stack: 0x0000001d23400000,0x0000001d23500000] [id=18068]
  0x0000019544c776d0 GCTaskThread "GC Thread#9" [stack: 0x0000001d23500000,0x0000001d23600000] [id=13708]
  0x0000019544c756f0 GCTaskThread "GC Thread#10" [stack: 0x0000001d23600000,0x0000001d23700000] [id=11072]
  0x0000019544c76d40 GCTaskThread "GC Thread#11" [stack: 0x0000001d23700000,0x0000001d23800000] [id=15440]
  0x0000019544c77070 GCTaskThread "GC Thread#12" [stack: 0x0000001d22c00000,0x0000001d22d00000] [id=9252]
  0x000001951abf7410 ConcurrentGCThread "G1 Main Marker" [stack: 0x0000001d21b00000,0x0000001d21c00000] [id=27308]
  0x000001951abf7f10 ConcurrentGCThread "G1 Conc#0" [stack: 0x0000001d21c00000,0x0000001d21d00000] [id=14448]
  0x0000019544c75a20 ConcurrentGCThread "G1 Conc#1" [stack: 0x0000001d23a00000,0x0000001d23b00000] [id=26956]
  0x0000019544c76a10 ConcurrentGCThread "G1 Conc#2" [stack: 0x0000001d23b00000,0x0000001d23c00000] [id=18404]
  0x0000019543bf81b0 ConcurrentGCThread "G1 Refine#0" [stack: 0x0000001d21d00000,0x0000001d21e00000] [id=27392]
  0x0000019543bf8bc0 ConcurrentGCThread "G1 Young RemSet Sampling" [stack: 0x0000001d21e00000,0x0000001d21f00000] [id=10584]

Threads with active compile tasks:

VM state: at safepoint (normal execution)

VM Mutex/Monitor currently owned by a thread:  ([mutex/lock_event])
[0x000001951ab69920] Threads_lock - owner thread: 0x0000019543d45640
[0x000001951ab68600] Heap_lock - owner thread: 0x000001951ab6da00

Heap address: 0x0000000601000000, size: 8176 MB, Compressed Oops mode: Zero based, Oop shift amount: 3
CDS disabled.
Compressed class space mapped at: 0x0000000800000000-0x0000000840000000, size: 1073741824
Narrow klass base: 0x0000000800000000, Narrow klass shift: 0, Narrow klass range: 0x40000000

GC Precious Log:
 CPUs: 16 total, 16 available
 Memory: 32699M
 Large Page Support: Disabled
 NUMA Support: Disabled
 Compressed Oops: Enabled (Zero based)
 Heap Region Size: 4M
 Heap Min Capacity: 8M
 Heap Initial Capacity: 512M
 Heap Max Capacity: 8176M
 Pre-touch: Disabled
 Parallel Workers: 13
 Concurrent Workers: 3
 Concurrent Refinement Workers: 13
 Periodic GC: Disabled

Heap:
 garbage-first heap   total 270336K, used 16127K [0x0000000601000000, 0x0000000800000000)
  region size 4096K, 1 young (4096K), 1 survivors (4096K)
 Metaspace       used 15518K, capacity 15697K, committed 16000K, reserved 1062912K
  class space    used 1493K, capacity 1560K, committed 1664K, reserved 1048576K

Heap Regions: E=young(eden), S=young(survivor), O=old, HS=humongous(starts), HC=humongous(continues), CS=collection set, F=free, OA=open archive, CA=closed archive, TAMS=top-at-mark-start (previous, next)
|   0|0x0000000601000000, 0x00000006013be200, 0x0000000601400000| 93%| O|  |TAMS 0x00000006013be200, 0x00000006013be200| Untracked 
|   1|0x0000000601400000, 0x0000000601400000, 0x0000000601800000|  0%| F|  |TAMS 0x0000000601400000, 0x0000000601400000| Untracked 
|   2|0x0000000601800000, 0x0000000601800000, 0x0000000601c00000|  0%| F|  |TAMS 0x0000000601800000, 0x0000000601800000| Untracked 
|   3|0x0000000601c00000, 0x0000000601c00000, 0x0000000602000000|  0%| F|  |TAMS 0x0000000601c00000, 0x0000000601c00000| Untracked 
|   4|0x0000000602000000, 0x0000000602000000, 0x0000000602400000|  0%| F|  |TAMS 0x0000000602000000, 0x0000000602000000| Untracked 
|   5|0x0000000602400000, 0x0000000602400000, 0x0000000602800000|  0%| F|  |TAMS 0x0000000602400000, 0x0000000602400000| Untracked 
|   6|0x0000000602800000, 0x0000000602800000, 0x0000000602c00000|  0%| F|  |TAMS 0x0000000602800000, 0x0000000602800000| Untracked 
|   7|0x0000000602c00000, 0x0000000602c00000, 0x0000000603000000|  0%| F|  |TAMS 0x0000000602c00000, 0x0000000602c00000| Untracked 
|   8|0x0000000603000000, 0x0000000603000000, 0x0000000603400000|  0%| F|  |TAMS 0x0000000603000000, 0x0000000603000000| Untracked 
|   9|0x0000000603400000, 0x0000000603400000, 0x0000000603800000|  0%| F|  |TAMS 0x0000000603400000, 0x0000000603400000| Untracked 
|  10|0x0000000603800000, 0x0000000603800000, 0x0000000603c00000|  0%| F|  |TAMS 0x0000000603800000, 0x0000000603800000| Untracked 
|  11|0x0000000603c00000, 0x0000000603c00000, 0x0000000604000000|  0%| F|  |TAMS 0x0000000603c00000, 0x0000000603c00000| Untracked 
|  12|0x0000000604000000, 0x0000000604001200, 0x0000000604400000|  0%| O|  |TAMS 0x0000000604001200, 0x0000000604001200| Untracked 
|  13|0x0000000604400000, 0x0000000604400000, 0x0000000604800000|  0%| F|  |TAMS 0x0000000604400000, 0x0000000604400000| Untracked 
|  14|0x0000000604800000, 0x0000000604800000, 0x0000000604c00000|  0%| F|  |TAMS 0x0000000604800000, 0x0000000604800000| Untracked 
|  15|0x0000000604c00000, 0x0000000604c00000, 0x0000000605000000|  0%| F|  |TAMS 0x0000000604c00000, 0x0000000604c00000| Untracked 
|  16|0x0000000605000000, 0x0000000605000000, 0x0000000605400000|  0%| F|  |TAMS 0x0000000605000000, 0x0000000605000000| Untracked 
|  17|0x0000000605400000, 0x0000000605400000, 0x0000000605800000|  0%| F|  |TAMS 0x0000000605400000, 0x0000000605400000| Untracked 
|  18|0x0000000605800000, 0x0000000605800000, 0x0000000605c00000|  0%| F|  |TAMS 0x0000000605800000, 0x0000000605800000| Untracked 
|  19|0x0000000605c00000, 0x0000000605c00000, 0x0000000606000000|  0%| F|  |TAMS 0x0000000605c00000, 0x0000000605c00000| Untracked 
|  20|0x0000000606000000, 0x0000000606000000, 0x0000000606400000|  0%| F|  |TAMS 0x0000000606000000, 0x0000000606000000| Untracked 
|  21|0x0000000606400000, 0x0000000606400000, 0x0000000606800000|  0%| F|  |TAMS 0x0000000606400000, 0x0000000606400000| Untracked 
|  22|0x0000000606800000, 0x0000000606800000, 0x0000000606c00000|  0%| F|  |TAMS 0x0000000606800000, 0x0000000606800000| Untracked 
|  23|0x0000000606c00000, 0x0000000606c00000, 0x0000000607000000|  0%| F|  |TAMS 0x0000000606c00000, 0x0000000606c00000| Untracked 
|  24|0x0000000607000000, 0x0000000607400000, 0x0000000607400000|100%|HS|  |TAMS 0x0000000607000000, 0x0000000607400000| Complete 
|  25|0x0000000607400000, 0x0000000607800000, 0x0000000607800000|100%|HC|  |TAMS 0x0000000607400000, 0x0000000607800000| Complete 
|  26|0x0000000607800000, 0x0000000607c00000, 0x0000000607c00000|100%|HC|  |TAMS 0x0000000607800000, 0x0000000607c00000| Complete 
|  27|0x0000000607c00000, 0x0000000607c00000, 0x0000000608000000|  0%| F|  |TAMS 0x0000000607c00000, 0x0000000607c00000| Untracked 
|  28|0x0000000608000000, 0x0000000608000000, 0x0000000608400000|  0%| F|  |TAMS 0x0000000608000000, 0x0000000608000000| Untracked 
|  29|0x0000000608400000, 0x0000000608400000, 0x0000000608800000|  0%| F|  |TAMS 0x0000000608400000, 0x0000000608400000| Untracked 
|  30|0x0000000608800000, 0x0000000608800000, 0x0000000608c00000|  0%| F|  |TAMS 0x0000000608800000, 0x0000000608800000| Untracked 
|  31|0x0000000608c00000, 0x0000000608c00000, 0x0000000609000000|  0%| F|  |TAMS 0x0000000608c00000, 0x0000000608c00000| Untracked 
|  32|0x0000000609000000, 0x0000000609000000, 0x0000000609400000|  0%| F|  |TAMS 0x0000000609000000, 0x0000000609000000| Untracked 
|  33|0x0000000609400000, 0x0000000609400000, 0x0000000609800000|  0%| F|  |TAMS 0x0000000609400000, 0x0000000609400000| Untracked 
|  34|0x0000000609800000, 0x0000000609800000, 0x0000000609c00000|  0%| F|  |TAMS 0x0000000609800000, 0x0000000609800000| Untracked 
|  35|0x0000000609c00000, 0x0000000609c00000, 0x000000060a000000|  0%| F|  |TAMS 0x0000000609c00000, 0x0000000609c00000| Untracked 
|  36|0x000000060a000000, 0x000000060a000810, 0x000000060a400000|  0%| S|CS|TAMS 0x000000060a000000, 0x000000060a000000| Complete 
|  37|0x000000060a400000, 0x000000060a400000, 0x000000060a800000|  0%| F|  |TAMS 0x000000060a400000, 0x000000060a400000| Untracked 
|  78|0x0000000614800000, 0x0000000614800000, 0x0000000614c00000|  0%| F|  |TAMS 0x0000000614800000, 0x0000000614800000| Untracked 

Card table byte_map: [0x000001952ee00000,0x000001952fe00000] _byte_map_base: 0x000001952bdf8000

Marking Bits (Prev, Next): (CMBitMap*) 0x000001951abe6b30, (CMBitMap*) 0x000001951abe6b70
 Prev Bits: [0x0000019530e00000, 0x0000019538dc0000)
 Next Bits: [0x0000019538dc0000, 0x0000019540d80000)

Polling page: 0x0000019518730000

Metaspace:

Usage:
  Non-class:     13.81 MB capacity,    13.70 MB (>99%) used,    96.52 KB ( <1%) free+waste,    14.88 KB ( <1%) overhead. 
      Class:      1.52 MB capacity,     1.46 MB ( 96%) used,    61.58 KB (  4%) free+waste,     5.12 KB ( <1%) overhead. 
       Both:     15.33 MB capacity,    15.16 MB ( 99%) used,   158.09 KB (  1%) free+waste,    20.00 KB ( <1%) overhead. 

Virtual space:
  Non-class space:       14.00 MB reserved,      14.00 MB (100%) committed 
      Class space:        1.00 GB reserved,       1.62 MB ( <1%) committed 
             Both:        1.01 GB reserved,      15.62 MB (  2%) committed 

Chunk freelists:
   Non-Class:  7.00 KB
       Class:  8.00 KB
        Both:  15.00 KB

MaxMetaspaceSize: 17179869184.00 GB
CompressedClassSpaceSize: 1.00 GB

CodeHeap 'non-profiled nmethods': size=119168Kb used=709Kb max_used=709Kb free=118458Kb
 bounds [0x0000019526120000, 0x0000019526390000, 0x000001952d580000]
CodeHeap 'profiled nmethods': size=119104Kb used=3741Kb max_used=3741Kb free=115362Kb
 bounds [0x000001951ecd0000, 0x000001951f080000, 0x0000019526120000]
CodeHeap 'non-nmethods': size=7488Kb used=1178Kb max_used=1762Kb free=6309Kb
 bounds [0x000001951e580000, 0x000001951e7f0000, 0x000001951ecd0000]
 total_blobs=2236 nmethods=1797 adapters=352
 compilation: enabled
              stopped_count=0, restarted_count=0
 full_count=0

Compilation events (20 events):
Event: 9.730 Thread 0x0000019544603380 1788       4       java.util.Calendar::<init> (59 bytes)
Event: 9.750 Thread 0x0000019544603380 nmethod 1788 0x00000195261cbb90 code [0x00000195261cbd60, 0x00000195261cc678]
Event: 9.750 Thread 0x0000019544603380 1789       4       java.util.Calendar::selectFields (674 bytes)
Event: 9.754 Thread 0x0000019544603380 nmethod 1789 0x00000195261ccb10 code [0x00000195261cccc0, 0x00000195261cd0d8]
Event: 9.862 Thread 0x0000019544603380 1790       4       java.lang.StringBuilder::<init> (6 bytes)
Event: 9.863 Thread 0x0000019544603380 nmethod 1790 0x00000195261cd610 code [0x00000195261cd7a0, 0x00000195261cd828]
Event: 9.886 Thread 0x0000019544603380 1791       4       java.util.Calendar$Builder::build (639 bytes)
Event: 9.942 Thread 0x0000019544603380 nmethod 1791 0x00000195261cd910 code [0x00000195261cdb20, 0x00000195261ce6d8]
Event: 9.942 Thread 0x0000019544603380 1792       4       java.util.GregorianCalendar::<init> (56 bytes)
Event: 9.951 Thread 0x0000019544603380 nmethod 1792 0x00000195261cee10 code [0x00000195261cefa0, 0x00000195261cf1c8]
Event: 9.951 Thread 0x0000019544603380 1793       4       java.util.GregorianCalendar::add (698 bytes)
Event: 9.960 Thread 0x0000019544603380 nmethod 1793 0x00000195261cf310 code [0x00000195261cf4c0, 0x00000195261cf838]
Event: 9.961 Thread 0x0000019544603380 1794       4       java.util.GregorianCalendar::pinDayOfMonth (64 bytes)
Event: 9.964 Thread 0x0000019544603380 nmethod 1794 0x00000195261cfd90 code [0x00000195261cff20, 0x00000195261d00d8]
Event: 536.684 Thread 0x00000195446a8700 1795 %     3       Database.GameList::toString @ 18 (88 bytes)
Event: 536.689 Thread 0x00000195446a8700 nmethod 1795% 0x000001951f074a90 code [0x000001951f074d80, 0x000001951f075c28]
Event: 558.560 Thread 0x00000195446a8700 1796       3       Database.GameList::toString (88 bytes)
Event: 558.562 Thread 0x00000195446a8700 nmethod 1796 0x000001951f076090 code [0x000001951f076380, 0x000001951f0771c8]
Event: 1719.375 Thread 0x0000019544603380 1797 %     4       Database.GameList::toString @ 18 (88 bytes)
Event: 1719.412 Thread 0x0000019544603380 nmethod 1797% 0x00000195261d0390 code [0x00000195261d0560, 0x00000195261d1118]

GC Heap History (20 events):
Event: 7161.447 GC heap after
{Heap after GC invocations=228988 (full 0):
 garbage-first heap   total 323584K, used 16127K [0x0000000601000000, 0x0000000800000000)
  region size 4096K, 1 young (4096K), 1 survivors (4096K)
 Metaspace       used 15518K, capacity 15697K, committed 16000K, reserved 1062912K
  class space    used 1493K, capacity 1560K, committed 1664K, reserved 1048576K
}
Event: 7161.732 GC heap before
{Heap before GC invocations=228989 (full 0):
 garbage-first heap   total 139264K, used 93951K [0x0000000601000000, 0x0000000800000000)
  region size 4096K, 2 young (8192K), 1 survivors (4096K)
 Metaspace       used 15518K, capacity 15697K, committed 16000K, reserved 1062912K
  class space    used 1493K, capacity 1560K, committed 1664K, reserved 1048576K
}
Event: 7161.734 GC heap after
{Heap after GC invocations=228990 (full 0):
 garbage-first heap   total 139264K, used 24319K [0x0000000601000000, 0x0000000800000000)
  region size 4096K, 1 young (4096K), 1 survivors (4096K)
 Metaspace       used 15518K, capacity 15697K, committed 16000K, reserved 1062912K
  class space    used 1493K, capacity 1560K, committed 1664K, reserved 1048576K
}
Event: 7161.825 GC heap before
{Heap before GC invocations=228991 (full 0):
 garbage-first heap   total 139264K, used 93951K [0x0000000601000000, 0x0000000800000000)
  region size 4096K, 2 young (8192K), 1 survivors (4096K)
 Metaspace       used 15518K, capacity 15697K, committed 16000K, reserved 1062912K
  class space    used 1493K, capacity 1560K, committed 1664K, reserved 1048576K
}
Event: 7161.846 GC heap after
{Heap after GC invocations=228992 (full 0):
 garbage-first heap   total 139264K, used 16127K [0x0000000601000000, 0x0000000800000000)
  region size 4096K, 1 young (4096K), 1 survivors (4096K)
 Metaspace       used 15518K, capacity 15697K, committed 16000K, reserved 1062912K
  class space    used 1493K, capacity 1560K, committed 1664K, reserved 1048576K
}
Event: 7162.109 GC heap before
{Heap before GC invocations=228993 (full 0):
 garbage-first heap   total 139264K, used 61183K [0x0000000601000000, 0x0000000800000000)
  region size 4096K, 2 young (8192K), 1 survivors (4096K)
 Metaspace       used 15518K, capacity 15697K, committed 16000K, reserved 1062912K
  class space    used 1493K, capacity 1560K, committed 1664K, reserved 1048576K
}
Event: 7162.111 GC heap after
{Heap after GC invocations=228994 (full 0):
 garbage-first heap   total 139264K, used 16127K [0x0000000601000000, 0x0000000800000000)
  region size 4096K, 1 young (4096K), 1 survivors (4096K)
 Metaspace       used 15518K, capacity 15697K, committed 16000K, reserved 1062912K
  class space    used 1493K, capacity 1560K, committed 1664K, reserved 1048576K
}
Event: 7162.144 GC heap before
{Heap before GC invocations=228995 (full 0):
 garbage-first heap   total 139264K, used 61183K [0x0000000601000000, 0x0000000800000000)
  region size 4096K, 2 young (8192K), 1 survivors (4096K)
 Metaspace       used 15518K, capacity 15697K, committed 16000K, reserved 1062912K
  class space    used 1493K, capacity 1560K, committed 1664K, reserved 1048576K
}
Event: 7162.145 GC heap after
{Heap after GC invocations=228996 (full 0):
 garbage-first heap   total 139264K, used 16127K [0x0000000601000000, 0x0000000800000000)
  region size 4096K, 1 young (4096K), 1 survivors (4096K)
 Metaspace       used 15518K, capacity 15697K, committed 16000K, reserved 1062912K
  class space    used 1493K, capacity 1560K, committed 1664K, reserved 1048576K
}
Event: 7162.310 GC heap before
{Heap before GC invocations=228997 (full 0):
 garbage-first heap   total 159744K, used 106239K [0x0000000601000000, 0x0000000800000000)
  region size 4096K, 2 young (8192K), 1 survivors (4096K)
 Metaspace       used 15518K, capacity 15697K, committed 16000K, reserved 1062912K
  class space    used 1493K, capacity 1560K, committed 1664K, reserved 1048576K
}
Event: 7162.324 GC heap after
{Heap after GC invocations=228998 (full 0):
 garbage-first heap   total 159744K, used 16127K [0x0000000601000000, 0x0000000800000000)
  region size 4096K, 1 young (4096K), 1 survivors (4096K)
 Metaspace       used 15518K, capacity 15697K, committed 16000K, reserved 1062912K
  class space    used 1493K, capacity 1560K, committed 1664K, reserved 1048576K
}
Event: 7162.684 GC heap before
{Heap before GC invocations=228999 (full 0):
 garbage-first heap   total 159744K, used 126719K [0x0000000601000000, 0x0000000800000000)
  region size 4096K, 2 young (8192K), 1 survivors (4096K)
 Metaspace       used 15518K, capacity 15697K, committed 16000K, reserved 1062912K
  class space    used 1493K, capacity 1560K, committed 1664K, reserved 1048576K
}
Event: 7162.686 GC heap after
{Heap after GC invocations=229000 (full 0):
 garbage-first heap   total 159744K, used 24319K [0x0000000601000000, 0x0000000800000000)
  region size 4096K, 1 young (4096K), 1 survivors (4096K)
 Metaspace       used 15518K, capacity 15697K, committed 16000K, reserved 1062912K
  class space    used 1493K, capacity 1560K, committed 1664K, reserved 1048576K
}
Event: 7162.943 GC heap before
{Heap before GC invocations=229001 (full 0):
 garbage-first heap   total 159744K, used 69375K [0x0000000601000000, 0x0000000800000000)
  region size 4096K, 2 young (8192K), 1 survivors (4096K)
 Metaspace       used 15518K, capacity 15697K, committed 16000K, reserved 1062912K
  class space    used 1493K, capacity 1560K, committed 1664K, reserved 1048576K
}
Event: 7162.944 GC heap after
{Heap after GC invocations=229002 (full 0):
 garbage-first heap   total 159744K, used 24319K [0x0000000601000000, 0x0000000800000000)
  region size 4096K, 1 young (4096K), 1 survivors (4096K)
 Metaspace       used 15518K, capacity 15697K, committed 16000K, reserved 1062912K
  class space    used 1493K, capacity 1560K, committed 1664K, reserved 1048576K
}
Event: 7163.116 GC heap before
{Heap before GC invocations=229003 (full 0):
 garbage-first heap   total 159744K, used 114431K [0x0000000601000000, 0x0000000800000000)
  region size 4096K, 2 young (8192K), 1 survivors (4096K)
 Metaspace       used 15518K, capacity 15697K, committed 16000K, reserved 1062912K
  class space    used 1493K, capacity 1560K, committed 1664K, reserved 1048576K
}
Event: 7163.117 GC heap after
{Heap after GC invocations=229004 (full 0):
 garbage-first heap   total 159744K, used 24319K [0x0000000601000000, 0x0000000800000000)
  region size 4096K, 1 young (4096K), 1 survivors (4096K)
 Metaspace       used 15518K, capacity 15697K, committed 16000K, reserved 1062912K
  class space    used 1493K, capacity 1560K, committed 1664K, reserved 1048576K
}
Event: 7163.177 GC heap before
{Heap before GC invocations=229005 (full 0):
 garbage-first heap   total 159744K, used 126719K [0x0000000601000000, 0x0000000800000000)
  region size 4096K, 2 young (8192K), 1 survivors (4096K)
 Metaspace       used 15518K, capacity 15697K, committed 16000K, reserved 1062912K
  class space    used 1493K, capacity 1560K, committed 1664K, reserved 1048576K
}
Event: 7163.181 GC heap after
{Heap after GC invocations=229006 (full 0):
 garbage-first heap   total 159744K, used 16127K [0x0000000601000000, 0x0000000800000000)
  region size 4096K, 1 young (4096K), 1 survivors (4096K)
 Metaspace       used 15518K, capacity 15697K, committed 16000K, reserved 1062912K
  class space    used 1493K, capacity 1560K, committed 1664K, reserved 1048576K
}
Event: 7163.216 GC heap before
{Heap before GC invocations=229007 (full 0):
 garbage-first heap   total 159744K, used 118527K [0x0000000601000000, 0x0000000800000000)
  region size 4096K, 2 young (8192K), 1 survivors (4096K)
 Metaspace       used 15518K, capacity 15697K, committed 16000K, reserved 1062912K
  class space    used 1493K, capacity 1560K, committed 1664K, reserved 1048576K
}

Deoptimization events (20 events):
Event: 4.434 Thread 0x000001951ab6da00 DEOPT PACKING pc=0x000001951ee594cf sp=0x0000001d219fc960
Event: 4.434 Thread 0x000001951ab6da00 DEOPT UNPACKING pc=0x000001951e5ce23f sp=0x0000001d219fbde0 mode 0
Event: 5.016 Thread 0x000001951ab6da00 Uncommon trap: trap_request=0xffffff45 fr.pc=0x000001952618eaa8 relative=0x0000000000000168
Event: 5.016 Thread 0x000001951ab6da00 Uncommon trap: reason=unstable_if action=reinterpret pc=0x000001952618eaa8 method=java.util.concurrent.ConcurrentHashMap.addCount(JI)V @ 121 c2
Event: 5.016 Thread 0x000001951ab6da00 DEOPT PACKING pc=0x000001952618eaa8 sp=0x0000001d219fd120
Event: 5.016 Thread 0x000001951ab6da00 DEOPT UNPACKING pc=0x000001951e5ce42f sp=0x0000001d219fd080 mode 2
Event: 5.130 Thread 0x000001951ab6da00 Uncommon trap: trap_request=0xffffff45 fr.pc=0x000001952614dcec relative=0x00000000000003cc
Event: 5.130 Thread 0x000001951ab6da00 Uncommon trap: reason=unstable_if action=reinterpret pc=0x000001952614dcec method=java.lang.StringLatin1.canEncode(I)Z @ 4 c2
Event: 5.130 Thread 0x000001951ab6da00 DEOPT PACKING pc=0x000001952614dcec sp=0x0000001d219fd1f0
Event: 5.130 Thread 0x000001951ab6da00 DEOPT UNPACKING pc=0x000001951e5ce42f sp=0x0000001d219fd118 mode 2
Event: 728.607 Thread 0x000001951ab6da00 DEOPT PACKING pc=0x000001951f075933 sp=0x0000001d219fd5d0
Event: 728.607 Thread 0x000001951ab6da00 DEOPT UNPACKING pc=0x000001951e5ce23f sp=0x0000001d219fcab0 mode 0
Event: 935.596 Thread 0x000001951ab6da00 DEOPT PACKING pc=0x000001951f075933 sp=0x0000001d219fd5d0
Event: 935.596 Thread 0x000001951ab6da00 DEOPT UNPACKING pc=0x000001951e5ce23f sp=0x0000001d219fcab0 mode 0
Event: 1173.556 Thread 0x000001951ab6da00 DEOPT PACKING pc=0x000001951f075933 sp=0x0000001d219fd5d0
Event: 1173.556 Thread 0x000001951ab6da00 DEOPT UNPACKING pc=0x000001951e5ce23f sp=0x0000001d219fcab0 mode 0
Event: 1432.332 Thread 0x000001951ab6da00 DEOPT PACKING pc=0x000001951f075933 sp=0x0000001d219fd5d0
Event: 1432.332 Thread 0x000001951ab6da00 DEOPT UNPACKING pc=0x000001951e5ce23f sp=0x0000001d219fcab0 mode 0
Event: 1719.375 Thread 0x000001951ab6da00 DEOPT PACKING pc=0x000001951f075933 sp=0x0000001d219fd5d0
Event: 1719.375 Thread 0x000001951ab6da00 DEOPT UNPACKING pc=0x000001951e5ce23f sp=0x0000001d219fcab0 mode 0

Classes unloaded (0 events):
No events

Classes redefined (0 events):
No events

Internal exceptions (20 events):
Event: 2.973 Thread 0x000001951ab6da00 Exception <a 'java/lang/NoSuchMethodError'{0x000000062017d130}: 'java.lang.Object java.lang.invoke.DirectMethodHandle$Holder.invokeStaticInit(java.lang.Object, java.lang.Object, java.lang.Object)'> (0x000000062017d130) 
thrown [./open/src/hotspot/share/interpreter/linkResolver.cpp, line 782]
Event: 2.980 Thread 0x000001951ab6da00 Exception <a 'java/lang/NoSuchMethodError'{0x00000006201854f0}: 'void java.lang.invoke.DirectMethodHandle$Holder.invokeStaticInit(java.lang.Object, java.lang.Object, java.lang.Object)'> (0x00000006201854f0) 
thrown [./open/src/hotspot/share/interpreter/linkResolver.cpp, line 782]
Event: 3.124 Thread 0x000001951ab6da00 Exception <a 'java/lang/NoSuchMethodError'{0x0000000620308f18}: 'java.lang.Object java.lang.invoke.DirectMethodHandle$Holder.newInvokeSpecial(java.lang.Object, java.lang.Object, java.lang.Object, java.lang.Object, java.lang.Object)'> (0x0000000620308f18) 
thrown [./open/src/hotspot/share/interpreter/linkResolver.cpp, line 782]
Event: 3.300 Thread 0x000001951ab6da00 Exception <a 'java/lang/NoSuchMethodError'{0x00000006203d0318}: 'void java.lang.invoke.DirectMethodHandle$Holder.invokeInterface(java.lang.Object, java.lang.Object, java.lang.Object)'> (0x00000006203d0318) 
thrown [./open/src/hotspot/share/interpreter/linkResolver.cpp, line 782]
Event: 3.303 Thread 0x000001951ab6da00 Exception <a 'java/lang/IncompatibleClassChangeError'{0x00000006203d38b0}: Found class java.lang.Object, but interface was expected> (0x00000006203d38b0) 
thrown [./open/src/hotspot/share/interpreter/linkResolver.cpp, line 848]
Event: 3.787 Thread 0x000001951ab6da00 Exception <a 'java/lang/NoSuchMethodError'{0x000000061fdeb548}: 'java.lang.Object java.lang.invoke.DirectMethodHandle$Holder.invokeInterface(java.lang.Object, java.lang.Object)'> (0x000000061fdeb548) 
thrown [./open/src/hotspot/share/interpreter/linkResolver.cpp, line 782]
Event: 3.789 Thread 0x000001951ab6da00 Exception <a 'java/lang/IncompatibleClassChangeError'{0x000000061fdef1e8}: Found class java.lang.Object, but interface was expected> (0x000000061fdef1e8) 
thrown [./open/src/hotspot/share/interpreter/linkResolver.cpp, line 848]
Event: 4.007 Thread 0x000001951ab6da00 Exception <a 'java/lang/NoSuchMethodError'{0x000000061feea548}: 'java.lang.Object java.lang.invoke.DirectMethodHandle$Holder.invokeSpecialIFC(java.lang.Object, java.lang.Object, java.lang.Object, java.lang.Object)'> (0x000000061feea548) 
thrown [./open/src/hotspot/share/interpreter/linkResolver.cpp, line 782]
Event: 4.064 Thread 0x000001951ab6da00 Exception <a 'java/lang/NoSuchMethodError'{0x000000061ff38a40}: 'java.lang.Object java.lang.invoke.DirectMethodHandle$Holder.invokeStatic(java.lang.Object, java.lang.Object, int)'> (0x000000061ff38a40) 
thrown [./open/src/hotspot/share/interpreter/linkResolver.cpp, line 782]
Event: 4.096 Thread 0x000001951ab6da00 Exception <a 'java/lang/NoSuchMethodError'{0x000000061ff60490}: 'int java.lang.invoke.DirectMethodHandle$Holder.invokeStatic(java.lang.Object, java.lang.Object, java.lang.Object, java.lang.Object)'> (0x000000061ff60490) 
thrown [./open/src/hotspot/share/interpreter/linkResolver.cpp, line 782]
Event: 4.127 Thread 0x000001951ab6da00 Exception <a 'java/lang/NoSuchMethodError'{0x000000061ff828f0}: 'void java.lang.invoke.DirectMethodHandle$Holder.invokeSpecial(java.lang.Object, java.lang.Object, java.lang.Object, java.lang.Object, java.lang.Object)'> (0x000000061ff828f0) 
thrown [./open/src/hotspot/share/interpreter/linkResolver.cpp, line 782]
Event: 4.182 Thread 0x000001951ab6da00 Exception <a 'java/lang/NoSuchMethodError'{0x000000061ffd6140}: 'java.lang.Object java.lang.invoke.DirectMethodHandle$Holder.invokeVirtual(java.lang.Object, java.lang.Object, java.lang.Object)'> (0x000000061ffd6140) 
thrown [./open/src/hotspot/share/interpreter/linkResolver.cpp, line 782]
Event: 4.217 Thread 0x000001951ab6da00 Exception <a 'java/lang/NoSuchMethodError'{0x000000061f818120}: 'void java.lang.invoke.DirectMethodHandle$Holder.invokeInterface(java.lang.Object, java.lang.Object, java.lang.Object, java.lang.Object)'> (0x000000061f818120) 
thrown [./open/src/hotspot/share/interpreter/linkResolver.cpp, line 782]
Event: 4.219 Thread 0x000001951ab6da00 Exception <a 'java/lang/IncompatibleClassChangeError'{0x000000061f81bc48}: Found class java.lang.Object, but interface was expected> (0x000000061f81bc48) 
thrown [./open/src/hotspot/share/interpreter/linkResolver.cpp, line 848]
Event: 4.251 Thread 0x000001951ab6da00 Exception <a 'java/lang/NoSuchMethodError'{0x000000061f8352b8}: 'void java.lang.invoke.DirectMethodHandle$Holder.invokeStatic(java.lang.Object, java.lang.Object, java.lang.Object, java.lang.Object)'> (0x000000061f8352b8) 
thrown [./open/src/hotspot/share/interpreter/linkResolver.cpp, line 782]
Event: 4.344 Thread 0x000001951ab6da00 Exception <a 'java/lang/NoSuchMethodError'{0x000000061f897fd8}: 'java.lang.Object java.lang.invoke.Invokers$Holder.invokeExact_MT(java.lang.Object, java.lang.Object, java.lang.Object, java.lang.Object, java.lang.Object, java.lang.Object)'> (0x000000061f897fd8) 
thrown [./open/src/hotspot/share/interpreter/linkResolver.cpp, line 782]
Event: 4.353 Thread 0x000001951ab6da00 Exception <a 'java/lang/NoSuchMethodError'{0x000000061f8a87a0}: 'int java.lang.invoke.DirectMethodHandle$Holder.invokeStatic(java.lang.Object, java.lang.Object, java.lang.Object, java.lang.Object, java.lang.Object)'> (0x000000061f8a87a0) 
thrown [./open/src/hotspot/share/interpreter/linkResolver.cpp, line 782]
Event: 4.833 Thread 0x000001951ab6da00 Exception <a 'java/lang/NoSuchMethodError'{0x000000061fb13bd8}: 'int java.lang.invoke.DirectMethodHandle$Holder.invokeSpecial(java.lang.Object, java.lang.Object, java.lang.Object, java.lang.Object)'> (0x000000061fb13bd8) 
thrown [./open/src/hotspot/share/interpreter/linkResolver.cpp, line 782]
Event: 5.023 Thread 0x000001951ab6da00 Exception <a 'java/lang/NullPointerException'{0x0000000620c2e838}> (0x0000000620c2e838) 
thrown [./open/src/hotspot/share/interpreter/linkResolver.cpp, line 1374]
Event: 5.023 Thread 0x000001951ab6da00 Exception <a 'java/lang/reflect/InvocationTargetException'{0x0000000620c2edb8}> (0x0000000620c2edb8) 
thrown [./open/src/hotspot/share/runtime/reflection.cpp, line 1157]

Events (20 events):
Event: 7162.922 Executing VM operation: G1Concurrent done
Event: 7162.943 Executing VM operation: G1TryInitiateConcMark
Event: 7162.944 Executing VM operation: G1TryInitiateConcMark done
Event: 7162.962 Executing VM operation: G1Concurrent
Event: 7163.064 Executing VM operation: G1Concurrent done
Event: 7163.068 Executing VM operation: G1Concurrent
Event: 7163.068 Executing VM operation: G1Concurrent done
Event: 7163.116 Executing VM operation: G1TryInitiateConcMark
Event: 7163.117 Executing VM operation: G1TryInitiateConcMark done
Event: 7163.125 Executing VM operation: G1Concurrent
Event: 7163.143 Executing VM operation: G1Concurrent done
Event: 7163.146 Executing VM operation: G1Concurrent
Event: 7163.158 Executing VM operation: G1Concurrent done
Event: 7163.177 Executing VM operation: G1TryInitiateConcMark
Event: 7163.181 Executing VM operation: G1TryInitiateConcMark done
Event: 7163.187 Executing VM operation: G1Concurrent
Event: 7163.191 Executing VM operation: G1Concurrent done
Event: 7163.194 Executing VM operation: G1Concurrent
Event: 7163.205 Executing VM operation: G1Concurrent done
Event: 7163.216 Executing VM operation: G1TryInitiateConcMark


Dynamic libraries:
0x00007ff623e60000 - 0x00007ff623e6d000 	C:\Users\Astrid\.p2\pool\plugins\org.eclipse.justj.openjdk.hotspot.jre.full.win32.x86_64_15.0.2.v20210201-0955\jre\bin\javaw.exe
0x00007ff9f53d0000 - 0x00007ff9f55c5000 	C:\WINDOWS\SYSTEM32\ntdll.dll
0x00007ff9f4f60000 - 0x00007ff9f501d000 	C:\WINDOWS\System32\KERNEL32.DLL
0x00007ff9f2dd0000 - 0x00007ff9f3098000 	C:\WINDOWS\System32\KERNELBASE.dll
0x00007ff9b4ea0000 - 0x00007ff9b4f91000 	C:\Program Files\Bitdefender\Bitdefender Security\atcuf\265267619164186309\atcuf64.dll
0x00007ff9f3280000 - 0x00007ff9f3380000 	C:\WINDOWS\System32\ucrtbase.dll
0x00007ff9ee8c0000 - 0x00007ff9ee8d8000 	C:\Users\Astrid\.p2\pool\plugins\org.eclipse.justj.openjdk.hotspot.jre.full.win32.x86_64_15.0.2.v20210201-0955\jre\bin\jli.dll
0x00007ff9f4680000 - 0x00007ff9f4820000 	C:\WINDOWS\System32\USER32.dll
0x00007ff9f2b10000 - 0x00007ff9f2b32000 	C:\WINDOWS\System32\win32u.dll
0x00007ff9f4df0000 - 0x00007ff9f4e1a000 	C:\WINDOWS\System32\GDI32.dll
0x00007ff9f2b40000 - 0x00007ff9f2c4b000 	C:\WINDOWS\System32\gdi32full.dll
0x00007ff9f2d30000 - 0x00007ff9f2dcd000 	C:\WINDOWS\System32\msvcp_win.dll
0x00007ff9db4c0000 - 0x00007ff9db4d9000 	C:\Users\Astrid\.p2\pool\plugins\org.eclipse.justj.openjdk.hotspot.jre.full.win32.x86_64_15.0.2.v20210201-0955\jre\bin\VCRUNTIME140.dll
0x00007ff9d6a60000 - 0x00007ff9d6cfa000 	C:\WINDOWS\WinSxS\amd64_microsoft.windows.common-controls_6595b64144ccf1df_6.0.19041.844_none_ca00b6081b84eb1d\COMCTL32.dll
0x00007ff9f52f0000 - 0x00007ff9f538e000 	C:\WINDOWS\System32\msvcrt.dll
0x00007ff9f4dc0000 - 0x00007ff9f4df0000 	C:\WINDOWS\System32\IMM32.DLL
0x00007ff9e7520000 - 0x00007ff9e752c000 	C:\Users\Astrid\.p2\pool\plugins\org.eclipse.justj.openjdk.hotspot.jre.full.win32.x86_64_15.0.2.v20210201-0955\jre\bin\vcruntime140_1.dll
0x00007ff9db420000 - 0x00007ff9db4b1000 	C:\Users\Astrid\.p2\pool\plugins\org.eclipse.justj.openjdk.hotspot.jre.full.win32.x86_64_15.0.2.v20210201-0955\jre\bin\msvcp140.dll
0x00007ff958a70000 - 0x00007ff9595ce000 	C:\Users\Astrid\.p2\pool\plugins\org.eclipse.justj.openjdk.hotspot.jre.full.win32.x86_64_15.0.2.v20210201-0955\jre\bin\server\jvm.dll
0x00007ff9f3fd0000 - 0x00007ff9f407c000 	C:\WINDOWS\System32\ADVAPI32.dll
0x00007ff9f5020000 - 0x00007ff9f50bb000 	C:\WINDOWS\System32\sechost.dll
0x00007ff9f4080000 - 0x00007ff9f41ab000 	C:\WINDOWS\System32\RPCRT4.dll
0x00007ff9f3f00000 - 0x00007ff9f3f08000 	C:\WINDOWS\System32\PSAPI.DLL
0x00007ff9b0a80000 - 0x00007ff9b0a89000 	C:\WINDOWS\SYSTEM32\WSOCK32.dll
0x00007ff9f4ef0000 - 0x00007ff9f4f5b000 	C:\WINDOWS\System32\WS2_32.dll
0x00007ff9ed0d0000 - 0x00007ff9ed0f7000 	C:\WINDOWS\SYSTEM32\WINMM.dll
0x00007ff9ecd10000 - 0x00007ff9ecd1a000 	C:\WINDOWS\SYSTEM32\VERSION.dll
0x00007ff9f0ab0000 - 0x00007ff9f0ac2000 	C:\WINDOWS\SYSTEM32\kernel.appcore.dll
0x00007ff9d85e0000 - 0x00007ff9d85ea000 	C:\Users\Astrid\.p2\pool\plugins\org.eclipse.justj.openjdk.hotspot.jre.full.win32.x86_64_15.0.2.v20210201-0955\jre\bin\jimage.dll
0x00007ff9f01a0000 - 0x00007ff9f0384000 	C:\WINDOWS\SYSTEM32\DBGHELP.DLL
0x00007ff9d4d90000 - 0x00007ff9d4dbc000 	C:\WINDOWS\SYSTEM32\dbgcore.DLL
0x00007ff9f3200000 - 0x00007ff9f3280000 	C:\WINDOWS\System32\bcryptPrimitives.dll
0x00007ff9d2cc0000 - 0x00007ff9d2ce5000 	C:\Users\Astrid\.p2\pool\plugins\org.eclipse.justj.openjdk.hotspot.jre.full.win32.x86_64_15.0.2.v20210201-0955\jre\bin\java.dll
0x00007ff9d85c0000 - 0x00007ff9d85d8000 	C:\Users\Astrid\.p2\pool\plugins\org.eclipse.justj.openjdk.hotspot.jre.full.win32.x86_64_15.0.2.v20210201-0955\jre\bin\zip.dll
0x00007ff9f3600000 - 0x00007ff9f3d42000 	C:\WINDOWS\System32\SHELL32.dll
0x00007ff9f0c20000 - 0x00007ff9f13b0000 	C:\WINDOWS\SYSTEM32\windows.storage.dll
0x00007ff9f4820000 - 0x00007ff9f4b75000 	C:\WINDOWS\System32\combase.dll
0x00007ff9f24b0000 - 0x00007ff9f24dc000 	C:\WINDOWS\SYSTEM32\Wldp.dll
0x00007ff9f4d10000 - 0x00007ff9f4dbe000 	C:\WINDOWS\System32\SHCORE.dll
0x00007ff9f4620000 - 0x00007ff9f4675000 	C:\WINDOWS\System32\shlwapi.dll
0x00007ff9f2a50000 - 0x00007ff9f2a6f000 	C:\WINDOWS\SYSTEM32\profapi.dll
0x00007ff9d2040000 - 0x00007ff9d2059000 	C:\Users\Astrid\.p2\pool\plugins\org.eclipse.justj.openjdk.hotspot.jre.full.win32.x86_64_15.0.2.v20210201-0955\jre\bin\net.dll
0x00007ff9eb470000 - 0x00007ff9eb57b000 	C:\WINDOWS\SYSTEM32\WINHTTP.dll
0x00007ff9f2290000 - 0x00007ff9f22fa000 	C:\WINDOWS\system32\mswsock.dll
0x00007ff9d1f50000 - 0x00007ff9d1f62000 	C:\Users\Astrid\.p2\pool\plugins\org.eclipse.justj.openjdk.hotspot.jre.full.win32.x86_64_15.0.2.v20210201-0955\jre\bin\nio.dll
0x00007ff9d2cb0000 - 0x00007ff9d2cc0000 	C:\Users\Astrid\.p2\pool\plugins\org.eclipse.justj.openjdk.hotspot.jre.full.win32.x86_64_15.0.2.v20210201-0955\jre\bin\verify.dll
0x00007ff9f1f50000 - 0x00007ff9f1f8b000 	C:\WINDOWS\SYSTEM32\IPHLPAPI.DLL
0x00007ff9f4cf0000 - 0x00007ff9f4cf8000 	C:\WINDOWS\System32\NSI.dll
0x00007ff9ec760000 - 0x00007ff9ec777000 	C:\WINDOWS\SYSTEM32\dhcpcsvc6.DLL
0x00007ff9ec740000 - 0x00007ff9ec75d000 	C:\WINDOWS\SYSTEM32\dhcpcsvc.DLL
0x00007ff9f1fa0000 - 0x00007ff9f206c000 	C:\WINDOWS\SYSTEM32\DNSAPI.dll

dbghelp: loaded successfully - version: 4.0.5 - missing functions: none
symbol engine: initialized successfully - sym options: 0x614 - pdb path: .;C:\Users\Astrid\.p2\pool\plugins\org.eclipse.justj.openjdk.hotspot.jre.full.win32.x86_64_15.0.2.v20210201-0955\jre\bin;C:\WINDOWS\SYSTEM32;C:\Program Files\Bitdefender\Bitdefender Security\atcuf\265267619164186309;C:\WINDOWS\WinSxS\amd64_microsoft.windows.common-controls_6595b64144ccf1df_6.0.19041.844_none_ca00b6081b84eb1d;C:\Users\Astrid\.p2\pool\plugins\org.eclipse.justj.openjdk.hotspot.jre.full.win32.x86_64_15.0.2.v20210201-0955\jre\bin\server

VM Arguments:
jvm_args: -ea -Dfile.encoding=Cp1252 -XX:+ShowCodeDetailsInExceptionMessages 
java_command: org.eclipse.jdt.internal.junit.runner.RemoteTestRunner -version 3 -port 61274 -testLoaderClass org.eclipse.jdt.internal.junit5.runner.JUnit5TestLoader -loaderpluginname org.eclipse.jdt.junit5.runtime -classNames Testing.GameListTest
java_class_path (initial): C:\Users\Astrid\Desktop\DSE_Assignment2\out\production\DS_2016_Assignment2;C:\Users\Astrid\.p2\pool\plugins\org.junit.jupiter.api_5.7.1.v20210222-1948.jar;C:\Users\Astrid\.p2\pool\plugins\org.junit.jupiter.engine_5.7.1.v20210222-1948.jar;C:\Users\Astrid\.p2\pool\plugins\org.junit.jupiter.migrationsupport_5.7.1.v20210222-1948.jar;C:\Users\Astrid\.p2\pool\plugins\org.junit.jupiter.params_5.7.1.v20210222-1948.jar;C:\Users\Astrid\.p2\pool\plugins\org.junit.platform.commons_1.7.1.v20210222-1948.jar;C:\Users\Astrid\.p2\pool\plugins\org.junit.platform.engine_1.7.1.v20210222-1948.jar;C:\Users\Astrid\.p2\pool\plugins\org.junit.platform.launcher_1.7.1.v20210222-1948.jar;C:\Users\Astrid\.p2\pool\plugins\org.junit.platform.runner_1.7.1.v20210222-1948.jar;C:\Users\Astrid\.p2\pool\plugins\org.junit.platform.suite.api_1.7.1.v20210222-1948.jar;C:\Users\Astrid\.p2\pool\plugins\org.junit.vintage.engine_5.7.1.v20210222-1948.jar;C:\Users\Astrid\.p2\pool\plugins\org.opentest4j_1.2.0.v20190826-0900.jar;C:\Users\Astrid\.p2\pool\plugins\org.apiguardian_1.1.0.v20190826-0900.jar;C:\Users\Astrid\.p2\pool\plugins\org.junit_4.13.0.v20200204-1500.jar;C:\Users\Astrid\.p2\pool\plugins\org.hamcrest.core_1.3.0.v20180420-1519.jar;C:\Users\Astrid\eclipse\java-2021-03\eclipse\configuration\org.eclipse.osgi\221\0\.cp;C:\Users\Astrid\eclipse\java-2021-03\eclipse\configuration\org.eclipse.osgi\219\0\.cp
Launcher Type: SUN_STANDARD

[Global flags]
     intx CICompilerCount                          = 12                                        {product} {ergonomic}
     uint ConcGCThreads                            = 3                                         {product} {ergonomic}
     uint G1ConcRefinementThreads                  = 13                                        {product} {ergonomic}
   size_t G1HeapRegionSize                         = 4194304                                   {product} {ergonomic}
    uintx GCDrainStackTargetSize                   = 64                                        {product} {ergonomic}
   size_t InitialHeapSize                          = 536870912                                 {product} {ergonomic}
   size_t MarkStackSize                            = 4194304                                   {product} {ergonomic}
   size_t MaxHeapSize                              = 8573157376                                {product} {ergonomic}
   size_t MaxNewSize                               = 5142216704                                {product} {ergonomic}
   size_t MinHeapDeltaBytes                        = 4194304                                   {product} {ergonomic}
   size_t MinHeapSize                              = 8388608                                   {product} {ergonomic}
    uintx NonNMethodCodeHeapSize                   = 7602480                                {pd product} {ergonomic}
    uintx NonProfiledCodeHeapSize                  = 122027880                              {pd product} {ergonomic}
    uintx ProfiledCodeHeapSize                     = 122027880                              {pd product} {ergonomic}
    uintx ReservedCodeCacheSize                    = 251658240                              {pd product} {ergonomic}
     bool SegmentedCodeCache                       = true                                      {product} {ergonomic}
     bool ShowCodeDetailsInExceptionMessages       = true                                   {manageable} {command line}
   size_t SoftMaxHeapSize                          = 8573157376                             {manageable} {ergonomic}
     bool UseCompressedClassPointers               = true                                 {lp64_product} {ergonomic}
     bool UseCompressedOops                        = true                                 {lp64_product} {ergonomic}
     bool UseG1GC                                  = true                                      {product} {ergonomic}
     bool UseLargePagesIndividualAllocation        = false                                  {pd product} {ergonomic}

Logging:
Log output configuration:
 #0: stdout all=warning uptime,level,tags
 #1: stderr all=off uptime,level,tags

Environment Variables:
JAVA_HOME=C:\Program Files\Android\Jdk\microsoft_dist_openjdk_1.8.0.25
PATH=C:/Users/Astrid/.p2/pool/plugins/org.eclipse.justj.openjdk.hotspot.jre.full.win32.x86_64_15.0.2.v20210201-0955/jre/bin/server;C:/Users/Astrid/.p2/pool/plugins/org.eclipse.justj.openjdk.hotspot.jre.full.win32.x86_64_15.0.2.v20210201-0955/jre/bin;C:\Program Files (x86)\Rockwell Software\RSCommon;C:\Program Files\Microsoft MPI\Bin\;C:\Program Files (x86)\Microsoft SDKs\Azure\CLI2\wbin;C:\Program Files (x86)\Common Files\Oracle\Java\javapath;C:\Windows\system32;C:\Windows;C:\Windows\System32\Wbem;C:\Windows\System32\WindowsPowerShell\v1.0\;C:\Windows\System32\OpenSSH\;C:\Program Files\NVIDIA Corporation\NVIDIA NvDLISR;C:\Program Files (x86)\NVIDIA Corporation\PhysX\Common;c:\Program Files (x86)\Microsoft SQL Server\110\Tools\Binn\;c:\Program Files\Microsoft SQL Server\110\Tools\Binn\;c:\Program Files\Microsoft SQL Server\110\DTS\Binn\;c:\Program Files (x86)\Microsoft SQL Server\110\Tools\Binn\ManagementStudio\;c:\Program Files (x86)\Microsoft SQL Server\110\DTS\Binn\;C:\Program Files\Microsoft VS Code\bin;C:\Program Files\Git\cmd;C:\Program Files\nodejs\;C:\ProgramData\chocolatey\bin;C:\Program Files\dotnet\;C:\Program Files\Microsoft SQL Server\130\Tools\Binn\;C:\Program Files\Microsoft SQL Server\Client SDK\ODBC\170\Tools\Binn\;C:\Program Files (x86)\Microsoft SQL Server\150\Tools\Binn\;C:\Program Files\Microsoft SQL Server\150\Tools\Binn\;C:\Program Files\Microsoft SQL Server\150\DTS\Binn\;C:\Program Files\MongoDB\Server\4.2\bin;C:\Program Files (x86)\Common Files\Rockwell\;C:\WINDOWS\system32;C:\WINDOWS;C:\WINDOWS\System32\Wbem;C:\WINDOWS\System32\WindowsPowerShell\v1.0\;C:\WINDOWS\System32\OpenSSH\;C:\Program Files (x86)\IncrediBuild;C:\Program Files\Docker\Docker\resources\bin;C:\ProgramData\DockerDesktop\version-bin;C:\Program Files (x86)\dotnet\;C:\Program Files (x86)\Microsoft SQL Server\150\DTS\Binn\;C:\Program Files\Azure Data Studio\bin;C:\Program Files\TortoiseGit\bin;C:\Program Files\MySQL\MySQL Shell 8.0\bin\;C:\Users\Astrid\AppData\Local\Microsoft\Wind
USERNAME=Astrid
OS=Windows_NT
PROCESSOR_IDENTIFIER=AMD64 Family 23 Model 113 Stepping 0, AuthenticAMD



---------------  S Y S T E M  ---------------

OS:
 Windows 10 , 64 bit Build 19041 (10.0.19041.928)
OS uptime: 4 days 9:58 hours
HyperV virtualization detected

CPU: total 16 (initial active 16) (16 cores per cpu, 2 threads per core) family 23 model 113 stepping 0 microcode 0x0, cmov, cx8, fxsr, mmx, sse, sse2, sse3, ssse3, sse4.1, sse4.2, popcnt, vzeroupper, avx, avx2, aes, clmul, 3dnowpref, lzcnt, sse4a, ht, tsc, tscinvbit, tscinv, bmi1, bmi2, adx, sha, fma, clflush, clflushopt

Memory: 4k page, system-wide physical 32699M (1M free)
TotalPageFile size 131003M (AvailPageFile size 171M)
current process WorkingSet (physical memory assigned to process): 1M, peak: 573M
current process commit charge ("private bytes"): 264M, peak: 850M

vm_info: OpenJDK 64-Bit Server VM (15.0.2+7-27) for windows-amd64 JRE (15.0.2+7-27), built on Dec  7 2020 20:02:38 by "mach5one" with unknown MS VC++:1925

END.
