#
# There is insufficient memory for the Java Runtime Environment to continue.
# Native memory allocation (mmap) failed to map 201326592 bytes for G1 virtual space
# Possible reasons:
#   The system is out of physical RAM or swap space
#   The process is running with CompressedOops enabled, and the Java Heap may be blocking the growth of the native heap
# Possible solutions:
#   Reduce memory load on the system
#   Increase physical memory or swap space
#   Check if swap backing store is full
#   Decrease Java heap size (-Xmx/-Xms)
#   Decrease number of Java threads
#   Decrease Java thread stack sizes (-Xss)
#   Set larger code cache with -XX:ReservedCodeCacheSize=
#   JVM is running with Zero Based Compressed Oops mode in which the Java heap is
#     placed in the first 32GB address space. The Java Heap base address is the
#     maximum limit for the native heap growth. Please use -XX:HeapBaseMinAddress
#     to set the Java Heap base and to place the Java Heap above 32GB virtual address.
# This output file may be truncated or incomplete.
#
#  Out of Memory Error (./open/src/hotspot/os/windows/os_windows.cpp:3321), pid=9808, tid=20232
#
# JRE version: OpenJDK Runtime Environment (15.0.2+7) (build 15.0.2+7-27)
# Java VM: OpenJDK 64-Bit Server VM (15.0.2+7-27, mixed mode, tiered, compressed oops, g1 gc, windows-amd64)
# No core dump will be written. Minidumps are not enabled by default on client versions of Windows
#

---------------  S U M M A R Y ------------

Command Line: -ea -Dfile.encoding=Cp1252 -XX:+ShowCodeDetailsInExceptionMessages org.eclipse.jdt.internal.junit.runner.RemoteTestRunner -version 3 -port 56833 -testLoaderClass org.eclipse.jdt.internal.junit5.runner.JUnit5TestLoader -loaderpluginname org.eclipse.jdt.junit5.runtime -classNames Testing.GameListTest

Host: AMD Ryzen 7 3800X 8-Core Processor             , 16 cores, 31G,  Windows 10 , 64 bit Build 19041 (10.0.19041.928)
Time: Sun May 30 00:10:39 2021 Cen. Australia Standard Time elapsed time: 219.713357 seconds (0d 0h 3m 39s)

---------------  T H R E A D  ---------------

Current thread (0x000002a8b6355050):  VMThread "VM Thread" [stack: 0x000000d670800000,0x000000d670900000] [id=20232]

Stack: [0x000000d670800000,0x000000d670900000]
[error occurred during error reporting (printing stack bounds), id 0xc0000005, EXCEPTION_ACCESS_VIOLATION (0xc0000005) at pc=0x000002a890b810ad]

Native frames: (J=compiled Java code, j=interpreted, Vv=VM code, C=native code)
V  [jvm.dll+0x62ae9a]
V  [jvm.dll+0x7817a9]
V  [jvm.dll+0x782f03]
V  [jvm.dll+0x7834c5]
V  [jvm.dll+0x78347b]
V  [jvm.dll+0x62a2b9]
V  [jvm.dll+0x62aa88]
C  [ntdll.dll+0xa217f]
C  [ntdll.dll+0x51454]
C  [ntdll.dll+0xa0cae]
C  0x000002a890b810ad

VM_Operation (0x000000d6702fbc90): G1TryInitiateConcMark, mode: safepoint, requested by thread 0x000002a88d16da00


---------------  P R O C E S S  ---------------

Threads class SMR info:
_java_thread_list=0x000002a8b7aee680, length=11, elements={
0x000002a88d16da00, 0x000002a8b6c25010, 0x000002a8b6c259d0, 0x000002a8b6c130a0,
0x000002a8b6c42010, 0x000002a8b6c448e0, 0x000002a8b6c464e0, 0x000002a8b6c46de0,
0x000002a8b6c476e0, 0x000002a8b6ddb4f0, 0x000002a8b6e17020
}

Java Threads: ( => current thread )
  0x000002a88d16da00 JavaThread "main" [_thread_blocked, id=17556, stack(0x000000d670200000,0x000000d670300000)]
  0x000002a8b6c25010 JavaThread "Reference Handler" daemon [_thread_blocked, id=24452, stack(0x000000d670900000,0x000000d670a00000)]
  0x000002a8b6c259d0 JavaThread "Finalizer" daemon [_thread_blocked, id=16844, stack(0x000000d670a00000,0x000000d670b00000)]
  0x000002a8b6c130a0 JavaThread "Signal Dispatcher" daemon [_thread_blocked, id=3792, stack(0x000000d670b00000,0x000000d670c00000)]
  0x000002a8b6c42010 JavaThread "Attach Listener" daemon [_thread_blocked, id=26832, stack(0x000000d670c00000,0x000000d670d00000)]
  0x000002a8b6c448e0 JavaThread "Service Thread" daemon [_thread_blocked, id=15356, stack(0x000000d670d00000,0x000000d670e00000)]
  0x000002a8b6c464e0 JavaThread "C2 CompilerThread0" daemon [_thread_blocked, id=15960, stack(0x000000d670e00000,0x000000d670f00000)]
  0x000002a8b6c46de0 JavaThread "C1 CompilerThread0" daemon [_thread_blocked, id=27280, stack(0x000000d670f00000,0x000000d671000000)]
  0x000002a8b6c476e0 JavaThread "Sweeper thread" daemon [_thread_blocked, id=20188, stack(0x000000d671000000,0x000000d671100000)]
  0x000002a8b6ddb4f0 JavaThread "Notification Thread" daemon [_thread_blocked, id=25188, stack(0x000000d671100000,0x000000d671200000)]
  0x000002a8b6e17020 JavaThread "Common-Cleaner" daemon [_thread_blocked, id=1152, stack(0x000000d671300000,0x000000d671400000)]

Other Threads:
=>0x000002a8b6355050 VMThread "VM Thread" [stack: 0x000000d670800000,0x000000d670900000] [id=20232]
  0x000002a8b6dfb9d0 WatcherThread [stack: 0x000000d671200000,0x000000d671300000] [id=22628]
  0x000002a88d1e6430 GCTaskThread "GC Thread#0" [stack: 0x000000d670300000,0x000000d670400000] [id=20820]
  0x000002a8b720a740 GCTaskThread "GC Thread#1" [stack: 0x000000d671700000,0x000000d671800000] [id=27136]
  0x000002a8b7208100 GCTaskThread "GC Thread#2" [stack: 0x000000d671800000,0x000000d671900000] [id=19308]
  0x000002a8b7209a80 GCTaskThread "GC Thread#3" [stack: 0x000000d671900000,0x000000d671a00000] [id=16332]
  0x000002a8b7207440 GCTaskThread "GC Thread#4" [stack: 0x000000d671a00000,0x000000d671b00000] [id=27320]
  0x000002a8b7208a90 GCTaskThread "GC Thread#5" [stack: 0x000000d671b00000,0x000000d671c00000] [id=20052]
  0x000002a8b720aa70 GCTaskThread "GC Thread#6" [stack: 0x000000d671c00000,0x000000d671d00000] [id=16516]
  0x000002a8b720a0e0 GCTaskThread "GC Thread#7" [stack: 0x000000d671d00000,0x000000d671e00000] [id=8052]
  0x000002a8b7207110 GCTaskThread "GC Thread#8" [stack: 0x000000d671e00000,0x000000d671f00000] [id=12560]
  0x000002a8b72090f0 GCTaskThread "GC Thread#9" [stack: 0x000000d671f00000,0x000000d672000000] [id=23052]
  0x000002a8b7208430 GCTaskThread "GC Thread#10" [stack: 0x000000d672000000,0x000000d672100000] [id=20112]
  0x000002a8b7209420 GCTaskThread "GC Thread#11" [stack: 0x000000d672100000,0x000000d672200000] [id=11576]
  0x000002a8b7207770 GCTaskThread "GC Thread#12" [stack: 0x000000d671500000,0x000000d671600000] [id=16632]
  0x000002a88d1f7410 ConcurrentGCThread "G1 Main Marker" [stack: 0x000000d670400000,0x000000d670500000] [id=12380]
  0x000002a88d1f7f10 ConcurrentGCThread "G1 Conc#0" [stack: 0x000000d670500000,0x000000d670600000] [id=11168]
  0x000002a8b7209750 ConcurrentGCThread "G1 Conc#1" [stack: 0x000000d672200000,0x000000d672300000] [id=12188]
  0x000002a8b7207aa0 ConcurrentGCThread "G1 Conc#2" [stack: 0x000000d672300000,0x000000d672400000] [id=20160]
  0x000002a88d23e870 ConcurrentGCThread "G1 Refine#0" [stack: 0x000000d670600000,0x000000d670700000] [id=8452]
  0x000002a8b620c580 ConcurrentGCThread "G1 Young RemSet Sampling" [stack: 0x000000d670700000,0x000000d670800000] [id=26632]

Threads with active compile tasks:

VM state: at safepoint (normal execution)

VM Mutex/Monitor currently owned by a thread:  ([mutex/lock_event])
[0x000002a88d1689f0] Threads_lock - owner thread: 0x000002a8b6355050
[0x000002a88d1691d0] Heap_lock - owner thread: 0x000002a88d16da00

Heap address: 0x0000000601000000, size: 8176 MB, Compressed Oops mode: Zero based, Oop shift amount: 3
CDS disabled.
Compressed class space mapped at: 0x0000000800000000-0x0000000840000000, size: 1073741824
Narrow klass base: 0x0000000800000000, Narrow klass shift: 0, Narrow klass range: 0x40000000

GC Precious Log:
 CPUs: 16 total, 16 available
 Memory: 32699M
 Large Page Support: Disabled
 NUMA Support: Disabled
 Compressed Oops: Enabled (Zero based)
 Heap Region Size: 4M
 Heap Min Capacity: 8M
 Heap Initial Capacity: 512M
 Heap Max Capacity: 8176M
 Pre-touch: Disabled
 Parallel Workers: 13
 Concurrent Workers: 3
 Concurrent Refinement Workers: 13
 Periodic GC: Disabled

Heap:
 garbage-first heap   total 663552K, used 6247K [0x0000000601000000, 0x0000000800000000)
  region size 4096K, 1 young (4096K), 1 survivors (4096K)
 Metaspace       used 15486K, capacity 15697K, committed 16000K, reserved 1062912K
  class space    used 1486K, capacity 1560K, committed 1664K, reserved 1048576K

Heap Regions: E=young(eden), S=young(survivor), O=old, HS=humongous(starts), HC=humongous(continues), CS=collection set, F=free, OA=open archive, CA=closed archive, TAMS=top-at-mark-start (previous, next)
|   0|0x0000000601000000, 0x00000006013ba200, 0x0000000601400000| 93%| O|  |TAMS 0x00000006013ba200, 0x00000006013ba200| Untracked 
|   1|0x0000000601400000, 0x0000000601400000, 0x0000000601800000|  0%| F|  |TAMS 0x0000000601400000, 0x0000000601400000| Untracked 
|   2|0x0000000601800000, 0x0000000601800000, 0x0000000601c00000|  0%| F|  |TAMS 0x0000000601800000, 0x0000000601800000| Untracked 
|   3|0x0000000601c00000, 0x0000000601c00000, 0x0000000602000000|  0%| F|  |TAMS 0x0000000601c00000, 0x0000000601c00000| Untracked 
|   4|0x0000000602000000, 0x0000000602000000, 0x0000000602400000|  0%| F|  |TAMS 0x0000000602000000, 0x0000000602000000| Untracked 
|   5|0x0000000602400000, 0x0000000602400000, 0x0000000602800000|  0%| F|  |TAMS 0x0000000602400000, 0x0000000602400000| Untracked 
|   6|0x0000000602800000, 0x0000000602800000, 0x0000000602c00000|  0%| F|  |TAMS 0x0000000602800000, 0x0000000602800000| Untracked 
|   7|0x0000000602c00000, 0x0000000602c00000, 0x0000000603000000|  0%| F|  |TAMS 0x0000000602c00000, 0x0000000602c00000| Untracked 
|   8|0x0000000603000000, 0x0000000603000000, 0x0000000603400000|  0%| F|  |TAMS 0x0000000603000000, 0x0000000603000000| Untracked 
|   9|0x0000000603400000, 0x0000000603400000, 0x0000000603800000|  0%| F|  |TAMS 0x0000000603400000, 0x0000000603400000| Untracked 
|  10|0x0000000603800000, 0x0000000603800000, 0x0000000603c00000|  0%| F|  |TAMS 0x0000000603800000, 0x0000000603800000| Untracked 
|  11|0x0000000603c00000, 0x0000000603c00000, 0x0000000604000000|  0%| F|  |TAMS 0x0000000603c00000, 0x0000000603c00000| Untracked 
|  12|0x0000000604000000, 0x0000000604000000, 0x0000000604400000|  0%| F|  |TAMS 0x0000000604000000, 0x0000000604000000| Untracked 
|  13|0x0000000604400000, 0x0000000604400000, 0x0000000604800000|  0%| F|  |TAMS 0x0000000604400000, 0x0000000604400000| Untracked 
|  14|0x0000000604800000, 0x0000000604800000, 0x0000000604c00000|  0%| F|  |TAMS 0x0000000604800000, 0x0000000604800000| Untracked 
|  15|0x0000000604c00000, 0x0000000604c00000, 0x0000000605000000|  0%| F|  |TAMS 0x0000000604c00000, 0x0000000604c00000| Untracked 
|  16|0x0000000605000000, 0x0000000605000000, 0x0000000605400000|  0%| F|  |TAMS 0x0000000605000000, 0x0000000605000000| Untracked 
|  17|0x0000000605400000, 0x0000000605400000, 0x0000000605800000|  0%| F|  |TAMS 0x0000000605400000, 0x0000000605400000| Untracked 
|  18|0x0000000605800000, 0x0000000605800000, 0x0000000605c00000|  0%| F|  |TAMS 0x0000000605800000, 0x0000000605800000| Untracked 
|  19|0x0000000605c00000, 0x0000000605c00000, 0x0000000606000000|  0%| F|  |TAMS 0x0000000605c00000, 0x0000000605c00000| Untracked 
|  20|0x0000000606000000, 0x0000000606000000, 0x0000000606400000|  0%| F|  |TAMS 0x0000000606000000, 0x0000000606000000| Untracked 
|  21|0x0000000606400000, 0x0000000606400000, 0x0000000606800000|  0%| F|  |TAMS 0x0000000606400000, 0x0000000606400000| Untracked 
|  22|0x0000000606800000, 0x0000000606800000, 0x0000000606c00000|  0%| F|  |TAMS 0x0000000606800000, 0x0000000606800000| Untracked 
|  23|0x0000000606c00000, 0x0000000606c00000, 0x0000000607000000|  0%| F|  |TAMS 0x0000000606c00000, 0x0000000606c00000| Untracked 
|  24|0x0000000607000000, 0x0000000607000000, 0x0000000607400000|  0%| F|  |TAMS 0x0000000607000000, 0x0000000607000000| Untracked 
|  25|0x0000000607400000, 0x0000000607400000, 0x0000000607800000|  0%| F|  |TAMS 0x0000000607400000, 0x0000000607400000| Untracked 
|  26|0x0000000607800000, 0x0000000607800000, 0x0000000607c00000|  0%| F|  |TAMS 0x0000000607800000, 0x0000000607800000| Untracked 
|  27|0x0000000607c00000, 0x0000000607c00000, 0x0000000608000000|  0%| F|  |TAMS 0x0000000607c00000, 0x0000000607c00000| Untracked 
|  28|0x0000000608000000, 0x0000000608000000, 0x0000000608400000|  0%| F|  |TAMS 0x0000000608000000, 0x0000000608000000| Untracked 
|  29|0x0000000608400000, 0x0000000608400000, 0x0000000608800000|  0%| F|  |TAMS 0x0000000608400000, 0x0000000608400000| Untracked 
|  30|0x0000000608800000, 0x0000000608800000, 0x0000000608c00000|  0%| F|  |TAMS 0x0000000608800000, 0x0000000608800000| Untracked 
|  31|0x0000000608c00000, 0x0000000608c00000, 0x0000000609000000|  0%| F|  |TAMS 0x0000000608c00000, 0x0000000608c00000| Untracked 
|  32|0x0000000609000000, 0x0000000609000000, 0x0000000609400000|  0%| F|  |TAMS 0x0000000609000000, 0x0000000609000000| Untracked 
|  33|0x0000000609400000, 0x0000000609400000, 0x0000000609800000|  0%| F|  |TAMS 0x0000000609400000, 0x0000000609400000| Untracked 
|  34|0x0000000609800000, 0x0000000609800000, 0x0000000609c00000|  0%| F|  |TAMS 0x0000000609800000, 0x0000000609800000| Untracked 
|  35|0x0000000609c00000, 0x0000000609c00000, 0x000000060a000000|  0%| F|  |TAMS 0x0000000609c00000, 0x0000000609c00000| Untracked 
|  36|0x000000060a000000, 0x000000060a000000, 0x000000060a400000|  0%| F|  |TAMS 0x000000060a000000, 0x000000060a000000| Untracked 
|  37|0x000000060a400000, 0x000000060a400000, 0x000000060a800000|  0%| F|  |TAMS 0x000000060a400000, 0x000000060a400000| Untracked 
|  38|0x000000060a800000, 0x000000060a800000, 0x000000060ac00000|  0%| F|  |TAMS 0x000000060a800000, 0x000000060a800000| Untracked 
|  39|0x000000060ac00000, 0x000000060ac00000, 0x000000060b000000|  0%| F|  |TAMS 0x000000060ac00000, 0x000000060ac00000| Untracked 
|  40|0x000000060b000000, 0x000000060b000000, 0x000000060b400000|  0%| F|  |TAMS 0x000000060b000000, 0x000000060b000000| Untracked 
|  41|0x000000060b400000, 0x000000060b400000, 0x000000060b800000|  0%| F|  |TAMS 0x000000060b400000, 0x000000060b400000| Untracked 
|  42|0x000000060b800000, 0x000000060b800000, 0x000000060bc00000|  0%| F|  |TAMS 0x000000060b800000, 0x000000060b800000| Untracked 
|  43|0x000000060bc00000, 0x000000060bc00000, 0x000000060c000000|  0%| F|  |TAMS 0x000000060bc00000, 0x000000060bc00000| Untracked 
|  44|0x000000060c000000, 0x000000060c000000, 0x000000060c400000|  0%| F|  |TAMS 0x000000060c000000, 0x000000060c000000| Untracked 
|  45|0x000000060c400000, 0x000000060c400000, 0x000000060c800000|  0%| F|  |TAMS 0x000000060c400000, 0x000000060c400000| Untracked 
|  46|0x000000060c800000, 0x000000060c800000, 0x000000060cc00000|  0%| F|  |TAMS 0x000000060c800000, 0x000000060c800000| Untracked 
|  47|0x000000060cc00000, 0x000000060cc00000, 0x000000060d000000|  0%| F|  |TAMS 0x000000060cc00000, 0x000000060cc00000| Untracked 
|  48|0x000000060d000000, 0x000000060d000000, 0x000000060d400000|  0%| F|  |TAMS 0x000000060d000000, 0x000000060d000000| Untracked 
|  49|0x000000060d400000, 0x000000060d400000, 0x000000060d800000|  0%| F|  |TAMS 0x000000060d400000, 0x000000060d400000| Untracked 
|  50|0x000000060d800000, 0x000000060d800000, 0x000000060dc00000|  0%| F|  |TAMS 0x000000060d800000, 0x000000060d800000| Untracked 
|  51|0x000000060dc00000, 0x000000060dc00000, 0x000000060e000000|  0%| F|  |TAMS 0x000000060dc00000, 0x000000060dc00000| Untracked 
|  52|0x000000060e000000, 0x000000060e000000, 0x000000060e400000|  0%| F|  |TAMS 0x000000060e000000, 0x000000060e000000| Untracked 
|  53|0x000000060e400000, 0x000000060e400000, 0x000000060e800000|  0%| F|  |TAMS 0x000000060e400000, 0x000000060e400000| Untracked 
|  54|0x000000060e800000, 0x000000060e800000, 0x000000060ec00000|  0%| F|  |TAMS 0x000000060e800000, 0x000000060e800000| Untracked 
|  55|0x000000060ec00000, 0x000000060ec00000, 0x000000060f000000|  0%| F|  |TAMS 0x000000060ec00000, 0x000000060ec00000| Untracked 
|  56|0x000000060f000000, 0x000000060f000000, 0x000000060f400000|  0%| F|  |TAMS 0x000000060f000000, 0x000000060f000000| Untracked 
|  57|0x000000060f400000, 0x000000060f400000, 0x000000060f800000|  0%| F|  |TAMS 0x000000060f400000, 0x000000060f400000| Untracked 
|  58|0x000000060f800000, 0x000000060f800000, 0x000000060fc00000|  0%| F|  |TAMS 0x000000060f800000, 0x000000060f800000| Untracked 
|  59|0x000000060fc00000, 0x000000060fc00000, 0x0000000610000000|  0%| F|  |TAMS 0x000000060fc00000, 0x000000060fc00000| Untracked 
|  60|0x0000000610000000, 0x0000000610000000, 0x0000000610400000|  0%| F|  |TAMS 0x0000000610000000, 0x0000000610000000| Untracked 
|  61|0x0000000610400000, 0x0000000610400000, 0x0000000610800000|  0%| F|  |TAMS 0x0000000610400000, 0x0000000610400000| Untracked 
|  62|0x0000000610800000, 0x0000000610800000, 0x0000000610c00000|  0%| F|  |TAMS 0x0000000610800000, 0x0000000610800000| Untracked 
|  63|0x0000000610c00000, 0x0000000610c00000, 0x0000000611000000|  0%| F|  |TAMS 0x0000000610c00000, 0x0000000610c00000| Untracked 
|  64|0x0000000611000000, 0x0000000611000000, 0x0000000611400000|  0%| F|  |TAMS 0x0000000611000000, 0x0000000611000000| Untracked 
|  65|0x0000000611400000, 0x0000000611400000, 0x0000000611800000|  0%| F|  |TAMS 0x0000000611400000, 0x0000000611400000| Untracked 
|  66|0x0000000611800000, 0x0000000611800000, 0x0000000611c00000|  0%| F|  |TAMS 0x0000000611800000, 0x0000000611800000| Untracked 
|  67|0x0000000611c00000, 0x0000000611c00000, 0x0000000612000000|  0%| F|  |TAMS 0x0000000611c00000, 0x0000000611c00000| Untracked 
|  68|0x0000000612000000, 0x0000000612000000, 0x0000000612400000|  0%| F|  |TAMS 0x0000000612000000, 0x0000000612000000| Untracked 
|  69|0x0000000612400000, 0x0000000612400000, 0x0000000612800000|  0%| F|  |TAMS 0x0000000612400000, 0x0000000612400000| Untracked 
|  70|0x0000000612800000, 0x0000000612800000, 0x0000000612c00000|  0%| F|  |TAMS 0x0000000612800000, 0x0000000612800000| Untracked 
|  71|0x0000000612c00000, 0x0000000612c00000, 0x0000000613000000|  0%| F|  |TAMS 0x0000000612c00000, 0x0000000612c00000| Untracked 
|  72|0x0000000613000000, 0x0000000613000000, 0x0000000613400000|  0%| F|  |TAMS 0x0000000613000000, 0x0000000613000000| Untracked 
|  73|0x0000000613400000, 0x0000000613400000, 0x0000000613800000|  0%| F|  |TAMS 0x0000000613400000, 0x0000000613400000| Untracked 
|  74|0x0000000613800000, 0x0000000613800000, 0x0000000613c00000|  0%| F|  |TAMS 0x0000000613800000, 0x0000000613800000| Untracked 
|  75|0x0000000613c00000, 0x0000000613c00000, 0x0000000614000000|  0%| F|  |TAMS 0x0000000613c00000, 0x0000000613c00000| Untracked 
|  76|0x0000000614000000, 0x0000000614000000, 0x0000000614400000|  0%| F|  |TAMS 0x0000000614000000, 0x0000000614000000| Untracked 
|  77|0x0000000614400000, 0x0000000614400000, 0x0000000614800000|  0%| F|  |TAMS 0x0000000614400000, 0x0000000614400000| Untracked 
|  78|0x0000000614800000, 0x0000000614a5fc10, 0x0000000614c00000| 59%| S|CS|TAMS 0x0000000614800000, 0x0000000614800000| Complete 
|  79|0x0000000614c00000, 0x0000000614c00000, 0x0000000615000000|  0%| F|  |TAMS 0x0000000614c00000, 0x0000000614c00000| Untracked 
|  80|0x0000000615000000, 0x0000000615000000, 0x0000000615400000|  0%| F|  |TAMS 0x0000000615000000, 0x0000000615000000| Untracked 
|  81|0x0000000615400000, 0x0000000615400000, 0x0000000615800000|  0%| F|  |TAMS 0x0000000615400000, 0x0000000615400000| Untracked 
|  82|0x0000000615800000, 0x0000000615800000, 0x0000000615c00000|  0%| F|  |TAMS 0x0000000615800000, 0x0000000615800000| Untracked 
|  83|0x0000000615c00000, 0x0000000615c00000, 0x0000000616000000|  0%| F|  |TAMS 0x0000000615c00000, 0x0000000615c00000| Untracked 
|  84|0x0000000616000000, 0x0000000616000000, 0x0000000616400000|  0%| F|  |TAMS 0x0000000616000000, 0x0000000616000000| Untracked 
|  85|0x0000000616400000, 0x0000000616400000, 0x0000000616800000|  0%| F|  |TAMS 0x0000000616400000, 0x0000000616400000| Untracked 
|  86|0x0000000616800000, 0x0000000616800000, 0x0000000616c00000|  0%| F|  |TAMS 0x0000000616800000, 0x0000000616800000| Untracked 
|  87|0x0000000616c00000, 0x0000000616c00000, 0x0000000617000000|  0%| F|  |TAMS 0x0000000616c00000, 0x0000000616c00000| Untracked 
|  88|0x0000000617000000, 0x0000000617000000, 0x0000000617400000|  0%| F|  |TAMS 0x0000000617000000, 0x0000000617000000| Untracked 
|  89|0x0000000617400000, 0x0000000617400000, 0x0000000617800000|  0%| F|  |TAMS 0x0000000617400000, 0x0000000617400000| Untracked 
|  90|0x0000000617800000, 0x0000000617800000, 0x0000000617c00000|  0%| F|  |TAMS 0x0000000617800000, 0x0000000617800000| Untracked 
|  91|0x0000000617c00000, 0x0000000617c00000, 0x0000000618000000|  0%| F|  |TAMS 0x0000000617c00000, 0x0000000617c00000| Untracked 
|  92|0x0000000618000000, 0x0000000618000000, 0x0000000618400000|  0%| F|  |TAMS 0x0000000618000000, 0x0000000618000000| Untracked 
|  93|0x0000000618400000, 0x0000000618400000, 0x0000000618800000|  0%| F|  |TAMS 0x0000000618400000, 0x0000000618400000| Untracked 
|  94|0x0000000618800000, 0x0000000618800000, 0x0000000618c00000|  0%| F|  |TAMS 0x0000000618800000, 0x0000000618800000| Untracked 
|  95|0x0000000618c00000, 0x0000000618c00000, 0x0000000619000000|  0%| F|  |TAMS 0x0000000618c00000, 0x0000000618c00000| Untracked 
|  96|0x0000000619000000, 0x0000000619000000, 0x0000000619400000|  0%| F|  |TAMS 0x0000000619000000, 0x0000000619000000| Untracked 
|  97|0x0000000619400000, 0x0000000619400000, 0x0000000619800000|  0%| F|  |TAMS 0x0000000619400000, 0x0000000619400000| Untracked 
|  98|0x0000000619800000, 0x0000000619800000, 0x0000000619c00000|  0%| F|  |TAMS 0x0000000619800000, 0x0000000619800000| Untracked 
|  99|0x0000000619c00000, 0x0000000619c00000, 0x000000061a000000|  0%| F|  |TAMS 0x0000000619c00000, 0x0000000619c00000| Untracked 
| 100|0x000000061a000000, 0x000000061a000000, 0x000000061a400000|  0%| F|  |TAMS 0x000000061a000000, 0x000000061a000000| Untracked 
| 149|0x0000000626400000, 0x0000000626400000, 0x0000000626800000|  0%| F|  |TAMS 0x0000000626400000, 0x0000000626400000| Untracked 
| 150|0x0000000626800000, 0x0000000626800000, 0x0000000626c00000|  0%| F|  |TAMS 0x0000000626800000, 0x0000000626800000| Untracked 
| 151|0x0000000626c00000, 0x0000000626c00000, 0x0000000627000000|  0%| F|  |TAMS 0x0000000626c00000, 0x0000000626c00000| Untracked 
| 152|0x0000000627000000, 0x0000000627000000, 0x0000000627400000|  0%| F|  |TAMS 0x0000000627000000, 0x0000000627000000| Untracked 
| 242|0x000000063d800000, 0x000000063d800000, 0x000000063dc00000|  0%| F|  |TAMS 0x000000063d800000, 0x000000063d800000| Untracked 
| 247|0x000000063ec00000, 0x000000063ec00000, 0x000000063f000000|  0%| F|  |TAMS 0x000000063ec00000, 0x000000063ec00000| Untracked 
| 248|0x000000063f000000, 0x000000063f000000, 0x000000063f400000|  0%| F|  |TAMS 0x000000063f000000, 0x000000063f000000| Untracked 
| 249|0x000000063f400000, 0x000000063f400000, 0x000000063f800000|  0%| F|  |TAMS 0x000000063f400000, 0x000000063f400000| Untracked 
| 250|0x000000063f800000, 0x000000063f800000, 0x000000063fc00000|  0%| F|  |TAMS 0x000000063f800000, 0x000000063f800000| Untracked 
| 251|0x000000063fc00000, 0x000000063fc00000, 0x0000000640000000|  0%| F|  |TAMS 0x000000063fc00000, 0x000000063fc00000| Untracked 
| 252|0x0000000640000000, 0x0000000640000000, 0x0000000640400000|  0%| F|  |TAMS 0x0000000640000000, 0x0000000640000000| Untracked 
| 253|0x0000000640400000, 0x0000000640400000, 0x0000000640800000|  0%| F|  |TAMS 0x0000000640400000, 0x0000000640400000| Untracked 
| 254|0x0000000640800000, 0x0000000640800000, 0x0000000640c00000|  0%| F|  |TAMS 0x0000000640800000, 0x0000000640800000| Untracked 

Card table byte_map: [0x000002a8a1400000,0x000002a8a2400000] _byte_map_base: 0x000002a89e3f8000

Marking Bits (Prev, Next): (CMBitMap*) 0x000002a88d1e6b70, (CMBitMap*) 0x000002a88d1e6b30
 Prev Bits: [0x000002a8ab3c0000, 0x000002a8b3380000)
 Next Bits: [0x000002a8a3400000, 0x000002a8ab3c0000)

Polling page: 0x000002a88a8e0000

Metaspace:

Usage:
  Non-class:     13.81 MB capacity,    13.67 MB (>99%) used,   122.14 KB ( <1%) free+waste,    14.88 KB ( <1%) overhead. 
      Class:      1.52 MB capacity,     1.45 MB ( 95%) used,    68.12 KB (  4%) free+waste,     5.12 KB ( <1%) overhead. 
       Both:     15.33 MB capacity,    15.12 MB ( 99%) used,   190.26 KB (  1%) free+waste,    20.00 KB ( <1%) overhead. 

Virtual space:
  Non-class space:       14.00 MB reserved,      14.00 MB (100%) committed 
      Class space:        1.00 GB reserved,       1.62 MB ( <1%) committed 
             Both:        1.01 GB reserved,      15.62 MB (  2%) committed 

Chunk freelists:
   Non-Class:  7.00 KB
       Class:  8.00 KB
        Both:  15.00 KB

MaxMetaspaceSize: 17179869184.00 GB
CompressedClassSpaceSize: 1.00 GB

CodeHeap 'non-profiled nmethods': size=119168Kb used=753Kb max_used=753Kb free=118414Kb
 bounds [0x000002a898720000, 0x000002a898990000, 0x000002a89fb80000]
CodeHeap 'profiled nmethods': size=119104Kb used=3729Kb max_used=3729Kb free=115375Kb
 bounds [0x000002a8912d0000, 0x000002a891680000, 0x000002a898720000]
CodeHeap 'non-nmethods': size=7488Kb used=1177Kb max_used=2882Kb free=6310Kb
 bounds [0x000002a890b80000, 0x000002a890e60000, 0x000002a8912d0000]
 total_blobs=2238 nmethods=1800 adapters=351
 compilation: enabled
              stopped_count=0, restarted_count=0
 full_count=0

Compilation events (20 events):
Event: 20.377 Thread 0x000002a8b6c464e0 1791       4       java.util.GregorianCalendar::computeTime (976 bytes)
Event: 20.400 Thread 0x000002a8b6c464e0 nmethod 1791 0x000002a8987d6890 code [0x000002a8987d6a80, 0x000002a8987d7190]
Event: 20.402 Thread 0x000002a8b6c464e0 1794       4       java.util.Calendar::setFieldsNormalized (66 bytes)
Event: 20.402 Thread 0x000002a8b727b340 1792       4       java.util.Calendar::selectFields (674 bytes)
Event: 20.404 Thread 0x000002a8b6c464e0 nmethod 1794 0x000002a8987d7a10 code [0x000002a8987d7b80, 0x000002a8987d7bf8]
Event: 20.404 Thread 0x000002a8b6c464e0 1793       4       java.util.GregorianCalendar::getFixedDate (510 bytes)
Event: 20.411 Thread 0x000002a8b727b340 nmethod 1792 0x000002a8987d7d10 code [0x000002a8987d7ec0, 0x000002a8987d82d8]
Event: 20.411 Thread 0x000002a8b727b340 1795       4       java.util.GregorianCalendar::isLeapYear (127 bytes)
Event: 20.412 Thread 0x000002a8b727b340 nmethod 1795 0x000002a8987d8810 code [0x000002a8987d8980, 0x000002a8987d8a18]
Event: 20.424 Thread 0x000002a8b6c464e0 nmethod 1793 0x000002a8987d8b10 code [0x000002a8987d8cc0, 0x000002a8987d91d8]
Event: 20.594 Thread 0x000002a8b6c464e0 1796       4       java.lang.StringBuilder::<init> (6 bytes)
Event: 20.595 Thread 0x000002a8b6c464e0 nmethod 1796 0x000002a8987d9710 code [0x000002a8987d98a0, 0x000002a8987d9928]
Event: 20.631 Thread 0x000002a8b6c464e0 1797       4       java.util.Calendar$Builder::build (639 bytes)
Event: 20.681 Thread 0x000002a8b6c464e0 nmethod 1797 0x000002a8987d9a10 code [0x000002a8987d9c20, 0x000002a8987da7d8]
Event: 20.681 Thread 0x000002a8b6c464e0 1798       4       java.util.GregorianCalendar::<init> (56 bytes)
Event: 20.684 Thread 0x000002a8b6c464e0 nmethod 1798 0x000002a8987daf10 code [0x000002a8987db0a0, 0x000002a8987db2c8]
Event: 20.685 Thread 0x000002a8b6c464e0 1799       4       java.util.GregorianCalendar::add (698 bytes)
Event: 20.693 Thread 0x000002a8b6c464e0 nmethod 1799 0x000002a8987db410 code [0x000002a8987db5c0, 0x000002a8987db938]
Event: 20.693 Thread 0x000002a8b6c464e0 1800       4       java.util.GregorianCalendar::pinDayOfMonth (64 bytes)
Event: 20.696 Thread 0x000002a8b6c464e0 nmethod 1800 0x000002a8987dbe90 code [0x000002a8987dc020, 0x000002a8987dc1d8]

GC Heap History (20 events):
Event: 192.107 GC heap after
{Heap after GC invocations=1009 (full 0):
 garbage-first heap   total 1044480K, used 5016K [0x0000000601000000, 0x0000000800000000)
  region size 4096K, 1 young (4096K), 1 survivors (4096K)
 Metaspace       used 15486K, capacity 15697K, committed 16000K, reserved 1062912K
  class space    used 1486K, capacity 1560K, committed 1664K, reserved 1048576K
}
Event: 192.664 GC heap before
{Heap before GC invocations=1009 (full 0):
 garbage-first heap   total 1044480K, used 111512K [0x0000000601000000, 0x0000000800000000)
  region size 4096K, 12 young (49152K), 1 survivors (4096K)
 Metaspace       used 15486K, capacity 15697K, committed 16000K, reserved 1062912K
  class space    used 1486K, capacity 1560K, committed 1664K, reserved 1048576K
}
Event: 192.866 GC heap after
{Heap after GC invocations=1010 (full 0):
 garbage-first heap   total 1044480K, used 5017K [0x0000000601000000, 0x0000000800000000)
  region size 4096K, 1 young (4096K), 1 survivors (4096K)
 Metaspace       used 15486K, capacity 15697K, committed 16000K, reserved 1062912K
  class space    used 1486K, capacity 1560K, committed 1664K, reserved 1048576K
}
Event: 194.362 GC heap before
{Heap before GC invocations=1010 (full 0):
 garbage-first heap   total 303104K, used 111513K [0x0000000601000000, 0x0000000800000000)
  region size 4096K, 12 young (49152K), 1 survivors (4096K)
 Metaspace       used 15486K, capacity 15697K, committed 16000K, reserved 1062912K
  class space    used 1486K, capacity 1560K, committed 1664K, reserved 1048576K
}
Event: 194.379 GC heap after
{Heap after GC invocations=1011 (full 0):
 garbage-first heap   total 303104K, used 5017K [0x0000000601000000, 0x0000000800000000)
  region size 4096K, 1 young (4096K), 1 survivors (4096K)
 Metaspace       used 15486K, capacity 15697K, committed 16000K, reserved 1062912K
  class space    used 1486K, capacity 1560K, committed 1664K, reserved 1048576K
}
Event: 194.630 GC heap before
{Heap before GC invocations=1011 (full 0):
 garbage-first heap   total 303104K, used 21401K [0x0000000601000000, 0x0000000800000000)
  region size 4096K, 3 young (12288K), 1 survivors (4096K)
 Metaspace       used 15486K, capacity 15697K, committed 16000K, reserved 1062912K
  class space    used 1486K, capacity 1560K, committed 1664K, reserved 1048576K
}
Event: 194.663 GC heap after
{Heap after GC invocations=1012 (full 0):
 garbage-first heap   total 303104K, used 5018K [0x0000000601000000, 0x0000000800000000)
  region size 4096K, 1 young (4096K), 1 survivors (4096K)
 Metaspace       used 15486K, capacity 15697K, committed 16000K, reserved 1062912K
  class space    used 1486K, capacity 1560K, committed 1664K, reserved 1048576K
}
Event: 194.730 GC heap before
{Heap before GC invocations=1013 (full 0):
 garbage-first heap   total 303104K, used 21402K [0x0000000601000000, 0x0000000800000000)
  region size 4096K, 3 young (12288K), 1 survivors (4096K)
 Metaspace       used 15486K, capacity 15697K, committed 16000K, reserved 1062912K
  class space    used 1486K, capacity 1560K, committed 1664K, reserved 1048576K
}
Event: 194.734 GC heap after
{Heap after GC invocations=1014 (full 0):
 garbage-first heap   total 663552K, used 5018K [0x0000000601000000, 0x0000000800000000)
  region size 4096K, 1 young (4096K), 1 survivors (4096K)
 Metaspace       used 15486K, capacity 15697K, committed 16000K, reserved 1062912K
  class space    used 1486K, capacity 1560K, committed 1664K, reserved 1048576K
}
Event: 200.649 GC heap before
{Heap before GC invocations=1014 (full 0):
 garbage-first heap   total 663552K, used 492442K [0x0000000601000000, 0x0000000800000000)
  region size 4096K, 50 young (204800K), 1 survivors (4096K)
 Metaspace       used 15486K, capacity 15697K, committed 16000K, reserved 1062912K
  class space    used 1486K, capacity 1560K, committed 1664K, reserved 1048576K
}
Event: 201.041 GC heap after
{Heap after GC invocations=1015 (full 0):
 garbage-first heap   total 663552K, used 6225K [0x0000000601000000, 0x0000000800000000)
  region size 4096K, 1 young (4096K), 1 survivors (4096K)
 Metaspace       used 15486K, capacity 15697K, committed 16000K, reserved 1062912K
  class space    used 1486K, capacity 1560K, committed 1664K, reserved 1048576K
}
Event: 204.816 GC heap before
{Heap before GC invocations=1016 (full 0):
 garbage-first heap   total 589824K, used 436305K [0x0000000601000000, 0x0000000800000000)
  region size 4096K, 44 young (180224K), 1 survivors (4096K)
 Metaspace       used 15486K, capacity 15697K, committed 16000K, reserved 1062912K
  class space    used 1486K, capacity 1560K, committed 1664K, reserved 1048576K
}
Event: 205.791 GC heap after
{Heap after GC invocations=1017 (full 0):
 garbage-first heap   total 589824K, used 7436K [0x0000000601000000, 0x0000000800000000)
  region size 4096K, 1 young (4096K), 1 survivors (4096K)
 Metaspace       used 15486K, capacity 15697K, committed 16000K, reserved 1062912K
  class space    used 1486K, capacity 1560K, committed 1664K, reserved 1048576K
}
Event: 206.779 GC heap before
{Heap before GC invocations=1017 (full 0):
 garbage-first heap   total 589824K, used 64780K [0x0000000601000000, 0x0000000800000000)
  region size 4096K, 7 young (28672K), 1 survivors (4096K)
 Metaspace       used 15486K, capacity 15697K, committed 16000K, reserved 1062912K
  class space    used 1486K, capacity 1560K, committed 1664K, reserved 1048576K
}
Event: 206.783 GC heap after
{Heap after GC invocations=1018 (full 0):
 garbage-first heap   total 589824K, used 5024K [0x0000000601000000, 0x0000000800000000)
  region size 4096K, 1 young (4096K), 1 survivors (4096K)
 Metaspace       used 15486K, capacity 15697K, committed 16000K, reserved 1062912K
  class space    used 1486K, capacity 1560K, committed 1664K, reserved 1048576K
}
Event: 208.815 GC heap before
{Heap before GC invocations=1019 (full 0):
 garbage-first heap   total 589824K, used 492448K [0x0000000601000000, 0x0000000800000000)
  region size 4096K, 50 young (204800K), 1 survivors (4096K)
 Metaspace       used 15486K, capacity 15697K, committed 16000K, reserved 1062912K
  class space    used 1486K, capacity 1560K, committed 1664K, reserved 1048576K
}
Event: 208.894 GC heap after
{Heap after GC invocations=1020 (full 0):
 garbage-first heap   total 589824K, used 6238K [0x0000000601000000, 0x0000000800000000)
  region size 4096K, 1 young (4096K), 1 survivors (4096K)
 Metaspace       used 15486K, capacity 15697K, committed 16000K, reserved 1062912K
  class space    used 1486K, capacity 1560K, committed 1664K, reserved 1048576K
}
Event: 211.102 GC heap before
{Heap before GC invocations=1021 (full 0):
 garbage-first heap   total 573440K, used 424030K [0x0000000601000000, 0x0000000800000000)
  region size 4096K, 43 young (176128K), 1 survivors (4096K)
 Metaspace       used 15486K, capacity 15697K, committed 16000K, reserved 1062912K
  class space    used 1486K, capacity 1560K, committed 1664K, reserved 1048576K
}
Event: 211.280 GC heap after
{Heap after GC invocations=1022 (full 0):
 garbage-first heap   total 573440K, used 6243K [0x0000000601000000, 0x0000000800000000)
  region size 4096K, 1 young (4096K), 1 survivors (4096K)
 Metaspace       used 15486K, capacity 15697K, committed 16000K, reserved 1062912K
  class space    used 1486K, capacity 1560K, committed 1664K, reserved 1048576K
}
Event: 215.043 GC heap before
{Heap before GC invocations=1023 (full 0):
 garbage-first heap   total 466944K, used 342115K [0x0000000601000000, 0x0000000800000000)
  region size 4096K, 35 young (143360K), 1 survivors (4096K)
 Metaspace       used 15486K, capacity 15697K, committed 16000K, reserved 1062912K
  class space    used 1486K, capacity 1560K, committed 1664K, reserved 1048576K
}

Deoptimization events (20 events):
Event: 8.576 Thread 0x000002a88d16da00 DEOPT PACKING pc=0x000002a89130db7b sp=0x000000d6702fd900
Event: 8.576 Thread 0x000002a88d16da00 DEOPT UNPACKING pc=0x000002a890bce23f sp=0x000000d6702fcd70 mode 0
Event: 9.621 Thread 0x000002a88d16da00 DEOPT PACKING pc=0x000002a891424fcf sp=0x000000d6702fc850
Event: 9.621 Thread 0x000002a88d16da00 DEOPT UNPACKING pc=0x000002a890bce23f sp=0x000000d6702fbcd0 mode 0
Event: 10.781 Thread 0x000002a88d16da00 Uncommon trap: trap_request=0xffffff45 fr.pc=0x000002a89874cfec relative=0x00000000000003cc
Event: 10.781 Thread 0x000002a88d16da00 Uncommon trap: reason=unstable_if action=reinterpret pc=0x000002a89874cfec method=java.lang.StringLatin1.canEncode(I)Z @ 4 c2
Event: 10.781 Thread 0x000002a88d16da00 DEOPT PACKING pc=0x000002a89874cfec sp=0x000000d6702fd0e0
Event: 10.781 Thread 0x000002a88d16da00 DEOPT UNPACKING pc=0x000002a890bce42f sp=0x000000d6702fd008 mode 2
Event: 10.781 Thread 0x000002a88d16da00 Uncommon trap: trap_request=0xffffff45 fr.pc=0x000002a89874c654 relative=0x00000000000003b4
Event: 10.781 Thread 0x000002a88d16da00 Uncommon trap: reason=unstable_if action=reinterpret pc=0x000002a89874c654 method=java.lang.AbstractStringBuilder.isLatin1()Z @ 10 c2
Event: 10.781 Thread 0x000002a88d16da00 DEOPT PACKING pc=0x000002a89874c654 sp=0x000000d6702fd0e0
Event: 10.781 Thread 0x000002a88d16da00 DEOPT UNPACKING pc=0x000002a890bce42f sp=0x000000d6702fd070 mode 2
Event: 10.782 Thread 0x000002a88d16da00 Uncommon trap: trap_request=0xffffff45 fr.pc=0x000002a89878b458 relative=0x0000000000000058
Event: 10.782 Thread 0x000002a88d16da00 Uncommon trap: reason=unstable_if action=reinterpret pc=0x000002a89878b458 method=java.lang.AbstractStringBuilder.isLatin1()Z @ 10 c2
Event: 10.782 Thread 0x000002a88d16da00 DEOPT PACKING pc=0x000002a89878b458 sp=0x000000d6702fd0d0
Event: 10.782 Thread 0x000002a88d16da00 DEOPT UNPACKING pc=0x000002a890bce42f sp=0x000000d6702fd060 mode 2
Event: 10.821 Thread 0x000002a88d16da00 Uncommon trap: trap_request=0xffffff45 fr.pc=0x000002a898727434 relative=0x0000000000000034
Event: 10.821 Thread 0x000002a88d16da00 Uncommon trap: reason=unstable_if action=reinterpret pc=0x000002a898727434 method=java.lang.StringLatin1.canEncode(I)Z @ 4 c2
Event: 10.821 Thread 0x000002a88d16da00 DEOPT PACKING pc=0x000002a898727434 sp=0x000000d6702fd070
Event: 10.821 Thread 0x000002a88d16da00 DEOPT UNPACKING pc=0x000002a890bce42f sp=0x000000d6702fd000 mode 2

Classes unloaded (0 events):
No events

Classes redefined (0 events):
No events

Internal exceptions (20 events):
Event: 6.859 Thread 0x000002a88d16da00 Exception <a 'java/lang/NoSuchMethodError'{0x00000006201490b8}: 'void java.lang.invoke.DirectMethodHandle$Holder.invokeInterface(java.lang.Object, java.lang.Object)'> (0x00000006201490b8) 
thrown [./open/src/hotspot/share/interpreter/linkResolver.cpp, line 782]
Event: 6.862 Thread 0x000002a88d16da00 Exception <a 'java/lang/IncompatibleClassChangeError'{0x000000062014c818}: Found class java.lang.Object, but interface was expected> (0x000000062014c818) 
thrown [./open/src/hotspot/share/interpreter/linkResolver.cpp, line 848]
Event: 7.121 Thread 0x000002a88d16da00 Exception <a 'java/lang/NoSuchMethodError'{0x00000006201da8c0}: 'java.lang.Object java.lang.invoke.DirectMethodHandle$Holder.invokeStaticInit(java.lang.Object, java.lang.Object, java.lang.Object)'> (0x00000006201da8c0) 
thrown [./open/src/hotspot/share/interpreter/linkResolver.cpp, line 782]
Event: 7.193 Thread 0x000002a88d16da00 Exception <a 'java/lang/NoSuchMethodError'{0x00000006201e2c80}: 'void java.lang.invoke.DirectMethodHandle$Holder.invokeStaticInit(java.lang.Object, java.lang.Object, java.lang.Object)'> (0x00000006201e2c80) 
thrown [./open/src/hotspot/share/interpreter/linkResolver.cpp, line 782]
Event: 7.436 Thread 0x000002a88d16da00 Exception <a 'java/lang/NoSuchMethodError'{0x00000006203648f0}: 'java.lang.Object java.lang.invoke.DirectMethodHandle$Holder.newInvokeSpecial(java.lang.Object, java.lang.Object, java.lang.Object, java.lang.Object, java.lang.Object)'> (0x00000006203648f0) 
thrown [./open/src/hotspot/share/interpreter/linkResolver.cpp, line 782]
Event: 7.706 Thread 0x000002a88d16da00 Exception <a 'java/lang/NoSuchMethodError'{0x000000061fc2c258}: 'void java.lang.invoke.DirectMethodHandle$Holder.invokeInterface(java.lang.Object, java.lang.Object, java.lang.Object)'> (0x000000061fc2c258) 
thrown [./open/src/hotspot/share/interpreter/linkResolver.cpp, line 782]
Event: 7.708 Thread 0x000002a88d16da00 Exception <a 'java/lang/IncompatibleClassChangeError'{0x000000061fc2f7f0}: Found class java.lang.Object, but interface was expected> (0x000000061fc2f7f0) 
thrown [./open/src/hotspot/share/interpreter/linkResolver.cpp, line 848]
Event: 8.572 Thread 0x000002a88d16da00 Exception <a 'java/lang/NoSuchMethodError'{0x000000061fe46d58}: 'java.lang.Object java.lang.invoke.DirectMethodHandle$Holder.invokeInterface(java.lang.Object, java.lang.Object)'> (0x000000061fe46d58) 
thrown [./open/src/hotspot/share/interpreter/linkResolver.cpp, line 782]
Event: 8.573 Thread 0x000002a88d16da00 Exception <a 'java/lang/IncompatibleClassChangeError'{0x000000061fe4a9f8}: Found class java.lang.Object, but interface was expected> (0x000000061fe4a9f8) 
thrown [./open/src/hotspot/share/interpreter/linkResolver.cpp, line 848]
Event: 8.840 Thread 0x000002a88d16da00 Exception <a 'java/lang/NoSuchMethodError'{0x000000061ff45c10}: 'java.lang.Object java.lang.invoke.DirectMethodHandle$Holder.invokeSpecialIFC(java.lang.Object, java.lang.Object, java.lang.Object, java.lang.Object)'> (0x000000061ff45c10) 
thrown [./open/src/hotspot/share/interpreter/linkResolver.cpp, line 782]
Event: 8.952 Thread 0x000002a88d16da00 Exception <a 'java/lang/NoSuchMethodError'{0x000000061ff94118}: 'java.lang.Object java.lang.invoke.DirectMethodHandle$Holder.invokeStatic(java.lang.Object, java.lang.Object, int)'> (0x000000061ff94118) 
thrown [./open/src/hotspot/share/interpreter/linkResolver.cpp, line 782]
Event: 9.050 Thread 0x000002a88d16da00 Exception <a 'java/lang/NoSuchMethodError'{0x000000061ffbbb68}: 'int java.lang.invoke.DirectMethodHandle$Holder.invokeStatic(java.lang.Object, java.lang.Object, java.lang.Object, java.lang.Object)'> (0x000000061ffbbb68) 
thrown [./open/src/hotspot/share/interpreter/linkResolver.cpp, line 782]
Event: 9.137 Thread 0x000002a88d16da00 Exception <a 'java/lang/NoSuchMethodError'{0x000000061ffddf70}: 'void java.lang.invoke.DirectMethodHandle$Holder.invokeSpecial(java.lang.Object, java.lang.Object, java.lang.Object, java.lang.Object, java.lang.Object)'> (0x000000061ffddf70) 
thrown [./open/src/hotspot/share/interpreter/linkResolver.cpp, line 782]
Event: 9.223 Thread 0x000002a88d16da00 Exception <a 'java/lang/NoSuchMethodError'{0x000000061f831dc0}: 'java.lang.Object java.lang.invoke.DirectMethodHandle$Holder.invokeVirtual(java.lang.Object, java.lang.Object, java.lang.Object)'> (0x000000061f831dc0) 
thrown [./open/src/hotspot/share/interpreter/linkResolver.cpp, line 782]
Event: 9.365 Thread 0x000002a88d16da00 Exception <a 'java/lang/NoSuchMethodError'{0x000000061f873660}: 'void java.lang.invoke.DirectMethodHandle$Holder.invokeInterface(java.lang.Object, java.lang.Object, java.lang.Object, java.lang.Object)'> (0x000000061f873660) 
thrown [./open/src/hotspot/share/interpreter/linkResolver.cpp, line 782]
Event: 9.381 Thread 0x000002a88d16da00 Exception <a 'java/lang/IncompatibleClassChangeError'{0x000000061f877188}: Found class java.lang.Object, but interface was expected> (0x000000061f877188) 
thrown [./open/src/hotspot/share/interpreter/linkResolver.cpp, line 848]
Event: 9.435 Thread 0x000002a88d16da00 Exception <a 'java/lang/NoSuchMethodError'{0x000000061f890a50}: 'void java.lang.invoke.DirectMethodHandle$Holder.invokeStatic(java.lang.Object, java.lang.Object, java.lang.Object, java.lang.Object)'> (0x000000061f890a50) 
thrown [./open/src/hotspot/share/interpreter/linkResolver.cpp, line 782]
Event: 9.517 Thread 0x000002a88d16da00 Exception <a 'java/lang/NoSuchMethodError'{0x000000061f8f2e48}: 'java.lang.Object java.lang.invoke.Invokers$Holder.invokeExact_MT(java.lang.Object, java.lang.Object, java.lang.Object, java.lang.Object, java.lang.Object, java.lang.Object)'> (0x000000061f8f2e48) 
thrown [./open/src/hotspot/share/interpreter/linkResolver.cpp, line 782]
Event: 9.523 Thread 0x000002a88d16da00 Exception <a 'java/lang/NoSuchMethodError'{0x000000061f903870}: 'int java.lang.invoke.DirectMethodHandle$Holder.invokeStatic(java.lang.Object, java.lang.Object, java.lang.Object, java.lang.Object, java.lang.Object)'> (0x000000061f903870) 
thrown [./open/src/hotspot/share/interpreter/linkResolver.cpp, line 782]
Event: 10.427 Thread 0x000002a88d16da00 Exception <a 'java/lang/NoSuchMethodError'{0x000000061fb6e388}: 'int java.lang.invoke.DirectMethodHandle$Holder.invokeSpecial(java.lang.Object, java.lang.Object, java.lang.Object, java.lang.Object)'> (0x000000061fb6e388) 
thrown [./open/src/hotspot/share/interpreter/linkResolver.cpp, line 782]

Events (20 events):
Event: 205.795 Executing VM operation: G1TryInitiateConcMark done
Event: 206.547 Executing VM operation: G1CollectForAllocation
Event: 206.783 Executing VM operation: G1CollectForAllocation done
Event: 207.855 Executing VM operation: G1Concurrent
Event: 207.967 Executing VM operation: G1Concurrent done
Event: 208.630 Executing VM operation: G1Concurrent
Event: 208.657 Executing VM operation: G1Concurrent done
Event: 208.815 Executing VM operation: G1TryInitiateConcMark
Event: 208.894 Executing VM operation: G1TryInitiateConcMark done
Event: 209.210 Executing VM operation: G1Concurrent
Event: 209.919 Executing VM operation: G1Concurrent done
Event: 210.336 Executing VM operation: G1Concurrent
Event: 210.342 Executing VM operation: G1Concurrent done
Event: 211.091 Executing VM operation: G1TryInitiateConcMark
Event: 211.280 Executing VM operation: G1TryInitiateConcMark done
Event: 211.904 Executing VM operation: G1Concurrent
Event: 213.015 Executing VM operation: G1Concurrent done
Event: 213.704 Executing VM operation: G1Concurrent
Event: 213.735 Executing VM operation: G1Concurrent done
Event: 215.042 Executing VM operation: G1TryInitiateConcMark


Dynamic libraries:
0x00007ff623e60000 - 0x00007ff623e6d000 	C:\Users\Astrid\.p2\pool\plugins\org.eclipse.justj.openjdk.hotspot.jre.full.win32.x86_64_15.0.2.v20210201-0955\jre\bin\javaw.exe
0x00007ff9f53d0000 - 0x00007ff9f55c5000 	C:\WINDOWS\SYSTEM32\ntdll.dll
0x00007ff9f4f60000 - 0x00007ff9f501d000 	C:\WINDOWS\System32\KERNEL32.DLL
0x00007ff9f2dd0000 - 0x00007ff9f3098000 	C:\WINDOWS\System32\KERNELBASE.dll
0x00007ff9b4ea0000 - 0x00007ff9b4f91000 	C:\Program Files\Bitdefender\Bitdefender Security\atcuf\265267619164186309\atcuf64.dll
0x00007ff9f3280000 - 0x00007ff9f3380000 	C:\WINDOWS\System32\ucrtbase.dll
0x00007ff9ee8c0000 - 0x00007ff9ee8d8000 	C:\Users\Astrid\.p2\pool\plugins\org.eclipse.justj.openjdk.hotspot.jre.full.win32.x86_64_15.0.2.v20210201-0955\jre\bin\jli.dll
0x00007ff9f4680000 - 0x00007ff9f4820000 	C:\WINDOWS\System32\USER32.dll
0x00007ff9f2b10000 - 0x00007ff9f2b32000 	C:\WINDOWS\System32\win32u.dll
0x00007ff9f4df0000 - 0x00007ff9f4e1a000 	C:\WINDOWS\System32\GDI32.dll
0x00007ff9f2b40000 - 0x00007ff9f2c4b000 	C:\WINDOWS\System32\gdi32full.dll
0x00007ff9f2d30000 - 0x00007ff9f2dcd000 	C:\WINDOWS\System32\msvcp_win.dll
0x00007ff9db4c0000 - 0x00007ff9db4d9000 	C:\Users\Astrid\.p2\pool\plugins\org.eclipse.justj.openjdk.hotspot.jre.full.win32.x86_64_15.0.2.v20210201-0955\jre\bin\VCRUNTIME140.dll
0x00007ff9d6a60000 - 0x00007ff9d6cfa000 	C:\WINDOWS\WinSxS\amd64_microsoft.windows.common-controls_6595b64144ccf1df_6.0.19041.844_none_ca00b6081b84eb1d\COMCTL32.dll
0x00007ff9f52f0000 - 0x00007ff9f538e000 	C:\WINDOWS\System32\msvcrt.dll
0x00007ff9f4dc0000 - 0x00007ff9f4df0000 	C:\WINDOWS\System32\IMM32.DLL
0x00007ff9e7520000 - 0x00007ff9e752c000 	C:\Users\Astrid\.p2\pool\plugins\org.eclipse.justj.openjdk.hotspot.jre.full.win32.x86_64_15.0.2.v20210201-0955\jre\bin\vcruntime140_1.dll
0x00007ff9db420000 - 0x00007ff9db4b1000 	C:\Users\Astrid\.p2\pool\plugins\org.eclipse.justj.openjdk.hotspot.jre.full.win32.x86_64_15.0.2.v20210201-0955\jre\bin\msvcp140.dll
0x00007ff958a70000 - 0x00007ff9595ce000 	C:\Users\Astrid\.p2\pool\plugins\org.eclipse.justj.openjdk.hotspot.jre.full.win32.x86_64_15.0.2.v20210201-0955\jre\bin\server\jvm.dll
0x00007ff9f3fd0000 - 0x00007ff9f407c000 	C:\WINDOWS\System32\ADVAPI32.dll
0x00007ff9f5020000 - 0x00007ff9f50bb000 	C:\WINDOWS\System32\sechost.dll
0x00007ff9f4080000 - 0x00007ff9f41ab000 	C:\WINDOWS\System32\RPCRT4.dll
0x00007ff9f3f00000 - 0x00007ff9f3f08000 	C:\WINDOWS\System32\PSAPI.DLL
0x00007ff9b0a80000 - 0x00007ff9b0a89000 	C:\WINDOWS\SYSTEM32\WSOCK32.dll
0x00007ff9f4ef0000 - 0x00007ff9f4f5b000 	C:\WINDOWS\System32\WS2_32.dll
0x00007ff9ed0d0000 - 0x00007ff9ed0f7000 	C:\WINDOWS\SYSTEM32\WINMM.dll
0x00007ff9ecd10000 - 0x00007ff9ecd1a000 	C:\WINDOWS\SYSTEM32\VERSION.dll
0x00007ff9f0ab0000 - 0x00007ff9f0ac2000 	C:\WINDOWS\SYSTEM32\kernel.appcore.dll
0x00007ff9d85e0000 - 0x00007ff9d85ea000 	C:\Users\Astrid\.p2\pool\plugins\org.eclipse.justj.openjdk.hotspot.jre.full.win32.x86_64_15.0.2.v20210201-0955\jre\bin\jimage.dll
0x00007ff9f01a0000 - 0x00007ff9f0384000 	C:\WINDOWS\SYSTEM32\DBGHELP.DLL
0x00007ff9d4d90000 - 0x00007ff9d4dbc000 	C:\WINDOWS\SYSTEM32\dbgcore.DLL
0x00007ff9f3200000 - 0x00007ff9f3280000 	C:\WINDOWS\System32\bcryptPrimitives.dll
0x00007ff9d2cc0000 - 0x00007ff9d2ce5000 	C:\Users\Astrid\.p2\pool\plugins\org.eclipse.justj.openjdk.hotspot.jre.full.win32.x86_64_15.0.2.v20210201-0955\jre\bin\java.dll
0x00007ff9d85c0000 - 0x00007ff9d85d8000 	C:\Users\Astrid\.p2\pool\plugins\org.eclipse.justj.openjdk.hotspot.jre.full.win32.x86_64_15.0.2.v20210201-0955\jre\bin\zip.dll
0x00007ff9f3600000 - 0x00007ff9f3d42000 	C:\WINDOWS\System32\SHELL32.dll
0x00007ff9f0c20000 - 0x00007ff9f13b0000 	C:\WINDOWS\SYSTEM32\windows.storage.dll
0x00007ff9f4820000 - 0x00007ff9f4b75000 	C:\WINDOWS\System32\combase.dll
0x00007ff9f24b0000 - 0x00007ff9f24dc000 	C:\WINDOWS\SYSTEM32\Wldp.dll
0x00007ff9f4d10000 - 0x00007ff9f4dbe000 	C:\WINDOWS\System32\SHCORE.dll
0x00007ff9f4620000 - 0x00007ff9f4675000 	C:\WINDOWS\System32\shlwapi.dll
0x00007ff9f2a50000 - 0x00007ff9f2a6f000 	C:\WINDOWS\SYSTEM32\profapi.dll
0x00007ff9d2040000 - 0x00007ff9d2059000 	C:\Users\Astrid\.p2\pool\plugins\org.eclipse.justj.openjdk.hotspot.jre.full.win32.x86_64_15.0.2.v20210201-0955\jre\bin\net.dll
0x00007ff9eb470000 - 0x00007ff9eb57b000 	C:\WINDOWS\SYSTEM32\WINHTTP.dll
0x00007ff9f2290000 - 0x00007ff9f22fa000 	C:\WINDOWS\system32\mswsock.dll
0x00007ff9d1f50000 - 0x00007ff9d1f62000 	C:\Users\Astrid\.p2\pool\plugins\org.eclipse.justj.openjdk.hotspot.jre.full.win32.x86_64_15.0.2.v20210201-0955\jre\bin\nio.dll
0x00007ff9d2cb0000 - 0x00007ff9d2cc0000 	C:\Users\Astrid\.p2\pool\plugins\org.eclipse.justj.openjdk.hotspot.jre.full.win32.x86_64_15.0.2.v20210201-0955\jre\bin\verify.dll
0x00007ff9f1f50000 - 0x00007ff9f1f8b000 	C:\WINDOWS\SYSTEM32\IPHLPAPI.DLL
0x00007ff9f4cf0000 - 0x00007ff9f4cf8000 	C:\WINDOWS\System32\NSI.dll
0x00007ff9ec760000 - 0x00007ff9ec777000 	C:\WINDOWS\SYSTEM32\dhcpcsvc6.DLL
0x00007ff9ec740000 - 0x00007ff9ec75d000 	C:\WINDOWS\SYSTEM32\dhcpcsvc.DLL
0x00007ff9f1fa0000 - 0x00007ff9f206c000 	C:\WINDOWS\SYSTEM32\DNSAPI.dll

dbghelp: loaded successfully - version: 4.0.5 - missing functions: none
symbol engine: initialized successfully - sym options: 0x614 - pdb path: .;C:\Users\Astrid\.p2\pool\plugins\org.eclipse.justj.openjdk.hotspot.jre.full.win32.x86_64_15.0.2.v20210201-0955\jre\bin;C:\WINDOWS\SYSTEM32;C:\Program Files\Bitdefender\Bitdefender Security\atcuf\265267619164186309;C:\WINDOWS\WinSxS\amd64_microsoft.windows.common-controls_6595b64144ccf1df_6.0.19041.844_none_ca00b6081b84eb1d;C:\Users\Astrid\.p2\pool\plugins\org.eclipse.justj.openjdk.hotspot.jre.full.win32.x86_64_15.0.2.v20210201-0955\jre\bin\server

VM Arguments:
jvm_args: -ea -Dfile.encoding=Cp1252 -XX:+ShowCodeDetailsInExceptionMessages 
java_command: org.eclipse.jdt.internal.junit.runner.RemoteTestRunner -version 3 -port 56833 -testLoaderClass org.eclipse.jdt.internal.junit5.runner.JUnit5TestLoader -loaderpluginname org.eclipse.jdt.junit5.runtime -classNames Testing.GameListTest
java_class_path (initial): C:\Users\Astrid\Desktop\DSE_Assignment2\out\production\DS_2016_Assignment2;C:\Users\Astrid\.p2\pool\plugins\org.junit.jupiter.api_5.7.1.v20210222-1948.jar;C:\Users\Astrid\.p2\pool\plugins\org.junit.jupiter.engine_5.7.1.v20210222-1948.jar;C:\Users\Astrid\.p2\pool\plugins\org.junit.jupiter.migrationsupport_5.7.1.v20210222-1948.jar;C:\Users\Astrid\.p2\pool\plugins\org.junit.jupiter.params_5.7.1.v20210222-1948.jar;C:\Users\Astrid\.p2\pool\plugins\org.junit.platform.commons_1.7.1.v20210222-1948.jar;C:\Users\Astrid\.p2\pool\plugins\org.junit.platform.engine_1.7.1.v20210222-1948.jar;C:\Users\Astrid\.p2\pool\plugins\org.junit.platform.launcher_1.7.1.v20210222-1948.jar;C:\Users\Astrid\.p2\pool\plugins\org.junit.platform.runner_1.7.1.v20210222-1948.jar;C:\Users\Astrid\.p2\pool\plugins\org.junit.platform.suite.api_1.7.1.v20210222-1948.jar;C:\Users\Astrid\.p2\pool\plugins\org.junit.vintage.engine_5.7.1.v20210222-1948.jar;C:\Users\Astrid\.p2\pool\plugins\org.opentest4j_1.2.0.v20190826-0900.jar;C:\Users\Astrid\.p2\pool\plugins\org.apiguardian_1.1.0.v20190826-0900.jar;C:\Users\Astrid\.p2\pool\plugins\org.junit_4.13.0.v20200204-1500.jar;C:\Users\Astrid\.p2\pool\plugins\org.hamcrest.core_1.3.0.v20180420-1519.jar;C:\Users\Astrid\eclipse\java-2021-03\eclipse\configuration\org.eclipse.osgi\221\0\.cp;C:\Users\Astrid\eclipse\java-2021-03\eclipse\configuration\org.eclipse.osgi\219\0\.cp
Launcher Type: SUN_STANDARD

[Global flags]
     intx CICompilerCount                          = 12                                        {product} {ergonomic}
     uint ConcGCThreads                            = 3                                         {product} {ergonomic}
     uint G1ConcRefinementThreads                  = 13                                        {product} {ergonomic}
   size_t G1HeapRegionSize                         = 4194304                                   {product} {ergonomic}
    uintx GCDrainStackTargetSize                   = 64                                        {product} {ergonomic}
   size_t InitialHeapSize                          = 536870912                                 {product} {ergonomic}
   size_t MarkStackSize                            = 4194304                                   {product} {ergonomic}
   size_t MaxHeapSize                              = 8573157376                                {product} {ergonomic}
   size_t MaxNewSize                               = 5142216704                                {product} {ergonomic}
   size_t MinHeapDeltaBytes                        = 4194304                                   {product} {ergonomic}
   size_t MinHeapSize                              = 8388608                                   {product} {ergonomic}
    uintx NonNMethodCodeHeapSize                   = 7602480                                {pd product} {ergonomic}
    uintx NonProfiledCodeHeapSize                  = 122027880                              {pd product} {ergonomic}
    uintx ProfiledCodeHeapSize                     = 122027880                              {pd product} {ergonomic}
    uintx ReservedCodeCacheSize                    = 251658240                              {pd product} {ergonomic}
     bool SegmentedCodeCache                       = true                                      {product} {ergonomic}
     bool ShowCodeDetailsInExceptionMessages       = true                                   {manageable} {command line}
   size_t SoftMaxHeapSize                          = 8573157376                             {manageable} {ergonomic}
     bool UseCompressedClassPointers               = true                                 {lp64_product} {ergonomic}
     bool UseCompressedOops                        = true                                 {lp64_product} {ergonomic}
     bool UseG1GC                                  = true                                      {product} {ergonomic}
     bool UseLargePagesIndividualAllocation        = false                                  {pd product} {ergonomic}

Logging:
Log output configuration:
 #0: stdout all=warning uptime,level,tags
 #1: stderr all=off uptime,level,tags

Environment Variables:
JAVA_HOME=C:\Program Files\Android\Jdk\microsoft_dist_openjdk_1.8.0.25
PATH=C:/Users/Astrid/.p2/pool/plugins/org.eclipse.justj.openjdk.hotspot.jre.full.win32.x86_64_15.0.2.v20210201-0955/jre/bin/server;C:/Users/Astrid/.p2/pool/plugins/org.eclipse.justj.openjdk.hotspot.jre.full.win32.x86_64_15.0.2.v20210201-0955/jre/bin;C:\Program Files (x86)\Rockwell Software\RSCommon;C:\Program Files\Microsoft MPI\Bin\;C:\Program Files (x86)\Microsoft SDKs\Azure\CLI2\wbin;C:\Program Files (x86)\Common Files\Oracle\Java\javapath;C:\Windows\system32;C:\Windows;C:\Windows\System32\Wbem;C:\Windows\System32\WindowsPowerShell\v1.0\;C:\Windows\System32\OpenSSH\;C:\Program Files\NVIDIA Corporation\NVIDIA NvDLISR;C:\Program Files (x86)\NVIDIA Corporation\PhysX\Common;c:\Program Files (x86)\Microsoft SQL Server\110\Tools\Binn\;c:\Program Files\Microsoft SQL Server\110\Tools\Binn\;c:\Program Files\Microsoft SQL Server\110\DTS\Binn\;c:\Program Files (x86)\Microsoft SQL Server\110\Tools\Binn\ManagementStudio\;c:\Program Files (x86)\Microsoft SQL Server\110\DTS\Binn\;C:\Program Files\Microsoft VS Code\bin;C:\Program Files\Git\cmd;C:\Program Files\nodejs\;C:\ProgramData\chocolatey\bin;C:\Program Files\dotnet\;C:\Program Files\Microsoft SQL Server\130\Tools\Binn\;C:\Program Files\Microsoft SQL Server\Client SDK\ODBC\170\Tools\Binn\;C:\Program Files (x86)\Microsoft SQL Server\150\Tools\Binn\;C:\Program Files\Microsoft SQL Server\150\Tools\Binn\;C:\Program Files\Microsoft SQL Server\150\DTS\Binn\;C:\Program Files\MongoDB\Server\4.2\bin;C:\Program Files (x86)\Common Files\Rockwell\;C:\WINDOWS\system32;C:\WINDOWS;C:\WINDOWS\System32\Wbem;C:\WINDOWS\System32\WindowsPowerShell\v1.0\;C:\WINDOWS\System32\OpenSSH\;C:\Program Files (x86)\IncrediBuild;C:\Program Files\Docker\Docker\resources\bin;C:\ProgramData\DockerDesktop\version-bin;C:\Program Files (x86)\dotnet\;C:\Program Files (x86)\Microsoft SQL Server\150\DTS\Binn\;C:\Program Files\Azure Data Studio\bin;C:\Program Files\TortoiseGit\bin;C:\Program Files\MySQL\MySQL Shell 8.0\bin\;C:\Users\Astrid\AppData\Local\Microsoft\Wind
USERNAME=Astrid
OS=Windows_NT
PROCESSOR_IDENTIFIER=AMD64 Family 23 Model 113 Stepping 0, AuthenticAMD



---------------  S Y S T E M  ---------------

OS:
 Windows 10 , 64 bit Build 19041 (10.0.19041.928)
OS uptime: 4 days 9:58 hours
HyperV virtualization detected

CPU: total 16 (initial active 16) (16 cores per cpu, 2 threads per core) family 23 model 113 stepping 0 microcode 0x0, cmov, cx8, fxsr, mmx, sse, sse2, sse3, ssse3, sse4.1, sse4.2, popcnt, vzeroupper, avx, avx2, aes, clmul, 3dnowpref, lzcnt, sse4a, ht, tsc, tscinvbit, tscinv, bmi1, bmi2, adx, sha, fma, clflush, clflushopt

Memory: 4k page, system-wide physical 32699M (1M free)
TotalPageFile size 131003M (AvailPageFile size 172M)
current process WorkingSet (physical memory assigned to process): 1M, peak: 522M
current process commit charge ("private bytes"): 578M, peak: 1164M

vm_info: OpenJDK 64-Bit Server VM (15.0.2+7-27) for windows-amd64 JRE (15.0.2+7-27), built on Dec  7 2020 20:02:38 by "mach5one" with unknown MS VC++:1925

END.
